Tue Apr 19 05:45:17 EDT 2022
Get key round
    Get New Key from master
        Found ID: 6e27c504-665a-4f4c-9761-61f79ea04055
    Get Key with ID from slave
        Found Key: Zo870SsDV2FIN/mms1GfSg==
        Found ID: 6e27c504-665a-4f4c-9761-61f79ea04055
    Waiting 5 seconds for new request
Tue Apr 19 05:45:23 EDT 2022
Get key round
    Get New Key from master
        Found ID: 242331a2-e7d2-4c74-9e19-1f53c26aece2
    Get Key with ID from slave
        Found Key: Ys3InvVeCutMcLrnFCeRFg==
        Found ID: 242331a2-e7d2-4c74-9e19-1f53c26aece2
    Waiting 5 seconds for new request
Tue Apr 19 05:45:28 EDT 2022
Get key round
    Get New Key from master
        Found ID: 0bd76778-778b-4d1b-b9b5-1d7baae74050
    Get Key with ID from slave
        Found Key: 5OOsAyzNYeJzUvo3hvA+FA==
        Found ID: 0bd76778-778b-4d1b-b9b5-1d7baae74050
    Waiting 5 seconds for new request