[16:17:29] INFO     🧿 Starting the Envoy.                                                                                                           envoy.py:53
[16:17:32] INFO     Send report AcknowledgeShard                                                                                           director_client.py:56
           INFO     Shard accepted                                                                                                                  envoy.py:116
           INFO     Send WaitExperiment request                                                                                            director_client.py:72
           INFO     WaitExperiment response has received                                                                                   director_client.py:74
           INFO     The health check sender is started.                                                                                              envoy.py:87
[16:17:35] INFO     Request experiment mnist_experiment                                                                                    director_client.py:84
Requirement already satisfied: aiocache==0.11.1 in /opt/homebrew/Caskroom/miniforge/base/envs/openfl/lib/python3.8/site-packages (from -r /Users/gabrielemorello/PycharmProjects/Quantumacy1/openfl-develop/Chestscan/envoy_folder_2/mnist_experiment/requirements.txt (line 1)) (0.11.1)
Requirement already satisfied: aiomcache==0.7.0 in /opt/homebrew/Caskroom/miniforge/base/envs/openfl/lib/python3.8/site-packages (from -r /Users/gabrielemorello/PycharmProjects/Quantumacy1/openfl-develop/Chestscan/envoy_folder_2/mnist_experiment/requirements.txt (line 2)) (0.7.0)
Requirement already satisfied: aioredis==1.3.1 in /opt/homebrew/Caskroom/miniforge/base/envs/openfl/lib/python3.8/site-packages (from -r /Users/gabrielemorello/PycharmProjects/Quantumacy1/openfl-develop/Chestscan/envoy_folder_2/mnist_experiment/requirements.txt (line 3)) (1.3.1)
Requirement already satisfied: anyio==3.5.0 in /opt/homebrew/Caskroom/miniforge/base/envs/openfl/lib/python3.8/site-packages (from -r /Users/gabrielemorello/PycharmProjects/Quantumacy1/openfl-develop/Chestscan/envoy_folder_2/mnist_experiment/requirements.txt (line 4)) (3.5.0)
Requirement already satisfied: asgiref==3.5.0 in /opt/homebrew/Caskroom/miniforge/base/envs/openfl/lib/python3.8/site-packages (from -r /Users/gabrielemorello/PycharmProjects/Quantumacy1/openfl-develop/Chestscan/envoy_folder_2/mnist_experiment/requirements.txt (line 5)) (3.5.0)
Requirement already satisfied: astor==0.8.1 in /opt/homebrew/Caskroom/miniforge/base/envs/openfl/lib/python3.8/site-packages (from -r /Users/gabrielemorello/PycharmProjects/Quantumacy1/openfl-develop/Chestscan/envoy_folder_2/mnist_experiment/requirements.txt (line 6)) (0.8.1)
Requirement already satisfied: beautifulsoup4==4.10.0 in /opt/homebrew/Caskroom/miniforge/base/envs/openfl/lib/python3.8/site-packages (from -r /Users/gabrielemorello/PycharmProjects/Quantumacy1/openfl-develop/Chestscan/envoy_folder_2/mnist_experiment/requirements.txt (line 7)) (4.10.0)
Requirement already satisfied: blinker==1.4 in /opt/homebrew/Caskroom/miniforge/base/envs/openfl/lib/python3.8/site-packages (from -r /Users/gabrielemorello/PycharmProjects/Quantumacy1/openfl-develop/Chestscan/envoy_folder_2/mnist_experiment/requirements.txt (line 8)) (1.4)
Requirement already satisfied: certifi==2021.10.8 in /opt/homebrew/Caskroom/miniforge/base/envs/openfl/lib/python3.8/site-packages (from -r /Users/gabrielemorello/PycharmProjects/Quantumacy1/openfl-develop/Chestscan/envoy_folder_2/mnist_experiment/requirements.txt (line 9)) (2021.10.8)
Requirement already satisfied: commonmark==0.9.1 in /opt/homebrew/Caskroom/miniforge/base/envs/openfl/lib/python3.8/site-packages (from -r /Users/gabrielemorello/PycharmProjects/Quantumacy1/openfl-develop/Chestscan/envoy_folder_2/mnist_experiment/requirements.txt (line 10)) (0.9.1)
Requirement already satisfied: cycler==0.11.0 in /opt/homebrew/Caskroom/miniforge/base/envs/openfl/lib/python3.8/site-packages (from -r /Users/gabrielemorello/PycharmProjects/Quantumacy1/openfl-develop/Chestscan/envoy_folder_2/mnist_experiment/requirements.txt (line 11)) (0.11.0)
Requirement already satisfied: dill==0.3.4 in /opt/homebrew/Caskroom/miniforge/base/envs/openfl/lib/python3.8/site-packages (from -r /Users/gabrielemorello/PycharmProjects/Quantumacy1/openfl-develop/Chestscan/envoy_folder_2/mnist_experiment/requirements.txt (line 12)) (0.3.4)
Requirement already satisfied: dnspython==2.2.1 in /opt/homebrew/Caskroom/miniforge/base/envs/openfl/lib/python3.8/site-packages (from -r /Users/gabrielemorello/PycharmProjects/Quantumacy1/openfl-develop/Chestscan/envoy_folder_2/mnist_experiment/requirements.txt (line 13)) (2.2.1)
Requirement already satisfied: docker==5.0.3 in /opt/homebrew/Caskroom/miniforge/base/envs/openfl/lib/python3.8/site-packages (from -r /Users/gabrielemorello/PycharmProjects/Quantumacy1/openfl-develop/Chestscan/envoy_folder_2/mnist_experiment/requirements.txt (line 14)) (5.0.3)
Requirement already satisfied: email-validator==1.1.3 in /opt/homebrew/Caskroom/miniforge/base/envs/openfl/lib/python3.8/site-packages (from -r /Users/gabrielemorello/PycharmProjects/Quantumacy1/openfl-develop/Chestscan/envoy_folder_2/mnist_experiment/requirements.txt (line 15)) (1.1.3)
Requirement already satisfied: fastapi==0.75.0 in /opt/homebrew/Caskroom/miniforge/base/envs/openfl/lib/python3.8/site-packages (from -r /Users/gabrielemorello/PycharmProjects/Quantumacy1/openfl-develop/Chestscan/envoy_folder_2/mnist_experiment/requirements.txt (line 16)) (0.75.0)
Requirement already satisfied: filelock==3.4.2 in /opt/homebrew/Caskroom/miniforge/base/envs/openfl/lib/python3.8/site-packages (from -r /Users/gabrielemorello/PycharmProjects/Quantumacy1/openfl-develop/Chestscan/envoy_folder_2/mnist_experiment/requirements.txt (line 17)) (3.4.2)
Requirement already satisfied: flatten-json==0.1.13 in /opt/homebrew/Caskroom/miniforge/base/envs/openfl/lib/python3.8/site-packages (from -r /Users/gabrielemorello/PycharmProjects/Quantumacy1/openfl-develop/Chestscan/envoy_folder_2/mnist_experiment/requirements.txt (line 18)) (0.1.13)
Requirement already satisfied: fonttools==4.29.1 in /opt/homebrew/Caskroom/miniforge/base/envs/openfl/lib/python3.8/site-packages (from -r /Users/gabrielemorello/PycharmProjects/Quantumacy1/openfl-develop/Chestscan/envoy_folder_2/mnist_experiment/requirements.txt (line 19)) (4.29.1)
Requirement already satisfied: gdown==4.2.1 in /opt/homebrew/Caskroom/miniforge/base/envs/openfl/lib/python3.8/site-packages (from -r /Users/gabrielemorello/PycharmProjects/Quantumacy1/openfl-develop/Chestscan/envoy_folder_2/mnist_experiment/requirements.txt (line 20)) (4.2.1)
Requirement already satisfied: google-pasta==0.2.0 in /opt/homebrew/Caskroom/miniforge/base/envs/openfl/lib/python3.8/site-packages (from -r /Users/gabrielemorello/PycharmProjects/Quantumacy1/openfl-develop/Chestscan/envoy_folder_2/mnist_experiment/requirements.txt (line 21)) (0.2.0)
Requirement already satisfied: googleapis-common-protos==1.54.0 in /opt/homebrew/Caskroom/miniforge/base/envs/openfl/lib/python3.8/site-packages (from -r /Users/gabrielemorello/PycharmProjects/Quantumacy1/openfl-develop/Chestscan/envoy_folder_2/mnist_experiment/requirements.txt (line 22)) (1.54.0)
Requirement already satisfied: h11==0.13.0 in /opt/homebrew/Caskroom/miniforge/base/envs/openfl/lib/python3.8/site-packages (from -r /Users/gabrielemorello/PycharmProjects/Quantumacy1/openfl-develop/Chestscan/envoy_folder_2/mnist_experiment/requirements.txt (line 23)) (0.13.0)
Requirement already satisfied: hiredis==2.0.0 in /opt/homebrew/Caskroom/miniforge/base/envs/openfl/lib/python3.8/site-packages (from -r /Users/gabrielemorello/PycharmProjects/Quantumacy1/openfl-develop/Chestscan/envoy_folder_2/mnist_experiment/requirements.txt (line 24)) (2.0.0)
Requirement already satisfied: httptools==0.2.0 in /opt/homebrew/Caskroom/miniforge/base/envs/openfl/lib/python3.8/site-packages (from -r /Users/gabrielemorello/PycharmProjects/Quantumacy1/openfl-develop/Chestscan/envoy_folder_2/mnist_experiment/requirements.txt (line 25)) (0.2.0)
Requirement already satisfied: imageio==2.16.0 in /opt/homebrew/Caskroom/miniforge/base/envs/openfl/lib/python3.8/site-packages (from -r /Users/gabrielemorello/PycharmProjects/Quantumacy1/openfl-develop/Chestscan/envoy_folder_2/mnist_experiment/requirements.txt (line 26)) (2.16.0)
Requirement already satisfied: ipython-genutils==0.2.0 in /opt/homebrew/Caskroom/miniforge/base/envs/openfl/lib/python3.8/site-packages (from -r /Users/gabrielemorello/PycharmProjects/Quantumacy1/openfl-develop/Chestscan/envoy_folder_2/mnist_experiment/requirements.txt (line 27)) (0.2.0)
Requirement already satisfied: itsdangerous==2.1.2 in /opt/homebrew/Caskroom/miniforge/base/envs/openfl/lib/python3.8/site-packages (from -r /Users/gabrielemorello/PycharmProjects/Quantumacy1/openfl-develop/Chestscan/envoy_folder_2/mnist_experiment/requirements.txt (line 28)) (2.1.2)
Requirement already satisfied: keras==2.8.0 in /opt/homebrew/Caskroom/miniforge/base/envs/openfl/lib/python3.8/site-packages (from -r /Users/gabrielemorello/PycharmProjects/Quantumacy1/openfl-develop/Chestscan/envoy_folder_2/mnist_experiment/requirements.txt (line 29)) (2.8.0)
Requirement already satisfied: kiwisolver==1.3.2 in /opt/homebrew/Caskroom/miniforge/base/envs/openfl/lib/python3.8/site-packages (from -r /Users/gabrielemorello/PycharmProjects/Quantumacy1/openfl-develop/Chestscan/envoy_folder_2/mnist_experiment/requirements.txt (line 30)) (1.3.2)
Requirement already satisfied: libclang==13.0.0 in /opt/homebrew/Caskroom/miniforge/base/envs/openfl/lib/python3.8/site-packages (from -r /Users/gabrielemorello/PycharmProjects/Quantumacy1/openfl-develop/Chestscan/envoy_folder_2/mnist_experiment/requirements.txt (line 31)) (13.0.0)
Requirement already satisfied: matplotlib==3.5.1 in /opt/homebrew/Caskroom/miniforge/base/envs/openfl/lib/python3.8/site-packages (from -r /Users/gabrielemorello/PycharmProjects/Quantumacy1/openfl-develop/Chestscan/envoy_folder_2/mnist_experiment/requirements.txt (line 32)) (3.5.1)
Requirement already satisfied: msgpack==1.0.3 in /opt/homebrew/Caskroom/miniforge/base/envs/openfl/lib/python3.8/site-packages (from -r /Users/gabrielemorello/PycharmProjects/Quantumacy1/openfl-develop/Chestscan/envoy_folder_2/mnist_experiment/requirements.txt (line 33)) (1.0.3)
Requirement already satisfied: numpy==1.22.1 in /opt/homebrew/Caskroom/miniforge/base/envs/openfl/lib/python3.8/site-packages (from -r /Users/gabrielemorello/PycharmProjects/Quantumacy1/openfl-develop/Chestscan/envoy_folder_2/mnist_experiment/requirements.txt (line 34)) (1.22.1)
Requirement already satisfied: orjson==3.6.7 in /opt/homebrew/Caskroom/miniforge/base/envs/openfl/lib/python3.8/site-packages (from -r /Users/gabrielemorello/PycharmProjects/Quantumacy1/openfl-develop/Chestscan/envoy_folder_2/mnist_experiment/requirements.txt (line 35)) (3.6.7)
Requirement already satisfied: pandas==1.4.0 in /opt/homebrew/Caskroom/miniforge/base/envs/openfl/lib/python3.8/site-packages (from -r /Users/gabrielemorello/PycharmProjects/Quantumacy1/openfl-develop/Chestscan/envoy_folder_2/mnist_experiment/requirements.txt (line 36)) (1.4.0)
Requirement already satisfied: pandoc==2.0.1 in /opt/homebrew/Caskroom/miniforge/base/envs/openfl/lib/python3.8/site-packages (from -r /Users/gabrielemorello/PycharmProjects/Quantumacy1/openfl-develop/Chestscan/envoy_folder_2/mnist_experiment/requirements.txt (line 37)) (2.0.1)
Requirement already satisfied: Pillow==9.0.1 in /opt/homebrew/Caskroom/miniforge/base/envs/openfl/lib/python3.8/site-packages (from -r /Users/gabrielemorello/PycharmProjects/Quantumacy1/openfl-develop/Chestscan/envoy_folder_2/mnist_experiment/requirements.txt (line 38)) (9.0.1)
Requirement already satisfied: pip==22.0.3 in /opt/homebrew/Caskroom/miniforge/base/envs/openfl/lib/python3.8/site-packages (from -r /Users/gabrielemorello/PycharmProjects/Quantumacy1/openfl-develop/Chestscan/envoy_folder_2/mnist_experiment/requirements.txt (line 39)) (22.0.3)
Requirement already satisfied: plumbum==1.7.2 in /opt/homebrew/Caskroom/miniforge/base/envs/openfl/lib/python3.8/site-packages (from -r /Users/gabrielemorello/PycharmProjects/Quantumacy1/openfl-develop/Chestscan/envoy_folder_2/mnist_experiment/requirements.txt (line 40)) (1.7.2)
Requirement already satisfied: ply==3.11 in /opt/homebrew/Caskroom/miniforge/base/envs/openfl/lib/python3.8/site-packages (from -r /Users/gabrielemorello/PycharmProjects/Quantumacy1/openfl-develop/Chestscan/envoy_folder_2/mnist_experiment/requirements.txt (line 41)) (3.11)
Requirement already satisfied: promise==2.3 in /opt/homebrew/Caskroom/miniforge/base/envs/openfl/lib/python3.8/site-packages (from -r /Users/gabrielemorello/PycharmProjects/Quantumacy1/openfl-develop/Chestscan/envoy_folder_2/mnist_experiment/requirements.txt (line 42)) (2.3)
Requirement already satisfied: protobuf==3.19.4 in /opt/homebrew/Caskroom/miniforge/base/envs/openfl/lib/python3.8/site-packages (from -r /Users/gabrielemorello/PycharmProjects/Quantumacy1/openfl-develop/Chestscan/envoy_folder_2/mnist_experiment/requirements.txt (line 43)) (3.19.4)
Requirement already satisfied: pyarrow==6.0.1 in /opt/homebrew/Caskroom/miniforge/base/envs/openfl/lib/python3.8/site-packages (from -r /Users/gabrielemorello/PycharmProjects/Quantumacy1/openfl-develop/Chestscan/envoy_folder_2/mnist_experiment/requirements.txt (line 44)) (6.0.1)
Requirement already satisfied: pyasn1==0.4.8 in /opt/homebrew/Caskroom/miniforge/base/envs/openfl/lib/python3.8/site-packages (from -r /Users/gabrielemorello/PycharmProjects/Quantumacy1/openfl-develop/Chestscan/envoy_folder_2/mnist_experiment/requirements.txt (line 45)) (0.4.8)
Requirement already satisfied: pyasn1-modules==0.2.7 in /opt/homebrew/Caskroom/miniforge/base/envs/openfl/lib/python3.8/site-packages (from -r /Users/gabrielemorello/PycharmProjects/Quantumacy1/openfl-develop/Chestscan/envoy_folder_2/mnist_experiment/requirements.txt (line 46)) (0.2.7)
Requirement already satisfied: pydantic==1.9.0 in /opt/homebrew/Caskroom/miniforge/base/envs/openfl/lib/python3.8/site-packages (from -r /Users/gabrielemorello/PycharmProjects/Quantumacy1/openfl-develop/Chestscan/envoy_folder_2/mnist_experiment/requirements.txt (line 47)) (1.9.0)
Requirement already satisfied: python-dotenv==0.20.0 in /opt/homebrew/Caskroom/miniforge/base/envs/openfl/lib/python3.8/site-packages (from -r /Users/gabrielemorello/PycharmProjects/Quantumacy1/openfl-develop/Chestscan/envoy_folder_2/mnist_experiment/requirements.txt (line 48)) (0.20.0)
Requirement already satisfied: python-multipart==0.0.5 in /opt/homebrew/Caskroom/miniforge/base/envs/openfl/lib/python3.8/site-packages (from -r /Users/gabrielemorello/PycharmProjects/Quantumacy1/openfl-develop/Chestscan/envoy_folder_2/mnist_experiment/requirements.txt (line 49)) (0.0.5)
Requirement already satisfied: PyYAML==5.4.1 in /opt/homebrew/Caskroom/miniforge/base/envs/openfl/lib/python3.8/site-packages (from -r /Users/gabrielemorello/PycharmProjects/Quantumacy1/openfl-develop/Chestscan/envoy_folder_2/mnist_experiment/requirements.txt (line 50)) (5.4.1)
Requirement already satisfied: QKDSimkit==0.0.5 in /opt/homebrew/Caskroom/miniforge/base/envs/openfl/lib/python3.8/site-packages (from -r /Users/gabrielemorello/PycharmProjects/Quantumacy1/openfl-develop/Chestscan/envoy_folder_2/mnist_experiment/requirements.txt (line 51)) (0.0.5)
Requirement already satisfied: setuptools==60.7.1 in /opt/homebrew/Caskroom/miniforge/base/envs/openfl/lib/python3.8/site-packages (from -r /Users/gabrielemorello/PycharmProjects/Quantumacy1/openfl-develop/Chestscan/envoy_folder_2/mnist_experiment/requirements.txt (line 52)) (60.7.1)
Requirement already satisfied: sniffio==1.2.0 in /opt/homebrew/Caskroom/miniforge/base/envs/openfl/lib/python3.8/site-packages (from -r /Users/gabrielemorello/PycharmProjects/Quantumacy1/openfl-develop/Chestscan/envoy_folder_2/mnist_experiment/requirements.txt (line 53)) (1.2.0)
Requirement already satisfied: soupsieve==2.3.1 in /opt/homebrew/Caskroom/miniforge/base/envs/openfl/lib/python3.8/site-packages (from -r /Users/gabrielemorello/PycharmProjects/Quantumacy1/openfl-develop/Chestscan/envoy_folder_2/mnist_experiment/requirements.txt (line 54)) (2.3.1)
Requirement already satisfied: starlette==0.17.1 in /opt/homebrew/Caskroom/miniforge/base/envs/openfl/lib/python3.8/site-packages (from -r /Users/gabrielemorello/PycharmProjects/Quantumacy1/openfl-develop/Chestscan/envoy_folder_2/mnist_experiment/requirements.txt (line 55)) (0.17.1)
Requirement already satisfied: tensorboard==2.8.0 in /opt/homebrew/Caskroom/miniforge/base/envs/openfl/lib/python3.8/site-packages (from -r /Users/gabrielemorello/PycharmProjects/Quantumacy1/openfl-develop/Chestscan/envoy_folder_2/mnist_experiment/requirements.txt (line 56)) (2.8.0)
Requirement already satisfied: tensorflow-datasets==4.5.2 in /opt/homebrew/Caskroom/miniforge/base/envs/openfl/lib/python3.8/site-packages (from -r /Users/gabrielemorello/PycharmProjects/Quantumacy1/openfl-develop/Chestscan/envoy_folder_2/mnist_experiment/requirements.txt (line 57)) (4.5.2)
Requirement already satisfied: tensorflow-macos==2.8.0 in /opt/homebrew/Caskroom/miniforge/base/envs/openfl/lib/python3.8/site-packages (from -r /Users/gabrielemorello/PycharmProjects/Quantumacy1/openfl-develop/Chestscan/envoy_folder_2/mnist_experiment/requirements.txt (line 58)) (2.8.0)
Requirement already satisfied: tensorflow-metadata==1.6.0 in /opt/homebrew/Caskroom/miniforge/base/envs/openfl/lib/python3.8/site-packages (from -r /Users/gabrielemorello/PycharmProjects/Quantumacy1/openfl-develop/Chestscan/envoy_folder_2/mnist_experiment/requirements.txt (line 59)) (1.6.0)
Requirement already satisfied: tensorflow-metal==0.4.0 in /opt/homebrew/Caskroom/miniforge/base/envs/openfl/lib/python3.8/site-packages (from -r /Users/gabrielemorello/PycharmProjects/Quantumacy1/openfl-develop/Chestscan/envoy_folder_2/mnist_experiment/requirements.txt (line 60)) (0.4.0)
Requirement already satisfied: termcolor==1.1.0 in /opt/homebrew/Caskroom/miniforge/base/envs/openfl/lib/python3.8/site-packages (from -r /Users/gabrielemorello/PycharmProjects/Quantumacy1/openfl-develop/Chestscan/envoy_folder_2/mnist_experiment/requirements.txt (line 61)) (1.1.0)
Requirement already satisfied: tf-estimator-nightly==2.8.0.dev2021122109 in /opt/homebrew/Caskroom/miniforge/base/envs/openfl/lib/python3.8/site-packages (from -r /Users/gabrielemorello/PycharmProjects/Quantumacy1/openfl-develop/Chestscan/envoy_folder_2/mnist_experiment/requirements.txt (line 62)) (2.8.0.dev2021122109)
Requirement already satisfied: ujson==4.3.0 in /opt/homebrew/Caskroom/miniforge/base/envs/openfl/lib/python3.8/site-packages (from -r /Users/gabrielemorello/PycharmProjects/Quantumacy1/openfl-develop/Chestscan/envoy_folder_2/mnist_experiment/requirements.txt (line 63)) (4.3.0)
Requirement already satisfied: uvicorn==0.15.0 in /opt/homebrew/Caskroom/miniforge/base/envs/openfl/lib/python3.8/site-packages (from -r /Users/gabrielemorello/PycharmProjects/Quantumacy1/openfl-develop/Chestscan/envoy_folder_2/mnist_experiment/requirements.txt (line 64)) (0.15.0)
Requirement already satisfied: uvloop==0.16.0 in /opt/homebrew/Caskroom/miniforge/base/envs/openfl/lib/python3.8/site-packages (from -r /Users/gabrielemorello/PycharmProjects/Quantumacy1/openfl-develop/Chestscan/envoy_folder_2/mnist_experiment/requirements.txt (line 65)) (0.16.0)
Requirement already satisfied: watchgod==0.8.1 in /opt/homebrew/Caskroom/miniforge/base/envs/openfl/lib/python3.8/site-packages (from -r /Users/gabrielemorello/PycharmProjects/Quantumacy1/openfl-develop/Chestscan/envoy_folder_2/mnist_experiment/requirements.txt (line 66)) (0.8.1)
Requirement already satisfied: webencodings==0.5.1 in /opt/homebrew/Caskroom/miniforge/base/envs/openfl/lib/python3.8/site-packages (from -r /Users/gabrielemorello/PycharmProjects/Quantumacy1/openfl-develop/Chestscan/envoy_folder_2/mnist_experiment/requirements.txt (line 67)) (0.5.1)
Requirement already satisfied: websocket-client==1.2.3 in /opt/homebrew/Caskroom/miniforge/base/envs/openfl/lib/python3.8/site-packages (from -r /Users/gabrielemorello/PycharmProjects/Quantumacy1/openfl-develop/Chestscan/envoy_folder_2/mnist_experiment/requirements.txt (line 68)) (1.2.3)
Requirement already satisfied: websockets==10.2 in /opt/homebrew/Caskroom/miniforge/base/envs/openfl/lib/python3.8/site-packages (from -r /Users/gabrielemorello/PycharmProjects/Quantumacy1/openfl-develop/Chestscan/envoy_folder_2/mnist_experiment/requirements.txt (line 69)) (10.2)
Requirement already satisfied: wheel==0.37.1 in /opt/homebrew/Caskroom/miniforge/base/envs/openfl/lib/python3.8/site-packages (from -r /Users/gabrielemorello/PycharmProjects/Quantumacy1/openfl-develop/Chestscan/envoy_folder_2/mnist_experiment/requirements.txt (line 70)) (0.37.1)
Requirement already satisfied: async-timeout in /opt/homebrew/Caskroom/miniforge/base/envs/openfl/lib/python3.8/site-packages (from aioredis==1.3.1->-r /Users/gabrielemorello/PycharmProjects/Quantumacy1/openfl-develop/Chestscan/envoy_folder_2/mnist_experiment/requirements.txt (line 3)) (4.0.2)
Requirement already satisfied: idna>=2.8 in /opt/homebrew/Caskroom/miniforge/base/envs/openfl/lib/python3.8/site-packages (from anyio==3.5.0->-r /Users/gabrielemorello/PycharmProjects/Quantumacy1/openfl-develop/Chestscan/envoy_folder_2/mnist_experiment/requirements.txt (line 4)) (3.3)
Requirement already satisfied: requests!=2.18.0,>=2.14.2 in /opt/homebrew/Caskroom/miniforge/base/envs/openfl/lib/python3.8/site-packages (from docker==5.0.3->-r /Users/gabrielemorello/PycharmProjects/Quantumacy1/openfl-develop/Chestscan/envoy_folder_2/mnist_experiment/requirements.txt (line 14)) (2.27.1)
Requirement already satisfied: six in /opt/homebrew/Caskroom/miniforge/base/envs/openfl/lib/python3.8/site-packages (from flatten-json==0.1.13->-r /Users/gabrielemorello/PycharmProjects/Quantumacy1/openfl-develop/Chestscan/envoy_folder_2/mnist_experiment/requirements.txt (line 18)) (1.15.0)
Requirement already satisfied: tqdm in /opt/homebrew/Caskroom/miniforge/base/envs/openfl/lib/python3.8/site-packages (from gdown==4.2.1->-r /Users/gabrielemorello/PycharmProjects/Quantumacy1/openfl-develop/Chestscan/envoy_folder_2/mnist_experiment/requirements.txt (line 20)) (4.62.3)
Requirement already satisfied: python-dateutil>=2.7 in /opt/homebrew/Caskroom/miniforge/base/envs/openfl/lib/python3.8/site-packages (from matplotlib==3.5.1->-r /Users/gabrielemorello/PycharmProjects/Quantumacy1/openfl-develop/Chestscan/envoy_folder_2/mnist_experiment/requirements.txt (line 32)) (2.8.2)
Requirement already satisfied: packaging>=20.0 in /opt/homebrew/Caskroom/miniforge/base/envs/openfl/lib/python3.8/site-packages (from matplotlib==3.5.1->-r /Users/gabrielemorello/PycharmProjects/Quantumacy1/openfl-develop/Chestscan/envoy_folder_2/mnist_experiment/requirements.txt (line 32)) (21.3)
Requirement already satisfied: pyparsing>=2.2.1 in /opt/homebrew/Caskroom/miniforge/base/envs/openfl/lib/python3.8/site-packages (from matplotlib==3.5.1->-r /Users/gabrielemorello/PycharmProjects/Quantumacy1/openfl-develop/Chestscan/envoy_folder_2/mnist_experiment/requirements.txt (line 32)) (3.0.7)
Requirement already satisfied: pytz>=2020.1 in /opt/homebrew/Caskroom/miniforge/base/envs/openfl/lib/python3.8/site-packages (from pandas==1.4.0->-r /Users/gabrielemorello/PycharmProjects/Quantumacy1/openfl-develop/Chestscan/envoy_folder_2/mnist_experiment/requirements.txt (line 36)) (2021.3)
Requirement already satisfied: typing-extensions>=3.7.4.3 in /opt/homebrew/Caskroom/miniforge/base/envs/openfl/lib/python3.8/site-packages (from pydantic==1.9.0->-r /Users/gabrielemorello/PycharmProjects/Quantumacy1/openfl-develop/Chestscan/envoy_folder_2/mnist_experiment/requirements.txt (line 47)) (3.7.4.3)
Requirement already satisfied: cryptography in /opt/homebrew/Caskroom/miniforge/base/envs/openfl/lib/python3.8/site-packages (from QKDSimkit==0.0.5->-r /Users/gabrielemorello/PycharmProjects/Quantumacy1/openfl-develop/Chestscan/envoy_folder_2/mnist_experiment/requirements.txt (line 51)) (36.0.1)
Requirement already satisfied: markdown>=2.6.8 in /opt/homebrew/Caskroom/miniforge/base/envs/openfl/lib/python3.8/site-packages (from tensorboard==2.8.0->-r /Users/gabrielemorello/PycharmProjects/Quantumacy1/openfl-develop/Chestscan/envoy_folder_2/mnist_experiment/requirements.txt (line 56)) (3.3.6)
Requirement already satisfied: werkzeug>=0.11.15 in /opt/homebrew/Caskroom/miniforge/base/envs/openfl/lib/python3.8/site-packages (from tensorboard==2.8.0->-r /Users/gabrielemorello/PycharmProjects/Quantumacy1/openfl-develop/Chestscan/envoy_folder_2/mnist_experiment/requirements.txt (line 56)) (2.0.2)
Requirement already satisfied: grpcio>=1.24.3 in /opt/homebrew/Caskroom/miniforge/base/envs/openfl/lib/python3.8/site-packages (from tensorboard==2.8.0->-r /Users/gabrielemorello/PycharmProjects/Quantumacy1/openfl-develop/Chestscan/envoy_folder_2/mnist_experiment/requirements.txt (line 56)) (1.42.0)
Requirement already satisfied: tensorboard-data-server<0.7.0,>=0.6.0 in /opt/homebrew/Caskroom/miniforge/base/envs/openfl/lib/python3.8/site-packages (from tensorboard==2.8.0->-r /Users/gabrielemorello/PycharmProjects/Quantumacy1/openfl-develop/Chestscan/envoy_folder_2/mnist_experiment/requirements.txt (line 56)) (0.6.0)
Requirement already satisfied: absl-py>=0.4 in /opt/homebrew/Caskroom/miniforge/base/envs/openfl/lib/python3.8/site-packages (from tensorboard==2.8.0->-r /Users/gabrielemorello/PycharmProjects/Quantumacy1/openfl-develop/Chestscan/envoy_folder_2/mnist_experiment/requirements.txt (line 56)) (0.15.0)
Requirement already satisfied: tensorboard-plugin-wit>=1.6.0 in /opt/homebrew/Caskroom/miniforge/base/envs/openfl/lib/python3.8/site-packages (from tensorboard==2.8.0->-r /Users/gabrielemorello/PycharmProjects/Quantumacy1/openfl-develop/Chestscan/envoy_folder_2/mnist_experiment/requirements.txt (line 56)) (1.8.1)
Requirement already satisfied: google-auth-oauthlib<0.5,>=0.4.1 in /opt/homebrew/Caskroom/miniforge/base/envs/openfl/lib/python3.8/site-packages (from tensorboard==2.8.0->-r /Users/gabrielemorello/PycharmProjects/Quantumacy1/openfl-develop/Chestscan/envoy_folder_2/mnist_experiment/requirements.txt (line 56)) (0.4.6)
Requirement already satisfied: google-auth<3,>=1.6.3 in /opt/homebrew/Caskroom/miniforge/base/envs/openfl/lib/python3.8/site-packages (from tensorboard==2.8.0->-r /Users/gabrielemorello/PycharmProjects/Quantumacy1/openfl-develop/Chestscan/envoy_folder_2/mnist_experiment/requirements.txt (line 56)) (1.35.0)
Requirement already satisfied: importlib-resources in /opt/homebrew/Caskroom/miniforge/base/envs/openfl/lib/python3.8/site-packages (from tensorflow-datasets==4.5.2->-r /Users/gabrielemorello/PycharmProjects/Quantumacy1/openfl-develop/Chestscan/envoy_folder_2/mnist_experiment/requirements.txt (line 57)) (5.4.0)
Requirement already satisfied: h5py>=2.9.0 in /opt/homebrew/Caskroom/miniforge/base/envs/openfl/lib/python3.8/site-packages (from tensorflow-macos==2.8.0->-r /Users/gabrielemorello/PycharmProjects/Quantumacy1/openfl-develop/Chestscan/envoy_folder_2/mnist_experiment/requirements.txt (line 58)) (3.6.0)
Requirement already satisfied: astunparse>=1.6.0 in /opt/homebrew/Caskroom/miniforge/base/envs/openfl/lib/python3.8/site-packages (from tensorflow-macos==2.8.0->-r /Users/gabrielemorello/PycharmProjects/Quantumacy1/openfl-develop/Chestscan/envoy_folder_2/mnist_experiment/requirements.txt (line 58)) (1.6.3)
Requirement already satisfied: keras-preprocessing>=1.1.1 in /opt/homebrew/Caskroom/miniforge/base/envs/openfl/lib/python3.8/site-packages (from tensorflow-macos==2.8.0->-r /Users/gabrielemorello/PycharmProjects/Quantumacy1/openfl-develop/Chestscan/envoy_folder_2/mnist_experiment/requirements.txt (line 58)) (1.1.2)
Requirement already satisfied: wrapt>=1.11.0 in /opt/homebrew/Caskroom/miniforge/base/envs/openfl/lib/python3.8/site-packages (from tensorflow-macos==2.8.0->-r /Users/gabrielemorello/PycharmProjects/Quantumacy1/openfl-develop/Chestscan/envoy_folder_2/mnist_experiment/requirements.txt (line 58)) (1.12.1)
Requirement already satisfied: gast>=0.2.1 in /opt/homebrew/Caskroom/miniforge/base/envs/openfl/lib/python3.8/site-packages (from tensorflow-macos==2.8.0->-r /Users/gabrielemorello/PycharmProjects/Quantumacy1/openfl-develop/Chestscan/envoy_folder_2/mnist_experiment/requirements.txt (line 58)) (0.4.0)
Requirement already satisfied: opt-einsum>=2.3.2 in /opt/homebrew/Caskroom/miniforge/base/envs/openfl/lib/python3.8/site-packages (from tensorflow-macos==2.8.0->-r /Users/gabrielemorello/PycharmProjects/Quantumacy1/openfl-develop/Chestscan/envoy_folder_2/mnist_experiment/requirements.txt (line 58)) (3.3.0)
Requirement already satisfied: flatbuffers>=1.12 in /opt/homebrew/Caskroom/miniforge/base/envs/openfl/lib/python3.8/site-packages (from tensorflow-macos==2.8.0->-r /Users/gabrielemorello/PycharmProjects/Quantumacy1/openfl-develop/Chestscan/envoy_folder_2/mnist_experiment/requirements.txt (line 58)) (1.12)
Requirement already satisfied: click>=7.0 in /opt/homebrew/Caskroom/miniforge/base/envs/openfl/lib/python3.8/site-packages (from uvicorn==0.15.0->-r /Users/gabrielemorello/PycharmProjects/Quantumacy1/openfl-develop/Chestscan/envoy_folder_2/mnist_experiment/requirements.txt (line 64)) (8.0.3)
Requirement already satisfied: cachetools<5.0,>=2.0.0 in /opt/homebrew/Caskroom/miniforge/base/envs/openfl/lib/python3.8/site-packages (from google-auth<3,>=1.6.3->tensorboard==2.8.0->-r /Users/gabrielemorello/PycharmProjects/Quantumacy1/openfl-develop/Chestscan/envoy_folder_2/mnist_experiment/requirements.txt (line 56)) (4.2.4)
Requirement already satisfied: rsa<5,>=3.1.4 in /opt/homebrew/Caskroom/miniforge/base/envs/openfl/lib/python3.8/site-packages (from google-auth<3,>=1.6.3->tensorboard==2.8.0->-r /Users/gabrielemorello/PycharmProjects/Quantumacy1/openfl-develop/Chestscan/envoy_folder_2/mnist_experiment/requirements.txt (line 56)) (4.8)
Requirement already satisfied: requests-oauthlib>=0.7.0 in /opt/homebrew/Caskroom/miniforge/base/envs/openfl/lib/python3.8/site-packages (from google-auth-oauthlib<0.5,>=0.4.1->tensorboard==2.8.0->-r /Users/gabrielemorello/PycharmProjects/Quantumacy1/openfl-develop/Chestscan/envoy_folder_2/mnist_experiment/requirements.txt (line 56)) (1.3.1)
Requirement already satisfied: importlib-metadata>=4.4 in /opt/homebrew/Caskroom/miniforge/base/envs/openfl/lib/python3.8/site-packages (from markdown>=2.6.8->tensorboard==2.8.0->-r /Users/gabrielemorello/PycharmProjects/Quantumacy1/openfl-develop/Chestscan/envoy_folder_2/mnist_experiment/requirements.txt (line 56)) (4.10.1)
Requirement already satisfied: charset-normalizer~=2.0.0 in /opt/homebrew/Caskroom/miniforge/base/envs/openfl/lib/python3.8/site-packages (from requests!=2.18.0,>=2.14.2->docker==5.0.3->-r /Users/gabrielemorello/PycharmProjects/Quantumacy1/openfl-develop/Chestscan/envoy_folder_2/mnist_experiment/requirements.txt (line 14)) (2.0.11)
Requirement already satisfied: urllib3<1.27,>=1.21.1 in /opt/homebrew/Caskroom/miniforge/base/envs/openfl/lib/python3.8/site-packages (from requests!=2.18.0,>=2.14.2->docker==5.0.3->-r /Users/gabrielemorello/PycharmProjects/Quantumacy1/openfl-develop/Chestscan/envoy_folder_2/mnist_experiment/requirements.txt (line 14)) (1.26.8)
Requirement already satisfied: cffi>=1.12 in /opt/homebrew/Caskroom/miniforge/base/envs/openfl/lib/python3.8/site-packages (from cryptography->QKDSimkit==0.0.5->-r /Users/gabrielemorello/PycharmProjects/Quantumacy1/openfl-develop/Chestscan/envoy_folder_2/mnist_experiment/requirements.txt (line 51)) (1.15.0)
Requirement already satisfied: jinja2<4.0.0,>=2.11.2 in /opt/homebrew/Caskroom/miniforge/base/envs/openfl/lib/python3.8/site-packages (from fastapi==0.75.0->-r /Users/gabrielemorello/PycharmProjects/Quantumacy1/openfl-develop/Chestscan/envoy_folder_2/mnist_experiment/requirements.txt (line 16)) (3.0.3)
Requirement already satisfied: zipp>=3.1.0 in /opt/homebrew/Caskroom/miniforge/base/envs/openfl/lib/python3.8/site-packages (from importlib-resources->tensorflow-datasets==4.5.2->-r /Users/gabrielemorello/PycharmProjects/Quantumacy1/openfl-develop/Chestscan/envoy_folder_2/mnist_experiment/requirements.txt (line 57)) (3.7.0)
Requirement already satisfied: PySocks!=1.5.7,>=1.5.6 in /opt/homebrew/Caskroom/miniforge/base/envs/openfl/lib/python3.8/site-packages (from requests!=2.18.0,>=2.14.2->docker==5.0.3->-r /Users/gabrielemorello/PycharmProjects/Quantumacy1/openfl-develop/Chestscan/envoy_folder_2/mnist_experiment/requirements.txt (line 14)) (1.7.1)
Requirement already satisfied: pycparser in /opt/homebrew/Caskroom/miniforge/base/envs/openfl/lib/python3.8/site-packages (from cffi>=1.12->cryptography->QKDSimkit==0.0.5->-r /Users/gabrielemorello/PycharmProjects/Quantumacy1/openfl-develop/Chestscan/envoy_folder_2/mnist_experiment/requirements.txt (line 51)) (2.21)
Requirement already satisfied: MarkupSafe>=2.0 in /opt/homebrew/Caskroom/miniforge/base/envs/openfl/lib/python3.8/site-packages (from jinja2<4.0.0,>=2.11.2->fastapi==0.75.0->-r /Users/gabrielemorello/PycharmProjects/Quantumacy1/openfl-develop/Chestscan/envoy_folder_2/mnist_experiment/requirements.txt (line 16)) (2.0.1)
Requirement already satisfied: oauthlib>=3.0.0 in /opt/homebrew/Caskroom/miniforge/base/envs/openfl/lib/python3.8/site-packages (from requests-oauthlib>=0.7.0->google-auth-oauthlib<0.5,>=0.4.1->tensorboard==2.8.0->-r /Users/gabrielemorello/PycharmProjects/Quantumacy1/openfl-develop/Chestscan/envoy_folder_2/mnist_experiment/requirements.txt (line 56)) (3.2.0)
[16:17:40] INFO     FL-Plan hash is cb2b58f99f70066bfd63cad085340da1bbd8342f74170643df6f642cf1ebea122e0a34ede65a184965730ea7d99a848b                 plan.py:231
           INFO     FL-Plan hash is cb2b58f99f70066bfd63cad085340da1bbd8342f74170643df6f642cf1ebea122e0a34ede65a184965730ea7d99a848b                 plan.py:231
           INFO     Parsing Federated Learning Plan : SUCCESS : plan/plan.yaml.                                                                      plan.py:141
           INFO     aggregator:                                                                                                                      plan.py:145
                      settings:                                                                                                                                 
                        best_state_path: save/best.pbuf                                                                                                         
                        db_store_rounds: 1                                                                                                                      
                        init_state_path: save/init.pbuf                                                                                                         
                        last_state_path: save/last.pbuf                                                                                                         
                        rounds_to_train: 5                                                                                                                      
                      template: openfl.component.Aggregator                                                                                                     
                    api_layer:                                                                                                                                  
                      required_plugin_components:                                                                                                               
                        serializer_plugin: openfl.plugins.interface_serializer.cloudpickle_serializer.CloudpickleSerializer                                     
                      settings:                                                                                                                                 
                        dataloader_interface_file: loader_obj.pkl                                                                                               
                        model_interface_file: model_obj.pkl                                                                                                     
                        tasks_interface_file: tasks_obj.pkl                                                                                                     
                    assigner:                                                                                                                                   
                      settings:                                                                                                                                 
                        task_groups:                                                                                                                            
                        - name: train_and_validate                                                                                                              
                          percentage: 1.0                                                                                                                       
                          tasks:                                                                                                                                
                          - train                                                                                                                               
                      template: openfl.component.RandomGroupedAssigner                                                                                          
                    collaborator:                                                                                                                               
                      settings:                                                                                                                                 
                        db_store_rounds: 1                                                                                                                      
                        delta_updates: false                                                                                                                    
                        opt_treatment: CONTINUE_GLOBAL                                                                                                          
                      template: openfl.component.Collaborator                                                                                                   
                    data_loader:                                                                                                                                
                      settings:                                                                                                                                 
                        train_bs: 64                                                                                                                            
                        valid_bs: 64                                                                                                                            
                      template: openfl.federated.DataLoader                                                                                                     
                    network:                                                                                                                                    
                      settings:                                                                                                                                 
                        agg_addr: localhost                                                                                                                     
                        agg_port: 3002                                                                                                                          
                        cert_folder: cert                                                                                                                       
                        client_reconnect_interval: 5                                                                                                            
                        disable_client_auth: false                                                                                                              
                        hash_salt: auto                                                                                                                         
                        tls: false                                                                                                                              
                      template: openfl.federation.Network                                                                                                       
                    task_runner:                                                                                                                                
                      required_plugin_components:                                                                                                               
                        framework_adapters: openfl.plugins.frameworks_adapters.keras_adapter.FrameworkAdapterPlugin                                             
                      settings: {}                                                                                                                              
                      template: openfl.federated.task.task_runner.CoreTaskRunner                                                                                
                    tasks:                                                                                                                                      
                      settings: {}                                                                                                                              
                      train:                                                                                                                                    
                        function: train                                                                                                                         
                        kwargs: {}                                                                                                                              
                                                                                                                                                                
Data = {}
           INFO     🧿 Starting a Collaborator Service.                                                                                             envoy.py:101
           INFO     Building 🡆 Object CloudpickleSerializer from openfl.plugins.interface_serializer.cloudpickle_serializer Module.                  plan.py:170
           INFO     Settings 🡆 {}                                                                                                                    plan.py:173
           INFO     Override 🡆 {}                                                                                                                    plan.py:175
Metal device set to: Apple M1 Pro

systemMemory: 16.00 GB
maxCacheSize: 5.33 GB

           INFO     Building 🡆 Object CoreTaskRunner from openfl.federated.task.task_runner Module.                                                  plan.py:170
           INFO     Settings 🡆 {}                                                                                                                    plan.py:173
           INFO     Override 🡆 {'required_plugin_components': {'framework_adapters':                                                                 plan.py:175
                    'openfl.plugins.frameworks_adapters.keras_adapter.FrameworkAdapterPlugin'}}                                                                 
           INFO     Building 🡆 Object FrameworkAdapterPlugin from openfl.plugins.frameworks_adapters.keras_adapter Module.                           plan.py:170
           INFO     Settings 🡆 {}                                                                                                                    plan.py:173
           INFO     Override 🡆 {}                                                                                                                    plan.py:175
           WARNING  tried to remove tensor: __opt_state_needed not present in the tensor dict                                                       utils.py:163
           INFO     Building 🡆 Object NoCompressionPipeline from openfl.pipelines Module.                                                            plan.py:170
           INFO     Settings 🡆 {}                                                                                                                    plan.py:173
           INFO     Override 🡆 {}                                                                                                                    plan.py:175
           INFO     Building 🡆 Object Collaborator from openfl.component Module.                                                                     plan.py:170
           INFO     Settings 🡆 {'db_store_rounds': 1, 'delta_updates': False, 'opt_treatment': 'CONTINUE_GLOBAL', 'collaborator_name': 'env_two',    plan.py:173
                    'aggregator_uuid': 'aggregator_plan.yaml_cb2b58f9', 'federation_uuid': 'plan.yaml_cb2b58f9', 'task_runner':                                 
                    <openfl.federated.task.task_runner.CoreTaskRunner object at 0x11fd89550>, 'compression_pipeline':                                           
                    <openfl.pipelines.no_compression_pipeline.NoCompressionPipeline object at 0x2868bca30>, 'task_config': {'settings': {}, 'train':            
                    {'function': 'train', 'kwargs': {}}}, 'client': <openfl.transport.grpc.client.CollaboratorGRPCClient object at 0x2868bcee0>}                
           INFO     Override 🡆 {}                                                                                                                    plan.py:175
           INFO     Waiting for tasks...                                                                                                     collaborator.py:153
           INFO     asking key                                                                                                                     client.py:288
[16:17:51] INFO     getting key                                                                                                                    client.py:290
[16:17:52] INFO     {"keys":[{"key_ID":0,"key":"GduyYLwAwRbML2RIpHfG2tqkte6nEODN24zJoJ3ET8w="}]}                                                   client.py:280
           INFO     Received the following tasks: ['train']                                                                                  collaborator.py:118
           INFO     Using Interactive Python API                                                                                             collaborator.py:198
/opt/homebrew/Caskroom/miniforge/base/envs/openfl/lib/python3.8/site-packages/tensorflow/python/util/dispatch.py:1096: UserWarning: "`binary_crossentropy` received `from_logits=True`, but the `output` argument was produced by a sigmoid or softmax activation and thus does not represent logits. Was this intended?"
  return dispatch_target(*args, **kwargs)
  1/507 [..............................] - ETA: 4:56 - loss: 0.6959 - accuracy: 0.5312  8/507 [..............................] - ETA: 3s - loss: 3.3318 - accuracy: 0.5430   19/507 [>.............................] - ETA: 2s - loss: 1.4604 - accuracy: 0.7829 31/507 [>.............................] - ETA: 2s - loss: 0.9164 - accuracy: 0.8574 42/507 [=>............................] - ETA: 2s - loss: 0.6911 - accuracy: 0.8906 54/507 [==>...........................] - ETA: 2s - loss: 0.5548 - accuracy: 0.9089 65/507 [==>...........................] - ETA: 2s - loss: 0.4701 - accuracy: 0.9214 76/507 [===>..........................] - ETA: 2s - loss: 0.4087 - accuracy: 0.9301 87/507 [====>.........................] - ETA: 2s - loss: 0.3638 - accuracy: 0.9364 98/507 [====>.........................] - ETA: 1s - loss: 0.3315 - accuracy: 0.9404109/507 [=====>........................] - ETA: 1s - loss: 0.3032 - accuracy: 0.9448120/507 [======>.......................] - ETA: 1s - loss: 0.2804 - accuracy: 0.9483131/507 [======>.......................] - ETA: 1s - loss: 0.2613 - accuracy: 0.9509143/507 [=======>......................] - ETA: 1s - loss: 0.2436 - accuracy: 0.9536155/507 [========>.....................] - ETA: 1s - loss: 0.2273 - accuracy: 0.9564167/507 [========>.....................] - ETA: 1s - loss: 0.2143 - accuracy: 0.9584179/507 [=========>....................] - ETA: 1s - loss: 0.2022 - accuracy: 0.9602191/507 [==========>...................] - ETA: 1s - loss: 0.1922 - accuracy: 0.9618203/507 [===========>..................] - ETA: 1s - loss: 0.1837 - accuracy: 0.9629215/507 [===========>..................] - ETA: 1s - loss: 0.1761 - accuracy: 0.9640227/507 [============>.................] - ETA: 1s - loss: 0.1682 - accuracy: 0.9655238/507 [=============>................] - ETA: 1s - loss: 0.1625 - accuracy: 0.9664249/507 [=============>................] - ETA: 1s - loss: 0.1576 - accuracy: 0.9672261/507 [==============>...............] - ETA: 1s - loss: 0.1522 - accuracy: 0.9680273/507 [===============>..............] - ETA: 1s - loss: 0.1482 - accuracy: 0.9686284/507 [===============>..............] - ETA: 1s - loss: 0.1449 - accuracy: 0.9690295/507 [================>.............] - ETA: 0s - loss: 0.1411 - accuracy: 0.9696307/507 [=================>............] - ETA: 0s - loss: 0.1381 - accuracy: 0.9702318/507 [=================>............] - ETA: 0s - loss: 0.1350 - accuracy: 0.9707329/507 [==================>...........] - ETA: 0s - loss: 0.1316 - accuracy: 0.9713340/507 [===================>..........] - ETA: 0s - loss: 0.1289 - accuracy: 0.9717351/507 [===================>..........] - ETA: 0s - loss: 0.1265 - accuracy: 0.9721363/507 [====================>.........] - ETA: 0s - loss: 0.1238 - accuracy: 0.9725374/507 [=====================>........] - ETA: 0s - loss: 0.1216 - accuracy: 0.9728386/507 [=====================>........] - ETA: 0s - loss: 0.1193 - accuracy: 0.9731398/507 [======================>.......] - ETA: 0s - loss: 0.1166 - accuracy: 0.9737410/507 [=======================>......] - ETA: 0s - loss: 0.1142 - accuracy: 0.9740422/507 [=======================>......] - ETA: 0s - loss: 0.1133 - accuracy: 0.9741434/507 [========================>.....] - ETA: 0s - loss: 0.1113 - accuracy: 0.9744446/507 [=========================>....] - ETA: 0s - loss: 0.1095 - accuracy: 0.9746457/507 [==========================>...] - ETA: 0s - loss: 0.1080 - accuracy: 0.9750468/507 [==========================>...] - ETA: 0s - loss: 0.1062 - accuracy: 0.9754479/507 [===========================>..] - ETA: 0s - loss: 0.1046 - accuracy: 0.9757490/507 [===========================>..] - ETA: 0s - loss: 0.1034 - accuracy: 0.9760502/507 [============================>.] - ETA: 0s - loss: 0.1021 - accuracy: 0.9762507/507 [==============================] - 3s 5ms/step - loss: 0.1015 - accuracy: 0.9763 - val_loss: 0.0786 - val_accuracy: 0.9658
[16:18:00] WARNING  tried to remove tensor: __opt_state_needed not present in the tensor dict                                                       utils.py:163
           WARNING  tried to remove tensor: __opt_state_needed not present in the tensor dict                                                       utils.py:163
           WARNING  tried to remove tensor: __opt_state_needed not present in the tensor dict                                                       utils.py:163
           METRIC   Round 0, collaborator env_two is sending metric for task train: train_acc       0.9658120274543762                       collaborator.py:365
           INFO     Waiting for tasks...                                                                                                     collaborator.py:153
           INFO     Received the following tasks: ['train']                                                                                  collaborator.py:118
           INFO     Using Interactive Python API                                                                                             collaborator.py:198
/opt/homebrew/Caskroom/miniforge/base/envs/openfl/lib/python3.8/site-packages/tensorflow/python/util/dispatch.py:1096: UserWarning: "`binary_crossentropy` received `from_logits=True`, but the `output` argument was produced by a sigmoid or softmax activation and thus does not represent logits. Was this intended?"
  return dispatch_target(*args, **kwargs)
  1/507 [..............................] - ETA: 2:29 - loss: 0.0275 - accuracy: 1.0000 12/507 [..............................] - ETA: 2s - loss: 0.0424 - accuracy: 0.9857   25/507 [>.............................] - ETA: 2s - loss: 0.0445 - accuracy: 0.9856 37/507 [=>............................] - ETA: 2s - loss: 0.0392 - accuracy: 0.9878 49/507 [=>............................] - ETA: 1s - loss: 0.0405 - accuracy: 0.9869 62/507 [==>...........................] - ETA: 1s - loss: 0.0428 - accuracy: 0.9869 75/507 [===>..........................] - ETA: 1s - loss: 0.0455 - accuracy: 0.9869 87/507 [====>.........................] - ETA: 1s - loss: 0.0437 - accuracy: 0.9874100/507 [====>.........................] - ETA: 1s - loss: 0.0452 - accuracy: 0.9859112/507 [=====>........................] - ETA: 1s - loss: 0.0433 - accuracy: 0.9863123/507 [======>.......................] - ETA: 1s - loss: 0.0421 - accuracy: 0.9868135/507 [======>.......................] - ETA: 1s - loss: 0.0422 - accuracy: 0.9868147/507 [=======>......................] - ETA: 1s - loss: 0.0426 - accuracy: 0.9866159/507 [========>.....................] - ETA: 1s - loss: 0.0450 - accuracy: 0.9854171/507 [=========>....................] - ETA: 1s - loss: 0.0448 - accuracy: 0.9857183/507 [=========>....................] - ETA: 1s - loss: 0.0439 - accuracy: 0.9858195/507 [==========>...................] - ETA: 1s - loss: 0.0432 - accuracy: 0.9861207/507 [===========>..................] - ETA: 1s - loss: 0.0427 - accuracy: 0.9863219/507 [===========>..................] - ETA: 1s - loss: 0.0429 - accuracy: 0.9862231/507 [============>.................] - ETA: 1s - loss: 0.0428 - accuracy: 0.9864243/507 [=============>................] - ETA: 1s - loss: 0.0437 - accuracy: 0.9861254/507 [==============>...............] - ETA: 1s - loss: 0.0433 - accuracy: 0.9863265/507 [==============>...............] - ETA: 1s - loss: 0.0429 - accuracy: 0.9864273/507 [===============>..............] - ETA: 1s - loss: 0.0438 - accuracy: 0.9863281/507 [===============>..............] - ETA: 1s - loss: 0.0437 - accuracy: 0.9863289/507 [================>.............] - ETA: 1s - loss: 0.0444 - accuracy: 0.9861298/507 [================>.............] - ETA: 0s - loss: 0.0443 - accuracy: 0.9863306/507 [=================>............] - ETA: 0s - loss: 0.0438 - accuracy: 0.9863313/507 [=================>............] - ETA: 0s - loss: 0.0433 - accuracy: 0.9864319/507 [=================>............] - ETA: 0s - loss: 0.0433 - accuracy: 0.9863325/507 [==================>...........] - ETA: 0s - loss: 0.0431 - accuracy: 0.9863333/507 [==================>...........] - ETA: 0s - loss: 0.0429 - accuracy: 0.9863342/507 [===================>..........] - ETA: 0s - loss: 0.0425 - accuracy: 0.9865352/507 [===================>..........] - ETA: 0s - loss: 0.0426 - accuracy: 0.9865363/507 [====================>.........] - ETA: 0s - loss: 0.0429 - accuracy: 0.9864373/507 [=====================>........] - ETA: 0s - loss: 0.0429 - accuracy: 0.9865382/507 [=====================>........] - ETA: 0s - loss: 0.0427 - accuracy: 0.9866391/507 [======================>.......] - ETA: 0s - loss: 0.0432 - accuracy: 0.9864399/507 [======================>.......] - ETA: 0s - loss: 0.0426 - accuracy: 0.9866408/507 [=======================>......] - ETA: 0s - loss: 0.0421 - accuracy: 0.9868417/507 [=======================>......] - ETA: 0s - loss: 0.0419 - accuracy: 0.9869427/507 [========================>.....] - ETA: 0s - loss: 0.0420 - accuracy: 0.9870436/507 [========================>.....] - ETA: 0s - loss: 0.0421 - accuracy: 0.9869445/507 [=========================>....] - ETA: 0s - loss: 0.0420 - accuracy: 0.9869455/507 [=========================>....] - ETA: 0s - loss: 0.0415 - accuracy: 0.9872464/507 [==========================>...] - ETA: 0s - loss: 0.0416 - accuracy: 0.9871473/507 [==========================>...] - ETA: 0s - loss: 0.0418 - accuracy: 0.9870482/507 [===========================>..] - ETA: 0s - loss: 0.0416 - accuracy: 0.9871490/507 [===========================>..] - ETA: 0s - loss: 0.0415 - accuracy: 0.9871500/507 [============================>.] - ETA: 0s - loss: 0.0413 - accuracy: 0.9871507/507 [==============================] - ETA: 0s - loss: 0.0413 - accuracy: 0.9871507/507 [==============================] - 3s 6ms/step - loss: 0.0413 - accuracy: 0.9871 - val_loss: 0.0529 - val_accuracy: 0.9744
[16:18:06] WARNING  tried to remove tensor: __opt_state_needed not present in the tensor dict                                                       utils.py:163
           WARNING  tried to remove tensor: __opt_state_needed not present in the tensor dict                                                       utils.py:163
           WARNING  tried to remove tensor: __opt_state_needed not present in the tensor dict                                                       utils.py:163
           METRIC   Round 1, collaborator env_two is sending metric for task train: train_acc       0.9743590354919434                       collaborator.py:365
           INFO     Waiting for tasks...                                                                                                     collaborator.py:153
[16:18:16] INFO     Waiting for tasks...                                                                                                     collaborator.py:153
           INFO     Received the following tasks: ['train']                                                                                  collaborator.py:118
           INFO     Using Interactive Python API                                                                                             collaborator.py:198
/opt/homebrew/Caskroom/miniforge/base/envs/openfl/lib/python3.8/site-packages/tensorflow/python/util/dispatch.py:1096: UserWarning: "`binary_crossentropy` received `from_logits=True`, but the `output` argument was produced by a sigmoid or softmax activation and thus does not represent logits. Was this intended?"
  return dispatch_target(*args, **kwargs)
  1/507 [..............................] - ETA: 5:02 - loss: 0.0053 - accuracy: 1.0000 12/507 [..............................] - ETA: 2s - loss: 0.0469 - accuracy: 0.9844   23/507 [>.............................] - ETA: 2s - loss: 0.0443 - accuracy: 0.9837 35/507 [=>............................] - ETA: 2s - loss: 0.0362 - accuracy: 0.9875 47/507 [=>............................] - ETA: 2s - loss: 0.0396 - accuracy: 0.9870 58/507 [==>...........................] - ETA: 2s - loss: 0.0386 - accuracy: 0.9873 70/507 [===>..........................] - ETA: 2s - loss: 0.0384 - accuracy: 0.9875 82/507 [===>..........................] - ETA: 1s - loss: 0.0373 - accuracy: 0.9874 93/507 [====>.........................] - ETA: 1s - loss: 0.0399 - accuracy: 0.9876105/507 [=====>........................] - ETA: 1s - loss: 0.0383 - accuracy: 0.9882117/507 [=====>........................] - ETA: 1s - loss: 0.0375 - accuracy: 0.9885128/507 [======>.......................] - ETA: 1s - loss: 0.0392 - accuracy: 0.9884140/507 [=======>......................] - ETA: 1s - loss: 0.0400 - accuracy: 0.9877152/507 [=======>......................] - ETA: 1s - loss: 0.0400 - accuracy: 0.9876164/507 [========>.....................] - ETA: 1s - loss: 0.0391 - accuracy: 0.9880176/507 [=========>....................] - ETA: 1s - loss: 0.0391 - accuracy: 0.9879188/507 [==========>...................] - ETA: 1s - loss: 0.0395 - accuracy: 0.9879200/507 [==========>...................] - ETA: 1s - loss: 0.0395 - accuracy: 0.9878212/507 [===========>..................] - ETA: 1s - loss: 0.0394 - accuracy: 0.9879224/507 [============>.................] - ETA: 1s - loss: 0.0392 - accuracy: 0.9878236/507 [============>.................] - ETA: 1s - loss: 0.0387 - accuracy: 0.9879248/507 [=============>................] - ETA: 1s - loss: 0.0393 - accuracy: 0.9877260/507 [==============>...............] - ETA: 1s - loss: 0.0396 - accuracy: 0.9877272/507 [===============>..............] - ETA: 1s - loss: 0.0396 - accuracy: 0.9876284/507 [===============>..............] - ETA: 0s - loss: 0.0390 - accuracy: 0.9876296/507 [================>.............] - ETA: 0s - loss: 0.0390 - accuracy: 0.9876308/507 [=================>............] - ETA: 0s - loss: 0.0391 - accuracy: 0.9877320/507 [=================>............] - ETA: 0s - loss: 0.0388 - accuracy: 0.9878331/507 [==================>...........] - ETA: 0s - loss: 0.0387 - accuracy: 0.9877342/507 [===================>..........] - ETA: 0s - loss: 0.0382 - accuracy: 0.9878353/507 [===================>..........] - ETA: 0s - loss: 0.0383 - accuracy: 0.9876365/507 [====================>.........] - ETA: 0s - loss: 0.0381 - accuracy: 0.9877377/507 [=====================>........] - ETA: 0s - loss: 0.0384 - accuracy: 0.9876389/507 [======================>.......] - ETA: 0s - loss: 0.0384 - accuracy: 0.9877401/507 [======================>.......] - ETA: 0s - loss: 0.0387 - accuracy: 0.9876413/507 [=======================>......] - ETA: 0s - loss: 0.0393 - accuracy: 0.9874425/507 [========================>.....] - ETA: 0s - loss: 0.0390 - accuracy: 0.9874437/507 [========================>.....] - ETA: 0s - loss: 0.0387 - accuracy: 0.9875449/507 [=========================>....] - ETA: 0s - loss: 0.0386 - accuracy: 0.9875461/507 [==========================>...] - ETA: 0s - loss: 0.0385 - accuracy: 0.9876473/507 [==========================>...] - ETA: 0s - loss: 0.0392 - accuracy: 0.9873485/507 [===========================>..] - ETA: 0s - loss: 0.0391 - accuracy: 0.9874497/507 [============================>.] - ETA: 0s - loss: 0.0390 - accuracy: 0.9874507/507 [==============================] - ETA: 0s - loss: 0.0390 - accuracy: 0.9874507/507 [==============================] - 3s 5ms/step - loss: 0.0390 - accuracy: 0.9874 - val_loss: 0.0271 - val_accuracy: 0.9744
[16:18:25] WARNING  tried to remove tensor: __opt_state_needed not present in the tensor dict                                                       utils.py:163
           WARNING  tried to remove tensor: __opt_state_needed not present in the tensor dict                                                       utils.py:163
           WARNING  tried to remove tensor: __opt_state_needed not present in the tensor dict                                                       utils.py:163
           METRIC   Round 2, collaborator env_two is sending metric for task train: train_acc       0.9743590354919434                       collaborator.py:365
           INFO     Waiting for tasks...                                                                                                     collaborator.py:153
           INFO     Received the following tasks: ['train']                                                                                  collaborator.py:118
           INFO     Using Interactive Python API                                                                                             collaborator.py:198
/opt/homebrew/Caskroom/miniforge/base/envs/openfl/lib/python3.8/site-packages/tensorflow/python/util/dispatch.py:1096: UserWarning: "`binary_crossentropy` received `from_logits=True`, but the `output` argument was produced by a sigmoid or softmax activation and thus does not represent logits. Was this intended?"
  return dispatch_target(*args, **kwargs)
  1/507 [..............................] - ETA: 2:49 - loss: 0.0825 - accuracy: 0.9688 10/507 [..............................] - ETA: 3s - loss: 0.0457 - accuracy: 0.9844   16/507 [..............................] - ETA: 3s - loss: 0.0387 - accuracy: 0.9863 23/507 [>.............................] - ETA: 3s - loss: 0.0394 - accuracy: 0.9857 29/507 [>.............................] - ETA: 3s - loss: 0.0377 - accuracy: 0.9860 35/507 [=>............................] - ETA: 3s - loss: 0.0342 - accuracy: 0.9875 41/507 [=>............................] - ETA: 3s - loss: 0.0339 - accuracy: 0.9874 46/507 [=>............................] - ETA: 3s - loss: 0.0378 - accuracy: 0.9874 52/507 [==>...........................] - ETA: 3s - loss: 0.0381 - accuracy: 0.9877 58/507 [==>...........................] - ETA: 3s - loss: 0.0427 - accuracy: 0.9865 65/507 [==>...........................] - ETA: 3s - loss: 0.0439 - accuracy: 0.9861 72/507 [===>..........................] - ETA: 3s - loss: 0.0421 - accuracy: 0.9865 79/507 [===>..........................] - ETA: 3s - loss: 0.0439 - accuracy: 0.9862 87/507 [====>.........................] - ETA: 3s - loss: 0.0412 - accuracy: 0.9871 94/507 [====>.........................] - ETA: 3s - loss: 0.0397 - accuracy: 0.9877101/507 [====>.........................] - ETA: 3s - loss: 0.0390 - accuracy: 0.9878108/507 [=====>........................] - ETA: 3s - loss: 0.0389 - accuracy: 0.9878119/507 [======>.......................] - ETA: 2s - loss: 0.0386 - accuracy: 0.9878130/507 [======>.......................] - ETA: 2s - loss: 0.0394 - accuracy: 0.9874140/507 [=======>......................] - ETA: 2s - loss: 0.0391 - accuracy: 0.9873151/507 [=======>......................] - ETA: 2s - loss: 0.0387 - accuracy: 0.9875162/507 [========>.....................] - ETA: 2s - loss: 0.0384 - accuracy: 0.9877172/507 [=========>....................] - ETA: 2s - loss: 0.0378 - accuracy: 0.9877180/507 [=========>....................] - ETA: 2s - loss: 0.0370 - accuracy: 0.9881192/507 [==========>...................] - ETA: 2s - loss: 0.0368 - accuracy: 0.9881198/507 [==========>...................] - ETA: 2s - loss: 0.0374 - accuracy: 0.9880203/507 [===========>..................] - ETA: 2s - loss: 0.0379 - accuracy: 0.9878207/507 [===========>..................] - ETA: 2s - loss: 0.0378 - accuracy: 0.9877212/507 [===========>..................] - ETA: 2s - loss: 0.0378 - accuracy: 0.9877220/507 [============>.................] - ETA: 2s - loss: 0.0374 - accuracy: 0.9879228/507 [============>.................] - ETA: 1s - loss: 0.0384 - accuracy: 0.9875236/507 [============>.................] - ETA: 1s - loss: 0.0380 - accuracy: 0.9877244/507 [=============>................] - ETA: 1s - loss: 0.0377 - accuracy: 0.9879252/507 [=============>................] - ETA: 1s - loss: 0.0382 - accuracy: 0.9878257/507 [==============>...............] - ETA: 1s - loss: 0.0381 - accuracy: 0.9878260/507 [==============>...............] - ETA: 1s - loss: 0.0380 - accuracy: 0.9879267/507 [==============>...............] - ETA: 1s - loss: 0.0380 - accuracy: 0.9878278/507 [===============>..............] - ETA: 1s - loss: 0.0373 - accuracy: 0.9879288/507 [================>.............] - ETA: 1s - loss: 0.0368 - accuracy: 0.9880297/507 [================>.............] - ETA: 1s - loss: 0.0365 - accuracy: 0.9881306/507 [=================>............] - ETA: 1s - loss: 0.0368 - accuracy: 0.9881316/507 [=================>............] - ETA: 1s - loss: 0.0378 - accuracy: 0.9877325/507 [==================>...........] - ETA: 1s - loss: 0.0376 - accuracy: 0.9878334/507 [==================>...........] - ETA: 1s - loss: 0.0373 - accuracy: 0.9880344/507 [===================>..........] - ETA: 1s - loss: 0.0371 - accuracy: 0.9880355/507 [====================>.........] - ETA: 1s - loss: 0.0375 - accuracy: 0.9879366/507 [====================>.........] - ETA: 0s - loss: 0.0375 - accuracy: 0.9880377/507 [=====================>........] - ETA: 0s - loss: 0.0373 - accuracy: 0.9881388/507 [=====================>........] - ETA: 0s - loss: 0.0377 - accuracy: 0.9880399/507 [======================>.......] - ETA: 0s - loss: 0.0383 - accuracy: 0.9878410/507 [=======================>......] - ETA: 0s - loss: 0.0393 - accuracy: 0.9875421/507 [=======================>......] - ETA: 0s - loss: 0.0390 - accuracy: 0.9876432/507 [========================>.....] - ETA: 0s - loss: 0.0388 - accuracy: 0.9876443/507 [=========================>....] - ETA: 0s - loss: 0.0387 - accuracy: 0.9877454/507 [=========================>....] - ETA: 0s - loss: 0.0385 - accuracy: 0.9876464/507 [==========================>...] - ETA: 0s - loss: 0.0382 - accuracy: 0.9877474/507 [===========================>..] - ETA: 0s - loss: 0.0380 - accuracy: 0.9879484/507 [===========================>..] - ETA: 0s - loss: 0.0379 - accuracy: 0.9879494/507 [============================>.] - ETA: 0s - loss: 0.0380 - accuracy: 0.9879504/507 [============================>.] - ETA: 0s - loss: 0.0377 - accuracy: 0.9879507/507 [==============================] - 4s 7ms/step - loss: 0.0377 - accuracy: 0.9879 - val_loss: 0.0617 - val_accuracy: 0.9744
[16:18:36] WARNING  tried to remove tensor: __opt_state_needed not present in the tensor dict                                                       utils.py:163
           WARNING  tried to remove tensor: __opt_state_needed not present in the tensor dict                                                       utils.py:163
           WARNING  tried to remove tensor: __opt_state_needed not present in the tensor dict                                                       utils.py:163
           METRIC   Round 3, collaborator env_two is sending metric for task train: train_acc       0.9743590354919434                       collaborator.py:365
           INFO     Waiting for tasks...                                                                                                     collaborator.py:153
[16:18:46] INFO     Waiting for tasks...                                                                                                     collaborator.py:153
           INFO     Received the following tasks: ['train']                                                                                  collaborator.py:118
           INFO     Using Interactive Python API                                                                                             collaborator.py:198
/opt/homebrew/Caskroom/miniforge/base/envs/openfl/lib/python3.8/site-packages/tensorflow/python/util/dispatch.py:1096: UserWarning: "`binary_crossentropy` received `from_logits=True`, but the `output` argument was produced by a sigmoid or softmax activation and thus does not represent logits. Was this intended?"
  return dispatch_target(*args, **kwargs)
  1/507 [..............................] - ETA: 2:56 - loss: 0.0123 - accuracy: 1.0000 11/507 [..............................] - ETA: 2s - loss: 0.0262 - accuracy: 0.9915   22/507 [>.............................] - ETA: 2s - loss: 0.0358 - accuracy: 0.9872 32/507 [>.............................] - ETA: 2s - loss: 0.0297 - accuracy: 0.9897 43/507 [=>............................] - ETA: 2s - loss: 0.0301 - accuracy: 0.9898 55/507 [==>...........................] - ETA: 2s - loss: 0.0334 - accuracy: 0.9898 66/507 [==>...........................] - ETA: 2s - loss: 0.0397 - accuracy: 0.9877 77/507 [===>..........................] - ETA: 2s - loss: 0.0391 - accuracy: 0.9884 88/507 [====>.........................] - ETA: 2s - loss: 0.0368 - accuracy: 0.9888 99/507 [====>.........................] - ETA: 1s - loss: 0.0385 - accuracy: 0.9877110/507 [=====>........................] - ETA: 1s - loss: 0.0405 - accuracy: 0.9872121/507 [======>.......................] - ETA: 1s - loss: 0.0398 - accuracy: 0.9873132/507 [======>.......................] - ETA: 1s - loss: 0.0398 - accuracy: 0.9872143/507 [=======>......................] - ETA: 1s - loss: 0.0403 - accuracy: 0.9869154/507 [========>.....................] - ETA: 1s - loss: 0.0404 - accuracy: 0.9866165/507 [========>.....................] - ETA: 1s - loss: 0.0396 - accuracy: 0.9867176/507 [=========>....................] - ETA: 1s - loss: 0.0383 - accuracy: 0.9872188/507 [==========>...................] - ETA: 1s - loss: 0.0377 - accuracy: 0.9875199/507 [==========>...................] - ETA: 1s - loss: 0.0373 - accuracy: 0.9877211/507 [===========>..................] - ETA: 1s - loss: 0.0367 - accuracy: 0.9881223/507 [============>.................] - ETA: 1s - loss: 0.0365 - accuracy: 0.9881235/507 [============>.................] - ETA: 1s - loss: 0.0368 - accuracy: 0.9878247/507 [=============>................] - ETA: 1s - loss: 0.0367 - accuracy: 0.9879259/507 [==============>...............] - ETA: 1s - loss: 0.0372 - accuracy: 0.9877270/507 [==============>...............] - ETA: 1s - loss: 0.0369 - accuracy: 0.9880282/507 [===============>..............] - ETA: 1s - loss: 0.0369 - accuracy: 0.9878294/507 [================>.............] - ETA: 0s - loss: 0.0369 - accuracy: 0.9878306/507 [=================>............] - ETA: 0s - loss: 0.0378 - accuracy: 0.9875317/507 [=================>............] - ETA: 0s - loss: 0.0376 - accuracy: 0.9877329/507 [==================>...........] - ETA: 0s - loss: 0.0375 - accuracy: 0.9877341/507 [===================>..........] - ETA: 0s - loss: 0.0375 - accuracy: 0.9876353/507 [===================>..........] - ETA: 0s - loss: 0.0370 - accuracy: 0.9878365/507 [====================>.........] - ETA: 0s - loss: 0.0368 - accuracy: 0.9879376/507 [=====================>........] - ETA: 0s - loss: 0.0374 - accuracy: 0.9879387/507 [=====================>........] - ETA: 0s - loss: 0.0372 - accuracy: 0.9879398/507 [======================>.......] - ETA: 0s - loss: 0.0373 - accuracy: 0.9879409/507 [=======================>......] - ETA: 0s - loss: 0.0373 - accuracy: 0.9879420/507 [=======================>......] - ETA: 0s - loss: 0.0371 - accuracy: 0.9879431/507 [========================>.....] - ETA: 0s - loss: 0.0368 - accuracy: 0.9879442/507 [=========================>....] - ETA: 0s - loss: 0.0375 - accuracy: 0.9878453/507 [=========================>....] - ETA: 0s - loss: 0.0375 - accuracy: 0.9877464/507 [==========================>...] - ETA: 0s - loss: 0.0375 - accuracy: 0.9878475/507 [===========================>..] - ETA: 0s - loss: 0.0376 - accuracy: 0.9878486/507 [===========================>..] - ETA: 0s - loss: 0.0376 - accuracy: 0.9878498/507 [============================>.] - ETA: 0s - loss: 0.0376 - accuracy: 0.9879507/507 [==============================] - ETA: 0s - loss: 0.0375 - accuracy: 0.9879WARNING:tensorflow:5 out of the last 9 calls to <function Model.make_test_function.<locals>.test_function at 0x287c0e700> triggered tf.function retracing. Tracing is expensive and the excessive number of tracings could be due to (1) creating @tf.function repeatedly in a loop, (2) passing tensors with different shapes, (3) passing Python objects instead of tensors. For (1), please define your @tf.function outside of the loop. For (2), @tf.function has experimental_relax_shapes=True option that relaxes argument shapes that can avoid unnecessary retracing. For (3), please refer to https://www.tensorflow.org/guide/function#controlling_retracing and https://www.tensorflow.org/api_docs/python/tf/function for  more details.
[16:18:55] WARNING  5 out of the last 9 calls to <function Model.make_test_function.<locals>.test_function at 0x287c0e700> triggered         def_function.py:150
                    tf.function retracing. Tracing is expensive and the excessive number of tracings could be due to (1) creating                               
                    @tf.function repeatedly in a loop, (2) passing tensors with different shapes, (3) passing Python objects instead of                         
                    tensors. For (1), please define your @tf.function outside of the loop. For (2), @tf.function has                                            
                    experimental_relax_shapes=True option that relaxes argument shapes that can avoid unnecessary retracing. For (3), please                    
                    refer to https://www.tensorflow.org/guide/function#controlling_retracing and                                                                
                    https://www.tensorflow.org/api_docs/python/tf/function for  more details.                                                                   
507/507 [==============================] - 3s 5ms/step - loss: 0.0375 - accuracy: 0.9879 - val_loss: 0.0166 - val_accuracy: 1.0000
           WARNING  tried to remove tensor: __opt_state_needed not present in the tensor dict                                                       utils.py:163
           WARNING  tried to remove tensor: __opt_state_needed not present in the tensor dict                                                       utils.py:163
           WARNING  tried to remove tensor: __opt_state_needed not present in the tensor dict                                                       utils.py:163
           METRIC   Round 4, collaborator env_two is sending metric for task train: train_acc       1.0                                      collaborator.py:365
           INFO     Waiting for tasks...                                                                                                     collaborator.py:153
           INFO     End of Federation reached. Exiting...                                                                                    collaborator.py:125
           INFO     Send WaitExperiment request                                                                                            director_client.py:72
           INFO     WaitExperiment response has received                                                                                   director_client.py:74

Aborted!
