[16:17:24] INFO     🧿 Starting the Envoy.                                                                                                           envoy.py:53
[16:17:25] INFO     Send report AcknowledgeShard                                                                                           director_client.py:56
           INFO     Shard accepted                                                                                                                  envoy.py:116
           INFO     The health check sender is started.                                                                                              envoy.py:87
           INFO     Send WaitExperiment request                                                                                            director_client.py:72
           INFO     WaitExperiment response has received                                                                                   director_client.py:74
[16:17:35] INFO     Request experiment mnist_experiment                                                                                    director_client.py:84
Requirement already satisfied: aiocache==0.11.1 in /opt/homebrew/Caskroom/miniforge/base/envs/openfl/lib/python3.8/site-packages (from -r /Users/gabrielemorello/PycharmProjects/Quantumacy1/openfl-develop/Chestscan/envoy_folder/mnist_experiment/requirements.txt (line 1)) (0.11.1)
Requirement already satisfied: aiomcache==0.7.0 in /opt/homebrew/Caskroom/miniforge/base/envs/openfl/lib/python3.8/site-packages (from -r /Users/gabrielemorello/PycharmProjects/Quantumacy1/openfl-develop/Chestscan/envoy_folder/mnist_experiment/requirements.txt (line 2)) (0.7.0)
Requirement already satisfied: aioredis==1.3.1 in /opt/homebrew/Caskroom/miniforge/base/envs/openfl/lib/python3.8/site-packages (from -r /Users/gabrielemorello/PycharmProjects/Quantumacy1/openfl-develop/Chestscan/envoy_folder/mnist_experiment/requirements.txt (line 3)) (1.3.1)
Requirement already satisfied: anyio==3.5.0 in /opt/homebrew/Caskroom/miniforge/base/envs/openfl/lib/python3.8/site-packages (from -r /Users/gabrielemorello/PycharmProjects/Quantumacy1/openfl-develop/Chestscan/envoy_folder/mnist_experiment/requirements.txt (line 4)) (3.5.0)
Requirement already satisfied: asgiref==3.5.0 in /opt/homebrew/Caskroom/miniforge/base/envs/openfl/lib/python3.8/site-packages (from -r /Users/gabrielemorello/PycharmProjects/Quantumacy1/openfl-develop/Chestscan/envoy_folder/mnist_experiment/requirements.txt (line 5)) (3.5.0)
Requirement already satisfied: astor==0.8.1 in /opt/homebrew/Caskroom/miniforge/base/envs/openfl/lib/python3.8/site-packages (from -r /Users/gabrielemorello/PycharmProjects/Quantumacy1/openfl-develop/Chestscan/envoy_folder/mnist_experiment/requirements.txt (line 6)) (0.8.1)
Requirement already satisfied: beautifulsoup4==4.10.0 in /opt/homebrew/Caskroom/miniforge/base/envs/openfl/lib/python3.8/site-packages (from -r /Users/gabrielemorello/PycharmProjects/Quantumacy1/openfl-develop/Chestscan/envoy_folder/mnist_experiment/requirements.txt (line 7)) (4.10.0)
Requirement already satisfied: blinker==1.4 in /opt/homebrew/Caskroom/miniforge/base/envs/openfl/lib/python3.8/site-packages (from -r /Users/gabrielemorello/PycharmProjects/Quantumacy1/openfl-develop/Chestscan/envoy_folder/mnist_experiment/requirements.txt (line 8)) (1.4)
Requirement already satisfied: certifi==2021.10.8 in /opt/homebrew/Caskroom/miniforge/base/envs/openfl/lib/python3.8/site-packages (from -r /Users/gabrielemorello/PycharmProjects/Quantumacy1/openfl-develop/Chestscan/envoy_folder/mnist_experiment/requirements.txt (line 9)) (2021.10.8)
Requirement already satisfied: commonmark==0.9.1 in /opt/homebrew/Caskroom/miniforge/base/envs/openfl/lib/python3.8/site-packages (from -r /Users/gabrielemorello/PycharmProjects/Quantumacy1/openfl-develop/Chestscan/envoy_folder/mnist_experiment/requirements.txt (line 10)) (0.9.1)
Requirement already satisfied: cycler==0.11.0 in /opt/homebrew/Caskroom/miniforge/base/envs/openfl/lib/python3.8/site-packages (from -r /Users/gabrielemorello/PycharmProjects/Quantumacy1/openfl-develop/Chestscan/envoy_folder/mnist_experiment/requirements.txt (line 11)) (0.11.0)
Requirement already satisfied: dill==0.3.4 in /opt/homebrew/Caskroom/miniforge/base/envs/openfl/lib/python3.8/site-packages (from -r /Users/gabrielemorello/PycharmProjects/Quantumacy1/openfl-develop/Chestscan/envoy_folder/mnist_experiment/requirements.txt (line 12)) (0.3.4)
Requirement already satisfied: dnspython==2.2.1 in /opt/homebrew/Caskroom/miniforge/base/envs/openfl/lib/python3.8/site-packages (from -r /Users/gabrielemorello/PycharmProjects/Quantumacy1/openfl-develop/Chestscan/envoy_folder/mnist_experiment/requirements.txt (line 13)) (2.2.1)
Requirement already satisfied: docker==5.0.3 in /opt/homebrew/Caskroom/miniforge/base/envs/openfl/lib/python3.8/site-packages (from -r /Users/gabrielemorello/PycharmProjects/Quantumacy1/openfl-develop/Chestscan/envoy_folder/mnist_experiment/requirements.txt (line 14)) (5.0.3)
Requirement already satisfied: email-validator==1.1.3 in /opt/homebrew/Caskroom/miniforge/base/envs/openfl/lib/python3.8/site-packages (from -r /Users/gabrielemorello/PycharmProjects/Quantumacy1/openfl-develop/Chestscan/envoy_folder/mnist_experiment/requirements.txt (line 15)) (1.1.3)
Requirement already satisfied: fastapi==0.75.0 in /opt/homebrew/Caskroom/miniforge/base/envs/openfl/lib/python3.8/site-packages (from -r /Users/gabrielemorello/PycharmProjects/Quantumacy1/openfl-develop/Chestscan/envoy_folder/mnist_experiment/requirements.txt (line 16)) (0.75.0)
Requirement already satisfied: filelock==3.4.2 in /opt/homebrew/Caskroom/miniforge/base/envs/openfl/lib/python3.8/site-packages (from -r /Users/gabrielemorello/PycharmProjects/Quantumacy1/openfl-develop/Chestscan/envoy_folder/mnist_experiment/requirements.txt (line 17)) (3.4.2)
Requirement already satisfied: flatten-json==0.1.13 in /opt/homebrew/Caskroom/miniforge/base/envs/openfl/lib/python3.8/site-packages (from -r /Users/gabrielemorello/PycharmProjects/Quantumacy1/openfl-develop/Chestscan/envoy_folder/mnist_experiment/requirements.txt (line 18)) (0.1.13)
Requirement already satisfied: fonttools==4.29.1 in /opt/homebrew/Caskroom/miniforge/base/envs/openfl/lib/python3.8/site-packages (from -r /Users/gabrielemorello/PycharmProjects/Quantumacy1/openfl-develop/Chestscan/envoy_folder/mnist_experiment/requirements.txt (line 19)) (4.29.1)
Requirement already satisfied: gdown==4.2.1 in /opt/homebrew/Caskroom/miniforge/base/envs/openfl/lib/python3.8/site-packages (from -r /Users/gabrielemorello/PycharmProjects/Quantumacy1/openfl-develop/Chestscan/envoy_folder/mnist_experiment/requirements.txt (line 20)) (4.2.1)
Requirement already satisfied: google-pasta==0.2.0 in /opt/homebrew/Caskroom/miniforge/base/envs/openfl/lib/python3.8/site-packages (from -r /Users/gabrielemorello/PycharmProjects/Quantumacy1/openfl-develop/Chestscan/envoy_folder/mnist_experiment/requirements.txt (line 21)) (0.2.0)
Requirement already satisfied: googleapis-common-protos==1.54.0 in /opt/homebrew/Caskroom/miniforge/base/envs/openfl/lib/python3.8/site-packages (from -r /Users/gabrielemorello/PycharmProjects/Quantumacy1/openfl-develop/Chestscan/envoy_folder/mnist_experiment/requirements.txt (line 22)) (1.54.0)
Requirement already satisfied: h11==0.13.0 in /opt/homebrew/Caskroom/miniforge/base/envs/openfl/lib/python3.8/site-packages (from -r /Users/gabrielemorello/PycharmProjects/Quantumacy1/openfl-develop/Chestscan/envoy_folder/mnist_experiment/requirements.txt (line 23)) (0.13.0)
Requirement already satisfied: hiredis==2.0.0 in /opt/homebrew/Caskroom/miniforge/base/envs/openfl/lib/python3.8/site-packages (from -r /Users/gabrielemorello/PycharmProjects/Quantumacy1/openfl-develop/Chestscan/envoy_folder/mnist_experiment/requirements.txt (line 24)) (2.0.0)
Requirement already satisfied: httptools==0.2.0 in /opt/homebrew/Caskroom/miniforge/base/envs/openfl/lib/python3.8/site-packages (from -r /Users/gabrielemorello/PycharmProjects/Quantumacy1/openfl-develop/Chestscan/envoy_folder/mnist_experiment/requirements.txt (line 25)) (0.2.0)
Requirement already satisfied: imageio==2.16.0 in /opt/homebrew/Caskroom/miniforge/base/envs/openfl/lib/python3.8/site-packages (from -r /Users/gabrielemorello/PycharmProjects/Quantumacy1/openfl-develop/Chestscan/envoy_folder/mnist_experiment/requirements.txt (line 26)) (2.16.0)
Requirement already satisfied: ipython-genutils==0.2.0 in /opt/homebrew/Caskroom/miniforge/base/envs/openfl/lib/python3.8/site-packages (from -r /Users/gabrielemorello/PycharmProjects/Quantumacy1/openfl-develop/Chestscan/envoy_folder/mnist_experiment/requirements.txt (line 27)) (0.2.0)
Requirement already satisfied: itsdangerous==2.1.2 in /opt/homebrew/Caskroom/miniforge/base/envs/openfl/lib/python3.8/site-packages (from -r /Users/gabrielemorello/PycharmProjects/Quantumacy1/openfl-develop/Chestscan/envoy_folder/mnist_experiment/requirements.txt (line 28)) (2.1.2)
Requirement already satisfied: keras==2.8.0 in /opt/homebrew/Caskroom/miniforge/base/envs/openfl/lib/python3.8/site-packages (from -r /Users/gabrielemorello/PycharmProjects/Quantumacy1/openfl-develop/Chestscan/envoy_folder/mnist_experiment/requirements.txt (line 29)) (2.8.0)
Requirement already satisfied: kiwisolver==1.3.2 in /opt/homebrew/Caskroom/miniforge/base/envs/openfl/lib/python3.8/site-packages (from -r /Users/gabrielemorello/PycharmProjects/Quantumacy1/openfl-develop/Chestscan/envoy_folder/mnist_experiment/requirements.txt (line 30)) (1.3.2)
Requirement already satisfied: libclang==13.0.0 in /opt/homebrew/Caskroom/miniforge/base/envs/openfl/lib/python3.8/site-packages (from -r /Users/gabrielemorello/PycharmProjects/Quantumacy1/openfl-develop/Chestscan/envoy_folder/mnist_experiment/requirements.txt (line 31)) (13.0.0)
Requirement already satisfied: matplotlib==3.5.1 in /opt/homebrew/Caskroom/miniforge/base/envs/openfl/lib/python3.8/site-packages (from -r /Users/gabrielemorello/PycharmProjects/Quantumacy1/openfl-develop/Chestscan/envoy_folder/mnist_experiment/requirements.txt (line 32)) (3.5.1)
Requirement already satisfied: msgpack==1.0.3 in /opt/homebrew/Caskroom/miniforge/base/envs/openfl/lib/python3.8/site-packages (from -r /Users/gabrielemorello/PycharmProjects/Quantumacy1/openfl-develop/Chestscan/envoy_folder/mnist_experiment/requirements.txt (line 33)) (1.0.3)
Requirement already satisfied: numpy==1.22.1 in /opt/homebrew/Caskroom/miniforge/base/envs/openfl/lib/python3.8/site-packages (from -r /Users/gabrielemorello/PycharmProjects/Quantumacy1/openfl-develop/Chestscan/envoy_folder/mnist_experiment/requirements.txt (line 34)) (1.22.1)
Requirement already satisfied: orjson==3.6.7 in /opt/homebrew/Caskroom/miniforge/base/envs/openfl/lib/python3.8/site-packages (from -r /Users/gabrielemorello/PycharmProjects/Quantumacy1/openfl-develop/Chestscan/envoy_folder/mnist_experiment/requirements.txt (line 35)) (3.6.7)
Requirement already satisfied: pandas==1.4.0 in /opt/homebrew/Caskroom/miniforge/base/envs/openfl/lib/python3.8/site-packages (from -r /Users/gabrielemorello/PycharmProjects/Quantumacy1/openfl-develop/Chestscan/envoy_folder/mnist_experiment/requirements.txt (line 36)) (1.4.0)
Requirement already satisfied: pandoc==2.0.1 in /opt/homebrew/Caskroom/miniforge/base/envs/openfl/lib/python3.8/site-packages (from -r /Users/gabrielemorello/PycharmProjects/Quantumacy1/openfl-develop/Chestscan/envoy_folder/mnist_experiment/requirements.txt (line 37)) (2.0.1)
Requirement already satisfied: Pillow==9.0.1 in /opt/homebrew/Caskroom/miniforge/base/envs/openfl/lib/python3.8/site-packages (from -r /Users/gabrielemorello/PycharmProjects/Quantumacy1/openfl-develop/Chestscan/envoy_folder/mnist_experiment/requirements.txt (line 38)) (9.0.1)
Requirement already satisfied: pip==22.0.3 in /opt/homebrew/Caskroom/miniforge/base/envs/openfl/lib/python3.8/site-packages (from -r /Users/gabrielemorello/PycharmProjects/Quantumacy1/openfl-develop/Chestscan/envoy_folder/mnist_experiment/requirements.txt (line 39)) (22.0.3)
Requirement already satisfied: plumbum==1.7.2 in /opt/homebrew/Caskroom/miniforge/base/envs/openfl/lib/python3.8/site-packages (from -r /Users/gabrielemorello/PycharmProjects/Quantumacy1/openfl-develop/Chestscan/envoy_folder/mnist_experiment/requirements.txt (line 40)) (1.7.2)
Requirement already satisfied: ply==3.11 in /opt/homebrew/Caskroom/miniforge/base/envs/openfl/lib/python3.8/site-packages (from -r /Users/gabrielemorello/PycharmProjects/Quantumacy1/openfl-develop/Chestscan/envoy_folder/mnist_experiment/requirements.txt (line 41)) (3.11)
Requirement already satisfied: promise==2.3 in /opt/homebrew/Caskroom/miniforge/base/envs/openfl/lib/python3.8/site-packages (from -r /Users/gabrielemorello/PycharmProjects/Quantumacy1/openfl-develop/Chestscan/envoy_folder/mnist_experiment/requirements.txt (line 42)) (2.3)
Requirement already satisfied: protobuf==3.19.4 in /opt/homebrew/Caskroom/miniforge/base/envs/openfl/lib/python3.8/site-packages (from -r /Users/gabrielemorello/PycharmProjects/Quantumacy1/openfl-develop/Chestscan/envoy_folder/mnist_experiment/requirements.txt (line 43)) (3.19.4)
Requirement already satisfied: pyarrow==6.0.1 in /opt/homebrew/Caskroom/miniforge/base/envs/openfl/lib/python3.8/site-packages (from -r /Users/gabrielemorello/PycharmProjects/Quantumacy1/openfl-develop/Chestscan/envoy_folder/mnist_experiment/requirements.txt (line 44)) (6.0.1)
Requirement already satisfied: pyasn1==0.4.8 in /opt/homebrew/Caskroom/miniforge/base/envs/openfl/lib/python3.8/site-packages (from -r /Users/gabrielemorello/PycharmProjects/Quantumacy1/openfl-develop/Chestscan/envoy_folder/mnist_experiment/requirements.txt (line 45)) (0.4.8)
Requirement already satisfied: pyasn1-modules==0.2.7 in /opt/homebrew/Caskroom/miniforge/base/envs/openfl/lib/python3.8/site-packages (from -r /Users/gabrielemorello/PycharmProjects/Quantumacy1/openfl-develop/Chestscan/envoy_folder/mnist_experiment/requirements.txt (line 46)) (0.2.7)
Requirement already satisfied: pydantic==1.9.0 in /opt/homebrew/Caskroom/miniforge/base/envs/openfl/lib/python3.8/site-packages (from -r /Users/gabrielemorello/PycharmProjects/Quantumacy1/openfl-develop/Chestscan/envoy_folder/mnist_experiment/requirements.txt (line 47)) (1.9.0)
Requirement already satisfied: python-dotenv==0.20.0 in /opt/homebrew/Caskroom/miniforge/base/envs/openfl/lib/python3.8/site-packages (from -r /Users/gabrielemorello/PycharmProjects/Quantumacy1/openfl-develop/Chestscan/envoy_folder/mnist_experiment/requirements.txt (line 48)) (0.20.0)
Requirement already satisfied: python-multipart==0.0.5 in /opt/homebrew/Caskroom/miniforge/base/envs/openfl/lib/python3.8/site-packages (from -r /Users/gabrielemorello/PycharmProjects/Quantumacy1/openfl-develop/Chestscan/envoy_folder/mnist_experiment/requirements.txt (line 49)) (0.0.5)
Requirement already satisfied: PyYAML==5.4.1 in /opt/homebrew/Caskroom/miniforge/base/envs/openfl/lib/python3.8/site-packages (from -r /Users/gabrielemorello/PycharmProjects/Quantumacy1/openfl-develop/Chestscan/envoy_folder/mnist_experiment/requirements.txt (line 50)) (5.4.1)
Requirement already satisfied: QKDSimkit==0.0.5 in /opt/homebrew/Caskroom/miniforge/base/envs/openfl/lib/python3.8/site-packages (from -r /Users/gabrielemorello/PycharmProjects/Quantumacy1/openfl-develop/Chestscan/envoy_folder/mnist_experiment/requirements.txt (line 51)) (0.0.5)
Requirement already satisfied: setuptools==60.7.1 in /opt/homebrew/Caskroom/miniforge/base/envs/openfl/lib/python3.8/site-packages (from -r /Users/gabrielemorello/PycharmProjects/Quantumacy1/openfl-develop/Chestscan/envoy_folder/mnist_experiment/requirements.txt (line 52)) (60.7.1)
Requirement already satisfied: sniffio==1.2.0 in /opt/homebrew/Caskroom/miniforge/base/envs/openfl/lib/python3.8/site-packages (from -r /Users/gabrielemorello/PycharmProjects/Quantumacy1/openfl-develop/Chestscan/envoy_folder/mnist_experiment/requirements.txt (line 53)) (1.2.0)
Requirement already satisfied: soupsieve==2.3.1 in /opt/homebrew/Caskroom/miniforge/base/envs/openfl/lib/python3.8/site-packages (from -r /Users/gabrielemorello/PycharmProjects/Quantumacy1/openfl-develop/Chestscan/envoy_folder/mnist_experiment/requirements.txt (line 54)) (2.3.1)
Requirement already satisfied: starlette==0.17.1 in /opt/homebrew/Caskroom/miniforge/base/envs/openfl/lib/python3.8/site-packages (from -r /Users/gabrielemorello/PycharmProjects/Quantumacy1/openfl-develop/Chestscan/envoy_folder/mnist_experiment/requirements.txt (line 55)) (0.17.1)
Requirement already satisfied: tensorboard==2.8.0 in /opt/homebrew/Caskroom/miniforge/base/envs/openfl/lib/python3.8/site-packages (from -r /Users/gabrielemorello/PycharmProjects/Quantumacy1/openfl-develop/Chestscan/envoy_folder/mnist_experiment/requirements.txt (line 56)) (2.8.0)
Requirement already satisfied: tensorflow-datasets==4.5.2 in /opt/homebrew/Caskroom/miniforge/base/envs/openfl/lib/python3.8/site-packages (from -r /Users/gabrielemorello/PycharmProjects/Quantumacy1/openfl-develop/Chestscan/envoy_folder/mnist_experiment/requirements.txt (line 57)) (4.5.2)
Requirement already satisfied: tensorflow-macos==2.8.0 in /opt/homebrew/Caskroom/miniforge/base/envs/openfl/lib/python3.8/site-packages (from -r /Users/gabrielemorello/PycharmProjects/Quantumacy1/openfl-develop/Chestscan/envoy_folder/mnist_experiment/requirements.txt (line 58)) (2.8.0)
Requirement already satisfied: tensorflow-metadata==1.6.0 in /opt/homebrew/Caskroom/miniforge/base/envs/openfl/lib/python3.8/site-packages (from -r /Users/gabrielemorello/PycharmProjects/Quantumacy1/openfl-develop/Chestscan/envoy_folder/mnist_experiment/requirements.txt (line 59)) (1.6.0)
Requirement already satisfied: tensorflow-metal==0.4.0 in /opt/homebrew/Caskroom/miniforge/base/envs/openfl/lib/python3.8/site-packages (from -r /Users/gabrielemorello/PycharmProjects/Quantumacy1/openfl-develop/Chestscan/envoy_folder/mnist_experiment/requirements.txt (line 60)) (0.4.0)
Requirement already satisfied: termcolor==1.1.0 in /opt/homebrew/Caskroom/miniforge/base/envs/openfl/lib/python3.8/site-packages (from -r /Users/gabrielemorello/PycharmProjects/Quantumacy1/openfl-develop/Chestscan/envoy_folder/mnist_experiment/requirements.txt (line 61)) (1.1.0)
Requirement already satisfied: tf-estimator-nightly==2.8.0.dev2021122109 in /opt/homebrew/Caskroom/miniforge/base/envs/openfl/lib/python3.8/site-packages (from -r /Users/gabrielemorello/PycharmProjects/Quantumacy1/openfl-develop/Chestscan/envoy_folder/mnist_experiment/requirements.txt (line 62)) (2.8.0.dev2021122109)
Requirement already satisfied: ujson==4.3.0 in /opt/homebrew/Caskroom/miniforge/base/envs/openfl/lib/python3.8/site-packages (from -r /Users/gabrielemorello/PycharmProjects/Quantumacy1/openfl-develop/Chestscan/envoy_folder/mnist_experiment/requirements.txt (line 63)) (4.3.0)
Requirement already satisfied: uvicorn==0.15.0 in /opt/homebrew/Caskroom/miniforge/base/envs/openfl/lib/python3.8/site-packages (from -r /Users/gabrielemorello/PycharmProjects/Quantumacy1/openfl-develop/Chestscan/envoy_folder/mnist_experiment/requirements.txt (line 64)) (0.15.0)
Requirement already satisfied: uvloop==0.16.0 in /opt/homebrew/Caskroom/miniforge/base/envs/openfl/lib/python3.8/site-packages (from -r /Users/gabrielemorello/PycharmProjects/Quantumacy1/openfl-develop/Chestscan/envoy_folder/mnist_experiment/requirements.txt (line 65)) (0.16.0)
Requirement already satisfied: watchgod==0.8.1 in /opt/homebrew/Caskroom/miniforge/base/envs/openfl/lib/python3.8/site-packages (from -r /Users/gabrielemorello/PycharmProjects/Quantumacy1/openfl-develop/Chestscan/envoy_folder/mnist_experiment/requirements.txt (line 66)) (0.8.1)
Requirement already satisfied: webencodings==0.5.1 in /opt/homebrew/Caskroom/miniforge/base/envs/openfl/lib/python3.8/site-packages (from -r /Users/gabrielemorello/PycharmProjects/Quantumacy1/openfl-develop/Chestscan/envoy_folder/mnist_experiment/requirements.txt (line 67)) (0.5.1)
Requirement already satisfied: websocket-client==1.2.3 in /opt/homebrew/Caskroom/miniforge/base/envs/openfl/lib/python3.8/site-packages (from -r /Users/gabrielemorello/PycharmProjects/Quantumacy1/openfl-develop/Chestscan/envoy_folder/mnist_experiment/requirements.txt (line 68)) (1.2.3)
Requirement already satisfied: websockets==10.2 in /opt/homebrew/Caskroom/miniforge/base/envs/openfl/lib/python3.8/site-packages (from -r /Users/gabrielemorello/PycharmProjects/Quantumacy1/openfl-develop/Chestscan/envoy_folder/mnist_experiment/requirements.txt (line 69)) (10.2)
Requirement already satisfied: wheel==0.37.1 in /opt/homebrew/Caskroom/miniforge/base/envs/openfl/lib/python3.8/site-packages (from -r /Users/gabrielemorello/PycharmProjects/Quantumacy1/openfl-develop/Chestscan/envoy_folder/mnist_experiment/requirements.txt (line 70)) (0.37.1)
Requirement already satisfied: async-timeout in /opt/homebrew/Caskroom/miniforge/base/envs/openfl/lib/python3.8/site-packages (from aioredis==1.3.1->-r /Users/gabrielemorello/PycharmProjects/Quantumacy1/openfl-develop/Chestscan/envoy_folder/mnist_experiment/requirements.txt (line 3)) (4.0.2)
Requirement already satisfied: idna>=2.8 in /opt/homebrew/Caskroom/miniforge/base/envs/openfl/lib/python3.8/site-packages (from anyio==3.5.0->-r /Users/gabrielemorello/PycharmProjects/Quantumacy1/openfl-develop/Chestscan/envoy_folder/mnist_experiment/requirements.txt (line 4)) (3.3)
Requirement already satisfied: requests!=2.18.0,>=2.14.2 in /opt/homebrew/Caskroom/miniforge/base/envs/openfl/lib/python3.8/site-packages (from docker==5.0.3->-r /Users/gabrielemorello/PycharmProjects/Quantumacy1/openfl-develop/Chestscan/envoy_folder/mnist_experiment/requirements.txt (line 14)) (2.27.1)
Requirement already satisfied: six in /opt/homebrew/Caskroom/miniforge/base/envs/openfl/lib/python3.8/site-packages (from flatten-json==0.1.13->-r /Users/gabrielemorello/PycharmProjects/Quantumacy1/openfl-develop/Chestscan/envoy_folder/mnist_experiment/requirements.txt (line 18)) (1.15.0)
Requirement already satisfied: tqdm in /opt/homebrew/Caskroom/miniforge/base/envs/openfl/lib/python3.8/site-packages (from gdown==4.2.1->-r /Users/gabrielemorello/PycharmProjects/Quantumacy1/openfl-develop/Chestscan/envoy_folder/mnist_experiment/requirements.txt (line 20)) (4.62.3)
Requirement already satisfied: packaging>=20.0 in /opt/homebrew/Caskroom/miniforge/base/envs/openfl/lib/python3.8/site-packages (from matplotlib==3.5.1->-r /Users/gabrielemorello/PycharmProjects/Quantumacy1/openfl-develop/Chestscan/envoy_folder/mnist_experiment/requirements.txt (line 32)) (21.3)
Requirement already satisfied: pyparsing>=2.2.1 in /opt/homebrew/Caskroom/miniforge/base/envs/openfl/lib/python3.8/site-packages (from matplotlib==3.5.1->-r /Users/gabrielemorello/PycharmProjects/Quantumacy1/openfl-develop/Chestscan/envoy_folder/mnist_experiment/requirements.txt (line 32)) (3.0.7)
Requirement already satisfied: python-dateutil>=2.7 in /opt/homebrew/Caskroom/miniforge/base/envs/openfl/lib/python3.8/site-packages (from matplotlib==3.5.1->-r /Users/gabrielemorello/PycharmProjects/Quantumacy1/openfl-develop/Chestscan/envoy_folder/mnist_experiment/requirements.txt (line 32)) (2.8.2)
Requirement already satisfied: pytz>=2020.1 in /opt/homebrew/Caskroom/miniforge/base/envs/openfl/lib/python3.8/site-packages (from pandas==1.4.0->-r /Users/gabrielemorello/PycharmProjects/Quantumacy1/openfl-develop/Chestscan/envoy_folder/mnist_experiment/requirements.txt (line 36)) (2021.3)
Requirement already satisfied: typing-extensions>=3.7.4.3 in /opt/homebrew/Caskroom/miniforge/base/envs/openfl/lib/python3.8/site-packages (from pydantic==1.9.0->-r /Users/gabrielemorello/PycharmProjects/Quantumacy1/openfl-develop/Chestscan/envoy_folder/mnist_experiment/requirements.txt (line 47)) (3.7.4.3)
Requirement already satisfied: cryptography in /opt/homebrew/Caskroom/miniforge/base/envs/openfl/lib/python3.8/site-packages (from QKDSimkit==0.0.5->-r /Users/gabrielemorello/PycharmProjects/Quantumacy1/openfl-develop/Chestscan/envoy_folder/mnist_experiment/requirements.txt (line 51)) (36.0.1)
Requirement already satisfied: google-auth<3,>=1.6.3 in /opt/homebrew/Caskroom/miniforge/base/envs/openfl/lib/python3.8/site-packages (from tensorboard==2.8.0->-r /Users/gabrielemorello/PycharmProjects/Quantumacy1/openfl-develop/Chestscan/envoy_folder/mnist_experiment/requirements.txt (line 56)) (1.35.0)
Requirement already satisfied: grpcio>=1.24.3 in /opt/homebrew/Caskroom/miniforge/base/envs/openfl/lib/python3.8/site-packages (from tensorboard==2.8.0->-r /Users/gabrielemorello/PycharmProjects/Quantumacy1/openfl-develop/Chestscan/envoy_folder/mnist_experiment/requirements.txt (line 56)) (1.42.0)
Requirement already satisfied: google-auth-oauthlib<0.5,>=0.4.1 in /opt/homebrew/Caskroom/miniforge/base/envs/openfl/lib/python3.8/site-packages (from tensorboard==2.8.0->-r /Users/gabrielemorello/PycharmProjects/Quantumacy1/openfl-develop/Chestscan/envoy_folder/mnist_experiment/requirements.txt (line 56)) (0.4.6)
Requirement already satisfied: werkzeug>=0.11.15 in /opt/homebrew/Caskroom/miniforge/base/envs/openfl/lib/python3.8/site-packages (from tensorboard==2.8.0->-r /Users/gabrielemorello/PycharmProjects/Quantumacy1/openfl-develop/Chestscan/envoy_folder/mnist_experiment/requirements.txt (line 56)) (2.0.2)
Requirement already satisfied: tensorboard-plugin-wit>=1.6.0 in /opt/homebrew/Caskroom/miniforge/base/envs/openfl/lib/python3.8/site-packages (from tensorboard==2.8.0->-r /Users/gabrielemorello/PycharmProjects/Quantumacy1/openfl-develop/Chestscan/envoy_folder/mnist_experiment/requirements.txt (line 56)) (1.8.1)
Requirement already satisfied: tensorboard-data-server<0.7.0,>=0.6.0 in /opt/homebrew/Caskroom/miniforge/base/envs/openfl/lib/python3.8/site-packages (from tensorboard==2.8.0->-r /Users/gabrielemorello/PycharmProjects/Quantumacy1/openfl-develop/Chestscan/envoy_folder/mnist_experiment/requirements.txt (line 56)) (0.6.0)
Requirement already satisfied: absl-py>=0.4 in /opt/homebrew/Caskroom/miniforge/base/envs/openfl/lib/python3.8/site-packages (from tensorboard==2.8.0->-r /Users/gabrielemorello/PycharmProjects/Quantumacy1/openfl-develop/Chestscan/envoy_folder/mnist_experiment/requirements.txt (line 56)) (0.15.0)
Requirement already satisfied: markdown>=2.6.8 in /opt/homebrew/Caskroom/miniforge/base/envs/openfl/lib/python3.8/site-packages (from tensorboard==2.8.0->-r /Users/gabrielemorello/PycharmProjects/Quantumacy1/openfl-develop/Chestscan/envoy_folder/mnist_experiment/requirements.txt (line 56)) (3.3.6)
Requirement already satisfied: importlib-resources in /opt/homebrew/Caskroom/miniforge/base/envs/openfl/lib/python3.8/site-packages (from tensorflow-datasets==4.5.2->-r /Users/gabrielemorello/PycharmProjects/Quantumacy1/openfl-develop/Chestscan/envoy_folder/mnist_experiment/requirements.txt (line 57)) (5.4.0)
Requirement already satisfied: keras-preprocessing>=1.1.1 in /opt/homebrew/Caskroom/miniforge/base/envs/openfl/lib/python3.8/site-packages (from tensorflow-macos==2.8.0->-r /Users/gabrielemorello/PycharmProjects/Quantumacy1/openfl-develop/Chestscan/envoy_folder/mnist_experiment/requirements.txt (line 58)) (1.1.2)
Requirement already satisfied: flatbuffers>=1.12 in /opt/homebrew/Caskroom/miniforge/base/envs/openfl/lib/python3.8/site-packages (from tensorflow-macos==2.8.0->-r /Users/gabrielemorello/PycharmProjects/Quantumacy1/openfl-develop/Chestscan/envoy_folder/mnist_experiment/requirements.txt (line 58)) (1.12)
Requirement already satisfied: h5py>=2.9.0 in /opt/homebrew/Caskroom/miniforge/base/envs/openfl/lib/python3.8/site-packages (from tensorflow-macos==2.8.0->-r /Users/gabrielemorello/PycharmProjects/Quantumacy1/openfl-develop/Chestscan/envoy_folder/mnist_experiment/requirements.txt (line 58)) (3.6.0)
Requirement already satisfied: gast>=0.2.1 in /opt/homebrew/Caskroom/miniforge/base/envs/openfl/lib/python3.8/site-packages (from tensorflow-macos==2.8.0->-r /Users/gabrielemorello/PycharmProjects/Quantumacy1/openfl-develop/Chestscan/envoy_folder/mnist_experiment/requirements.txt (line 58)) (0.4.0)
Requirement already satisfied: opt-einsum>=2.3.2 in /opt/homebrew/Caskroom/miniforge/base/envs/openfl/lib/python3.8/site-packages (from tensorflow-macos==2.8.0->-r /Users/gabrielemorello/PycharmProjects/Quantumacy1/openfl-develop/Chestscan/envoy_folder/mnist_experiment/requirements.txt (line 58)) (3.3.0)
Requirement already satisfied: astunparse>=1.6.0 in /opt/homebrew/Caskroom/miniforge/base/envs/openfl/lib/python3.8/site-packages (from tensorflow-macos==2.8.0->-r /Users/gabrielemorello/PycharmProjects/Quantumacy1/openfl-develop/Chestscan/envoy_folder/mnist_experiment/requirements.txt (line 58)) (1.6.3)
Requirement already satisfied: wrapt>=1.11.0 in /opt/homebrew/Caskroom/miniforge/base/envs/openfl/lib/python3.8/site-packages (from tensorflow-macos==2.8.0->-r /Users/gabrielemorello/PycharmProjects/Quantumacy1/openfl-develop/Chestscan/envoy_folder/mnist_experiment/requirements.txt (line 58)) (1.12.1)
Requirement already satisfied: click>=7.0 in /opt/homebrew/Caskroom/miniforge/base/envs/openfl/lib/python3.8/site-packages (from uvicorn==0.15.0->-r /Users/gabrielemorello/PycharmProjects/Quantumacy1/openfl-develop/Chestscan/envoy_folder/mnist_experiment/requirements.txt (line 64)) (8.0.3)
Requirement already satisfied: cachetools<5.0,>=2.0.0 in /opt/homebrew/Caskroom/miniforge/base/envs/openfl/lib/python3.8/site-packages (from google-auth<3,>=1.6.3->tensorboard==2.8.0->-r /Users/gabrielemorello/PycharmProjects/Quantumacy1/openfl-develop/Chestscan/envoy_folder/mnist_experiment/requirements.txt (line 56)) (4.2.4)
Requirement already satisfied: rsa<5,>=3.1.4 in /opt/homebrew/Caskroom/miniforge/base/envs/openfl/lib/python3.8/site-packages (from google-auth<3,>=1.6.3->tensorboard==2.8.0->-r /Users/gabrielemorello/PycharmProjects/Quantumacy1/openfl-develop/Chestscan/envoy_folder/mnist_experiment/requirements.txt (line 56)) (4.8)
Requirement already satisfied: requests-oauthlib>=0.7.0 in /opt/homebrew/Caskroom/miniforge/base/envs/openfl/lib/python3.8/site-packages (from google-auth-oauthlib<0.5,>=0.4.1->tensorboard==2.8.0->-r /Users/gabrielemorello/PycharmProjects/Quantumacy1/openfl-develop/Chestscan/envoy_folder/mnist_experiment/requirements.txt (line 56)) (1.3.1)
Requirement already satisfied: importlib-metadata>=4.4 in /opt/homebrew/Caskroom/miniforge/base/envs/openfl/lib/python3.8/site-packages (from markdown>=2.6.8->tensorboard==2.8.0->-r /Users/gabrielemorello/PycharmProjects/Quantumacy1/openfl-develop/Chestscan/envoy_folder/mnist_experiment/requirements.txt (line 56)) (4.10.1)
Requirement already satisfied: charset-normalizer~=2.0.0 in /opt/homebrew/Caskroom/miniforge/base/envs/openfl/lib/python3.8/site-packages (from requests!=2.18.0,>=2.14.2->docker==5.0.3->-r /Users/gabrielemorello/PycharmProjects/Quantumacy1/openfl-develop/Chestscan/envoy_folder/mnist_experiment/requirements.txt (line 14)) (2.0.11)
Requirement already satisfied: urllib3<1.27,>=1.21.1 in /opt/homebrew/Caskroom/miniforge/base/envs/openfl/lib/python3.8/site-packages (from requests!=2.18.0,>=2.14.2->docker==5.0.3->-r /Users/gabrielemorello/PycharmProjects/Quantumacy1/openfl-develop/Chestscan/envoy_folder/mnist_experiment/requirements.txt (line 14)) (1.26.8)
Requirement already satisfied: cffi>=1.12 in /opt/homebrew/Caskroom/miniforge/base/envs/openfl/lib/python3.8/site-packages (from cryptography->QKDSimkit==0.0.5->-r /Users/gabrielemorello/PycharmProjects/Quantumacy1/openfl-develop/Chestscan/envoy_folder/mnist_experiment/requirements.txt (line 51)) (1.15.0)
Requirement already satisfied: jinja2<4.0.0,>=2.11.2 in /opt/homebrew/Caskroom/miniforge/base/envs/openfl/lib/python3.8/site-packages (from fastapi==0.75.0->-r /Users/gabrielemorello/PycharmProjects/Quantumacy1/openfl-develop/Chestscan/envoy_folder/mnist_experiment/requirements.txt (line 16)) (3.0.3)
Requirement already satisfied: zipp>=3.1.0 in /opt/homebrew/Caskroom/miniforge/base/envs/openfl/lib/python3.8/site-packages (from importlib-resources->tensorflow-datasets==4.5.2->-r /Users/gabrielemorello/PycharmProjects/Quantumacy1/openfl-develop/Chestscan/envoy_folder/mnist_experiment/requirements.txt (line 57)) (3.7.0)
Requirement already satisfied: PySocks!=1.5.7,>=1.5.6 in /opt/homebrew/Caskroom/miniforge/base/envs/openfl/lib/python3.8/site-packages (from requests!=2.18.0,>=2.14.2->docker==5.0.3->-r /Users/gabrielemorello/PycharmProjects/Quantumacy1/openfl-develop/Chestscan/envoy_folder/mnist_experiment/requirements.txt (line 14)) (1.7.1)
Requirement already satisfied: pycparser in /opt/homebrew/Caskroom/miniforge/base/envs/openfl/lib/python3.8/site-packages (from cffi>=1.12->cryptography->QKDSimkit==0.0.5->-r /Users/gabrielemorello/PycharmProjects/Quantumacy1/openfl-develop/Chestscan/envoy_folder/mnist_experiment/requirements.txt (line 51)) (2.21)
Requirement already satisfied: MarkupSafe>=2.0 in /opt/homebrew/Caskroom/miniforge/base/envs/openfl/lib/python3.8/site-packages (from jinja2<4.0.0,>=2.11.2->fastapi==0.75.0->-r /Users/gabrielemorello/PycharmProjects/Quantumacy1/openfl-develop/Chestscan/envoy_folder/mnist_experiment/requirements.txt (line 16)) (2.0.1)
Requirement already satisfied: oauthlib>=3.0.0 in /opt/homebrew/Caskroom/miniforge/base/envs/openfl/lib/python3.8/site-packages (from requests-oauthlib>=0.7.0->google-auth-oauthlib<0.5,>=0.4.1->tensorboard==2.8.0->-r /Users/gabrielemorello/PycharmProjects/Quantumacy1/openfl-develop/Chestscan/envoy_folder/mnist_experiment/requirements.txt (line 56)) (3.2.0)
[16:17:36] INFO     FL-Plan hash is cb2b58f99f70066bfd63cad085340da1bbd8342f74170643df6f642cf1ebea122e0a34ede65a184965730ea7d99a848b                 plan.py:231
           INFO     FL-Plan hash is cb2b58f99f70066bfd63cad085340da1bbd8342f74170643df6f642cf1ebea122e0a34ede65a184965730ea7d99a848b                 plan.py:231
           INFO     Parsing Federated Learning Plan : SUCCESS : plan/plan.yaml.                                                                      plan.py:141
           INFO     aggregator:                                                                                                                      plan.py:145
                      settings:                                                                                                                                 
                        best_state_path: save/best.pbuf                                                                                                         
                        db_store_rounds: 1                                                                                                                      
                        init_state_path: save/init.pbuf                                                                                                         
                        last_state_path: save/last.pbuf                                                                                                         
                        rounds_to_train: 5                                                                                                                      
                      template: openfl.component.Aggregator                                                                                                     
                    api_layer:                                                                                                                                  
                      required_plugin_components:                                                                                                               
                        serializer_plugin: openfl.plugins.interface_serializer.cloudpickle_serializer.CloudpickleSerializer                                     
                      settings:                                                                                                                                 
                        dataloader_interface_file: loader_obj.pkl                                                                                               
                        model_interface_file: model_obj.pkl                                                                                                     
                        tasks_interface_file: tasks_obj.pkl                                                                                                     
                    assigner:                                                                                                                                   
                      settings:                                                                                                                                 
                        task_groups:                                                                                                                            
                        - name: train_and_validate                                                                                                              
                          percentage: 1.0                                                                                                                       
                          tasks:                                                                                                                                
                          - train                                                                                                                               
                      template: openfl.component.RandomGroupedAssigner                                                                                          
                    collaborator:                                                                                                                               
                      settings:                                                                                                                                 
                        db_store_rounds: 1                                                                                                                      
                        delta_updates: false                                                                                                                    
                        opt_treatment: CONTINUE_GLOBAL                                                                                                          
                      template: openfl.component.Collaborator                                                                                                   
                    data_loader:                                                                                                                                
                      settings:                                                                                                                                 
                        train_bs: 64                                                                                                                            
                        valid_bs: 64                                                                                                                            
                      template: openfl.federated.DataLoader                                                                                                     
                    network:                                                                                                                                    
                      settings:                                                                                                                                 
                        agg_addr: localhost                                                                                                                     
                        agg_port: 3002                                                                                                                          
                        cert_folder: cert                                                                                                                       
                        client_reconnect_interval: 5                                                                                                            
                        disable_client_auth: false                                                                                                              
                        hash_salt: auto                                                                                                                         
                        tls: false                                                                                                                              
                      template: openfl.federation.Network                                                                                                       
                    task_runner:                                                                                                                                
                      required_plugin_components:                                                                                                               
                        framework_adapters: openfl.plugins.frameworks_adapters.keras_adapter.FrameworkAdapterPlugin                                             
                      settings: {}                                                                                                                              
                      template: openfl.federated.task.task_runner.CoreTaskRunner                                                                                
                    tasks:                                                                                                                                      
                      settings: {}                                                                                                                              
                      train:                                                                                                                                    
                        function: train                                                                                                                         
                        kwargs: {}                                                                                                                              
                                                                                                                                                                
Data = {}
           INFO     🧿 Starting a Collaborator Service.                                                                                             envoy.py:101
           INFO     Building 🡆 Object CloudpickleSerializer from openfl.plugins.interface_serializer.cloudpickle_serializer Module.                  plan.py:170
           INFO     Settings 🡆 {}                                                                                                                    plan.py:173
           INFO     Override 🡆 {}                                                                                                                    plan.py:175
Metal device set to: Apple M1 Pro

systemMemory: 16.00 GB
maxCacheSize: 5.33 GB

           INFO     Building 🡆 Object CoreTaskRunner from openfl.federated.task.task_runner Module.                                                  plan.py:170
           INFO     Settings 🡆 {}                                                                                                                    plan.py:173
           INFO     Override 🡆 {'required_plugin_components': {'framework_adapters':                                                                 plan.py:175
                    'openfl.plugins.frameworks_adapters.keras_adapter.FrameworkAdapterPlugin'}}                                                                 
           INFO     Building 🡆 Object FrameworkAdapterPlugin from openfl.plugins.frameworks_adapters.keras_adapter Module.                           plan.py:170
           INFO     Settings 🡆 {}                                                                                                                    plan.py:173
           INFO     Override 🡆 {}                                                                                                                    plan.py:175
           WARNING  tried to remove tensor: __opt_state_needed not present in the tensor dict                                                       utils.py:163
           INFO     Building 🡆 Object NoCompressionPipeline from openfl.pipelines Module.                                                            plan.py:170
           INFO     Settings 🡆 {}                                                                                                                    plan.py:173
           INFO     Override 🡆 {}                                                                                                                    plan.py:175
           INFO     Building 🡆 Object Collaborator from openfl.component Module.                                                                     plan.py:170
           INFO     Settings 🡆 {'db_store_rounds': 1, 'delta_updates': False, 'opt_treatment': 'CONTINUE_GLOBAL', 'collaborator_name': 'env_one',    plan.py:173
                    'aggregator_uuid': 'aggregator_plan.yaml_cb2b58f9', 'federation_uuid': 'plan.yaml_cb2b58f9', 'task_runner':                                 
                    <openfl.federated.task.task_runner.CoreTaskRunner object at 0x17749db50>, 'compression_pipeline':                                           
                    <openfl.pipelines.no_compression_pipeline.NoCompressionPipeline object at 0x177c04ac0>, 'task_config': {'settings': {}, 'train':            
                    {'function': 'train', 'kwargs': {}}}, 'client': <openfl.transport.grpc.client.CollaboratorGRPCClient object at 0x177c3aa90>}                
           INFO     Override 🡆 {}                                                                                                                    plan.py:175
           INFO     Waiting for tasks...                                                                                                     collaborator.py:153
           INFO     asking key                                                                                                                     client.py:288
           INFO     getting key                                                                                                                    client.py:290
[16:17:37] INFO     {"keys":[{"key_ID":0,"key":"LFJhXMZApa5J4onuOQpUFHTkIzP1667dbCIWA0TOj2A="}]}                                                   client.py:280
           INFO     Received the following tasks: ['train']                                                                                  collaborator.py:118
           INFO     Using Interactive Python API                                                                                             collaborator.py:198
/opt/homebrew/Caskroom/miniforge/base/envs/openfl/lib/python3.8/site-packages/tensorflow/python/util/dispatch.py:1096: UserWarning: "`binary_crossentropy` received `from_logits=True`, but the `output` argument was produced by a sigmoid or softmax activation and thus does not represent logits. Was this intended?"
  return dispatch_target(*args, **kwargs)
  1/507 [..............................] - ETA: 1:49 - loss: 0.7035 - accuracy: 0.4375 14/507 [..............................] - ETA: 2s - loss: 2.2325 - accuracy: 0.6674   26/507 [>.............................] - ETA: 2s - loss: 1.2280 - accuracy: 0.8107 38/507 [=>............................] - ETA: 1s - loss: 0.8576 - accuracy: 0.8631 50/507 [=>............................] - ETA: 1s - loss: 0.6651 - accuracy: 0.8903 63/507 [==>...........................] - ETA: 1s - loss: 0.5394 - accuracy: 0.9087 76/507 [===>..........................] - ETA: 1s - loss: 0.4575 - accuracy: 0.9204 88/507 [====>.........................] - ETA: 1s - loss: 0.4008 - accuracy: 0.9284 95/507 [====>.........................] - ETA: 1s - loss: 0.3768 - accuracy: 0.9319107/507 [=====>........................] - ETA: 1s - loss: 0.3382 - accuracy: 0.9381119/507 [======>.......................] - ETA: 1s - loss: 0.3076 - accuracy: 0.9428131/507 [======>.......................] - ETA: 1s - loss: 0.2831 - accuracy: 0.9467143/507 [=======>......................] - ETA: 1s - loss: 0.2628 - accuracy: 0.9501155/507 [========>.....................] - ETA: 1s - loss: 0.2457 - accuracy: 0.9530167/507 [========>.....................] - ETA: 1s - loss: 0.2322 - accuracy: 0.9549179/507 [=========>....................] - ETA: 1s - loss: 0.2188 - accuracy: 0.9571191/507 [==========>...................] - ETA: 1s - loss: 0.2070 - accuracy: 0.9593203/507 [===========>..................] - ETA: 1s - loss: 0.1988 - accuracy: 0.9605215/507 [===========>..................] - ETA: 1s - loss: 0.1907 - accuracy: 0.9615227/507 [============>.................] - ETA: 1s - loss: 0.1841 - accuracy: 0.9626240/507 [=============>................] - ETA: 1s - loss: 0.1772 - accuracy: 0.9633253/507 [=============>................] - ETA: 1s - loss: 0.1709 - accuracy: 0.9641266/507 [==============>...............] - ETA: 1s - loss: 0.1652 - accuracy: 0.9650278/507 [===============>..............] - ETA: 0s - loss: 0.1608 - accuracy: 0.9657291/507 [================>.............] - ETA: 0s - loss: 0.1555 - accuracy: 0.9665304/507 [================>.............] - ETA: 0s - loss: 0.1511 - accuracy: 0.9672316/507 [=================>............] - ETA: 0s - loss: 0.1475 - accuracy: 0.9677329/507 [==================>...........] - ETA: 0s - loss: 0.1433 - accuracy: 0.9686342/507 [===================>..........] - ETA: 0s - loss: 0.1396 - accuracy: 0.9691354/507 [===================>..........] - ETA: 0s - loss: 0.1360 - accuracy: 0.9697367/507 [====================>.........] - ETA: 0s - loss: 0.1329 - accuracy: 0.9702380/507 [=====================>........] - ETA: 0s - loss: 0.1307 - accuracy: 0.9704393/507 [======================>.......] - ETA: 0s - loss: 0.1284 - accuracy: 0.9707405/507 [======================>.......] - ETA: 0s - loss: 0.1256 - accuracy: 0.9713418/507 [=======================>......] - ETA: 0s - loss: 0.1228 - accuracy: 0.9717431/507 [========================>.....] - ETA: 0s - loss: 0.1197 - accuracy: 0.9724443/507 [=========================>....] - ETA: 0s - loss: 0.1179 - accuracy: 0.9728456/507 [=========================>....] - ETA: 0s - loss: 0.1154 - accuracy: 0.9733467/507 [==========================>...] - ETA: 0s - loss: 0.1136 - accuracy: 0.9737479/507 [===========================>..] - ETA: 0s - loss: 0.1120 - accuracy: 0.9739491/507 [============================>.] - ETA: 0s - loss: 0.1102 - accuracy: 0.9742504/507 [============================>.] - ETA: 0s - loss: 0.1080 - accuracy: 0.9747507/507 [==============================] - 3s 5ms/step - loss: 0.1077 - accuracy: 0.9747 - val_loss: 0.0092 - val_accuracy: 1.0000
[16:17:43] WARNING  tried to remove tensor: __opt_state_needed not present in the tensor dict                                                       utils.py:163
           WARNING  tried to remove tensor: __opt_state_needed not present in the tensor dict                                                       utils.py:163
           WARNING  tried to remove tensor: __opt_state_needed not present in the tensor dict                                                       utils.py:163
           METRIC   Round 0, collaborator env_one is sending metric for task train: train_acc       1.0                                      collaborator.py:365
           INFO     Waiting for tasks...                                                                                                     collaborator.py:153
[16:17:53] INFO     Waiting for tasks...                                                                                                     collaborator.py:153
[16:18:03] INFO     Waiting for tasks...                                                                                                     collaborator.py:153
           INFO     Received the following tasks: ['train']                                                                                  collaborator.py:118
           INFO     Using Interactive Python API                                                                                             collaborator.py:198
/opt/homebrew/Caskroom/miniforge/base/envs/openfl/lib/python3.8/site-packages/tensorflow/python/util/dispatch.py:1096: UserWarning: "`binary_crossentropy` received `from_logits=True`, but the `output` argument was produced by a sigmoid or softmax activation and thus does not represent logits. Was this intended?"
  return dispatch_target(*args, **kwargs)
  1/507 [..............................] - ETA: 1:19 - loss: 0.0271 - accuracy: 0.9844 13/507 [..............................] - ETA: 2s - loss: 0.0423 - accuracy: 0.9832   25/507 [>.............................] - ETA: 2s - loss: 0.0393 - accuracy: 0.9850 37/507 [=>............................] - ETA: 2s - loss: 0.0351 - accuracy: 0.9856 50/507 [=>............................] - ETA: 1s - loss: 0.0353 - accuracy: 0.9866 63/507 [==>...........................] - ETA: 1s - loss: 0.0365 - accuracy: 0.9866 76/507 [===>..........................] - ETA: 1s - loss: 0.0365 - accuracy: 0.9873 88/507 [====>.........................] - ETA: 1s - loss: 0.0398 - accuracy: 0.9863101/507 [====>.........................] - ETA: 1s - loss: 0.0396 - accuracy: 0.9867108/507 [=====>........................] - ETA: 1s - loss: 0.0410 - accuracy: 0.9857120/507 [======>.......................] - ETA: 1s - loss: 0.0422 - accuracy: 0.9852132/507 [======>.......................] - ETA: 1s - loss: 0.0405 - accuracy: 0.9859143/507 [=======>......................] - ETA: 1s - loss: 0.0407 - accuracy: 0.9860154/507 [========>.....................] - ETA: 1s - loss: 0.0408 - accuracy: 0.9864166/507 [========>.....................] - ETA: 1s - loss: 0.0405 - accuracy: 0.9866178/507 [=========>....................] - ETA: 1s - loss: 0.0400 - accuracy: 0.9868190/507 [==========>...................] - ETA: 1s - loss: 0.0386 - accuracy: 0.9874201/507 [==========>...................] - ETA: 1s - loss: 0.0396 - accuracy: 0.9869213/507 [===========>..................] - ETA: 1s - loss: 0.0391 - accuracy: 0.9867225/507 [============>.................] - ETA: 1s - loss: 0.0393 - accuracy: 0.9867237/507 [=============>................] - ETA: 1s - loss: 0.0398 - accuracy: 0.9866250/507 [=============>................] - ETA: 1s - loss: 0.0392 - accuracy: 0.9870263/507 [==============>...............] - ETA: 1s - loss: 0.0393 - accuracy: 0.9869276/507 [===============>..............] - ETA: 1s - loss: 0.0400 - accuracy: 0.9866289/507 [================>.............] - ETA: 0s - loss: 0.0400 - accuracy: 0.9869302/507 [================>.............] - ETA: 0s - loss: 0.0398 - accuracy: 0.9869315/507 [=================>............] - ETA: 0s - loss: 0.0397 - accuracy: 0.9867328/507 [==================>...........] - ETA: 0s - loss: 0.0390 - accuracy: 0.9869341/507 [===================>..........] - ETA: 0s - loss: 0.0397 - accuracy: 0.9867354/507 [===================>..........] - ETA: 0s - loss: 0.0398 - accuracy: 0.9867367/507 [====================>.........] - ETA: 0s - loss: 0.0399 - accuracy: 0.9866380/507 [=====================>........] - ETA: 0s - loss: 0.0397 - accuracy: 0.9868393/507 [======================>.......] - ETA: 0s - loss: 0.0402 - accuracy: 0.9867406/507 [=======================>......] - ETA: 0s - loss: 0.0400 - accuracy: 0.9869419/507 [=======================>......] - ETA: 0s - loss: 0.0402 - accuracy: 0.9868432/507 [========================>.....] - ETA: 0s - loss: 0.0405 - accuracy: 0.9867445/507 [=========================>....] - ETA: 0s - loss: 0.0400 - accuracy: 0.9869458/507 [==========================>...] - ETA: 0s - loss: 0.0401 - accuracy: 0.9868471/507 [==========================>...] - ETA: 0s - loss: 0.0401 - accuracy: 0.9868484/507 [===========================>..] - ETA: 0s - loss: 0.0399 - accuracy: 0.9868497/507 [============================>.] - ETA: 0s - loss: 0.0402 - accuracy: 0.9867507/507 [==============================] - ETA: 0s - loss: 0.0401 - accuracy: 0.9867507/507 [==============================] - 2s 4ms/step - loss: 0.0401 - accuracy: 0.9867 - val_loss: 0.0154 - val_accuracy: 0.9915
[16:18:12] WARNING  tried to remove tensor: __opt_state_needed not present in the tensor dict                                                       utils.py:163
           WARNING  tried to remove tensor: __opt_state_needed not present in the tensor dict                                                       utils.py:163
           WARNING  tried to remove tensor: __opt_state_needed not present in the tensor dict                                                       utils.py:163
           METRIC   Round 1, collaborator env_one is sending metric for task train: train_acc       0.9914530515670776                       collaborator.py:365
           INFO     Waiting for tasks...                                                                                                     collaborator.py:153
           INFO     Received the following tasks: ['train']                                                                                  collaborator.py:118
           INFO     Using Interactive Python API                                                                                             collaborator.py:198
/opt/homebrew/Caskroom/miniforge/base/envs/openfl/lib/python3.8/site-packages/tensorflow/python/util/dispatch.py:1096: UserWarning: "`binary_crossentropy` received `from_logits=True`, but the `output` argument was produced by a sigmoid or softmax activation and thus does not represent logits. Was this intended?"
  return dispatch_target(*args, **kwargs)
  1/507 [..............................] - ETA: 1:10 - loss: 0.0041 - accuracy: 1.0000 13/507 [..............................] - ETA: 2s - loss: 0.0326 - accuracy: 0.9928   26/507 [>.............................] - ETA: 2s - loss: 0.0334 - accuracy: 0.9898 39/507 [=>............................] - ETA: 1s - loss: 0.0345 - accuracy: 0.9892 52/507 [==>...........................] - ETA: 1s - loss: 0.0332 - accuracy: 0.9886 65/507 [==>...........................] - ETA: 1s - loss: 0.0353 - accuracy: 0.9885 78/507 [===>..........................] - ETA: 1s - loss: 0.0356 - accuracy: 0.9878 91/507 [====>.........................] - ETA: 1s - loss: 0.0366 - accuracy: 0.9871104/507 [=====>........................] - ETA: 1s - loss: 0.0361 - accuracy: 0.9875117/507 [=====>........................] - ETA: 1s - loss: 0.0380 - accuracy: 0.9869129/507 [======>.......................] - ETA: 1s - loss: 0.0386 - accuracy: 0.9869141/507 [=======>......................] - ETA: 1s - loss: 0.0377 - accuracy: 0.9869153/507 [========>.....................] - ETA: 1s - loss: 0.0380 - accuracy: 0.9870165/507 [========>.....................] - ETA: 1s - loss: 0.0380 - accuracy: 0.9867178/507 [=========>....................] - ETA: 1s - loss: 0.0379 - accuracy: 0.9870185/507 [=========>....................] - ETA: 1s - loss: 0.0380 - accuracy: 0.9869197/507 [==========>...................] - ETA: 1s - loss: 0.0373 - accuracy: 0.9872209/507 [===========>..................] - ETA: 1s - loss: 0.0370 - accuracy: 0.9871221/507 [============>.................] - ETA: 1s - loss: 0.0366 - accuracy: 0.9873233/507 [============>.................] - ETA: 1s - loss: 0.0369 - accuracy: 0.9871245/507 [=============>................] - ETA: 1s - loss: 0.0370 - accuracy: 0.9871257/507 [==============>...............] - ETA: 1s - loss: 0.0383 - accuracy: 0.9866268/507 [==============>...............] - ETA: 1s - loss: 0.0382 - accuracy: 0.9866280/507 [===============>..............] - ETA: 0s - loss: 0.0380 - accuracy: 0.9864292/507 [================>.............] - ETA: 0s - loss: 0.0386 - accuracy: 0.9864305/507 [=================>............] - ETA: 0s - loss: 0.0385 - accuracy: 0.9863318/507 [=================>............] - ETA: 0s - loss: 0.0398 - accuracy: 0.9860331/507 [==================>...........] - ETA: 0s - loss: 0.0400 - accuracy: 0.9861344/507 [===================>..........] - ETA: 0s - loss: 0.0405 - accuracy: 0.9858357/507 [====================>.........] - ETA: 0s - loss: 0.0406 - accuracy: 0.9857370/507 [====================>.........] - ETA: 0s - loss: 0.0401 - accuracy: 0.9859383/507 [=====================>........] - ETA: 0s - loss: 0.0400 - accuracy: 0.9860396/507 [======================>.......] - ETA: 0s - loss: 0.0397 - accuracy: 0.9861409/507 [=======================>......] - ETA: 0s - loss: 0.0393 - accuracy: 0.9863422/507 [=======================>......] - ETA: 0s - loss: 0.0390 - accuracy: 0.9863435/507 [========================>.....] - ETA: 0s - loss: 0.0390 - accuracy: 0.9864447/507 [=========================>....] - ETA: 0s - loss: 0.0397 - accuracy: 0.9862460/507 [==========================>...] - ETA: 0s - loss: 0.0395 - accuracy: 0.9862472/507 [==========================>...] - ETA: 0s - loss: 0.0392 - accuracy: 0.9864485/507 [===========================>..] - ETA: 0s - loss: 0.0389 - accuracy: 0.9865498/507 [============================>.] - ETA: 0s - loss: 0.0385 - accuracy: 0.9867507/507 [==============================] - ETA: 0s - loss: 0.0382 - accuracy: 0.9868507/507 [==============================] - 2s 5ms/step - loss: 0.0382 - accuracy: 0.9868 - val_loss: 0.0088 - val_accuracy: 1.0000
[16:18:17] WARNING  tried to remove tensor: __opt_state_needed not present in the tensor dict                                                       utils.py:163
           WARNING  tried to remove tensor: __opt_state_needed not present in the tensor dict                                                       utils.py:163
           WARNING  tried to remove tensor: __opt_state_needed not present in the tensor dict                                                       utils.py:163
           METRIC   Round 2, collaborator env_one is sending metric for task train: train_acc       1.0                                      collaborator.py:365
           INFO     Waiting for tasks...                                                                                                     collaborator.py:153
[16:18:27] INFO     Waiting for tasks...                                                                                                     collaborator.py:153
           INFO     Received the following tasks: ['train']                                                                                  collaborator.py:118
           INFO     Using Interactive Python API                                                                                             collaborator.py:198
/opt/homebrew/Caskroom/miniforge/base/envs/openfl/lib/python3.8/site-packages/tensorflow/python/util/dispatch.py:1096: UserWarning: "`binary_crossentropy` received `from_logits=True`, but the `output` argument was produced by a sigmoid or softmax activation and thus does not represent logits. Was this intended?"
  return dispatch_target(*args, **kwargs)
  1/507 [..............................] - ETA: 1:30 - loss: 0.1442 - accuracy: 0.9688 11/507 [..............................] - ETA: 2s - loss: 0.0511 - accuracy: 0.9830   22/507 [>.............................] - ETA: 2s - loss: 0.0364 - accuracy: 0.9893 33/507 [>.............................] - ETA: 2s - loss: 0.0403 - accuracy: 0.9882 42/507 [=>............................] - ETA: 2s - loss: 0.0417 - accuracy: 0.9881 52/507 [==>...........................] - ETA: 2s - loss: 0.0438 - accuracy: 0.9874 62/507 [==>...........................] - ETA: 2s - loss: 0.0428 - accuracy: 0.9879 72/507 [===>..........................] - ETA: 2s - loss: 0.0392 - accuracy: 0.9889 82/507 [===>..........................] - ETA: 2s - loss: 0.0381 - accuracy: 0.9891 94/507 [====>.........................] - ETA: 2s - loss: 0.0408 - accuracy: 0.9875106/507 [=====>........................] - ETA: 2s - loss: 0.0382 - accuracy: 0.9882118/507 [=====>........................] - ETA: 1s - loss: 0.0385 - accuracy: 0.9877130/507 [======>.......................] - ETA: 1s - loss: 0.0386 - accuracy: 0.9877143/507 [=======>......................] - ETA: 1s - loss: 0.0380 - accuracy: 0.9878156/507 [========>.....................] - ETA: 1s - loss: 0.0384 - accuracy: 0.9877168/507 [========>.....................] - ETA: 1s - loss: 0.0389 - accuracy: 0.9874181/507 [=========>....................] - ETA: 1s - loss: 0.0389 - accuracy: 0.9874194/507 [==========>...................] - ETA: 1s - loss: 0.0387 - accuracy: 0.9874207/507 [===========>..................] - ETA: 1s - loss: 0.0385 - accuracy: 0.9874219/507 [===========>..................] - ETA: 1s - loss: 0.0380 - accuracy: 0.9874231/507 [============>.................] - ETA: 1s - loss: 0.0382 - accuracy: 0.9874243/507 [=============>................] - ETA: 1s - loss: 0.0397 - accuracy: 0.9871254/507 [==============>...............] - ETA: 1s - loss: 0.0395 - accuracy: 0.9873265/507 [==============>...............] - ETA: 1s - loss: 0.0391 - accuracy: 0.9873277/507 [===============>..............] - ETA: 1s - loss: 0.0392 - accuracy: 0.9872290/507 [================>.............] - ETA: 0s - loss: 0.0388 - accuracy: 0.9873302/507 [================>.............] - ETA: 0s - loss: 0.0385 - accuracy: 0.9874314/507 [=================>............] - ETA: 0s - loss: 0.0381 - accuracy: 0.9875327/507 [==================>...........] - ETA: 0s - loss: 0.0384 - accuracy: 0.9874340/507 [===================>..........] - ETA: 0s - loss: 0.0380 - accuracy: 0.9875352/507 [===================>..........] - ETA: 0s - loss: 0.0376 - accuracy: 0.9877364/507 [====================>.........] - ETA: 0s - loss: 0.0380 - accuracy: 0.9875376/507 [=====================>........] - ETA: 0s - loss: 0.0383 - accuracy: 0.9874388/507 [=====================>........] - ETA: 0s - loss: 0.0381 - accuracy: 0.9875400/507 [======================>.......] - ETA: 0s - loss: 0.0378 - accuracy: 0.9875412/507 [=======================>......] - ETA: 0s - loss: 0.0378 - accuracy: 0.9874424/507 [========================>.....] - ETA: 0s - loss: 0.0373 - accuracy: 0.9876436/507 [========================>.....] - ETA: 0s - loss: 0.0373 - accuracy: 0.9876448/507 [=========================>....] - ETA: 0s - loss: 0.0369 - accuracy: 0.9876460/507 [==========================>...] - ETA: 0s - loss: 0.0366 - accuracy: 0.9877472/507 [==========================>...] - ETA: 0s - loss: 0.0367 - accuracy: 0.9877484/507 [===========================>..] - ETA: 0s - loss: 0.0368 - accuracy: 0.9877496/507 [============================>.] - ETA: 0s - loss: 0.0368 - accuracy: 0.9877507/507 [==============================] - ETA: 0s - loss: 0.0367 - accuracy: 0.9876507/507 [==============================] - 3s 5ms/step - loss: 0.0367 - accuracy: 0.9876 - val_loss: 0.0178 - val_accuracy: 1.0000
[16:18:38] WARNING  tried to remove tensor: __opt_state_needed not present in the tensor dict                                                       utils.py:163
           WARNING  tried to remove tensor: __opt_state_needed not present in the tensor dict                                                       utils.py:163
           WARNING  tried to remove tensor: __opt_state_needed not present in the tensor dict                                                       utils.py:163
           METRIC   Round 3, collaborator env_one is sending metric for task train: train_acc       1.0                                      collaborator.py:365
           INFO     Waiting for tasks...                                                                                                     collaborator.py:153
           INFO     Received the following tasks: ['train']                                                                                  collaborator.py:118
           INFO     Using Interactive Python API                                                                                             collaborator.py:198
/opt/homebrew/Caskroom/miniforge/base/envs/openfl/lib/python3.8/site-packages/tensorflow/python/util/dispatch.py:1096: UserWarning: "`binary_crossentropy` received `from_logits=True`, but the `output` argument was produced by a sigmoid or softmax activation and thus does not represent logits. Was this intended?"
  return dispatch_target(*args, **kwargs)
  1/507 [..............................] - ETA: 1:14 - loss: 0.0058 - accuracy: 1.0000 12/507 [..............................] - ETA: 2s - loss: 0.0295 - accuracy: 0.9870   23/507 [>.............................] - ETA: 2s - loss: 0.0235 - accuracy: 0.9905 34/507 [=>............................] - ETA: 2s - loss: 0.0306 - accuracy: 0.9876 45/507 [=>............................] - ETA: 2s - loss: 0.0340 - accuracy: 0.9872 57/507 [==>...........................] - ETA: 2s - loss: 0.0361 - accuracy: 0.9866 69/507 [===>..........................] - ETA: 1s - loss: 0.0335 - accuracy: 0.9880 81/507 [===>..........................] - ETA: 1s - loss: 0.0357 - accuracy: 0.9878 90/507 [====>.........................] - ETA: 1s - loss: 0.0386 - accuracy: 0.9872102/507 [=====>........................] - ETA: 1s - loss: 0.0369 - accuracy: 0.9882114/507 [=====>........................] - ETA: 1s - loss: 0.0361 - accuracy: 0.9882125/507 [======>.......................] - ETA: 1s - loss: 0.0370 - accuracy: 0.9883136/507 [=======>......................] - ETA: 1s - loss: 0.0369 - accuracy: 0.9882148/507 [=======>......................] - ETA: 1s - loss: 0.0367 - accuracy: 0.9883160/507 [========>.....................] - ETA: 1s - loss: 0.0368 - accuracy: 0.9884172/507 [=========>....................] - ETA: 1s - loss: 0.0389 - accuracy: 0.9877184/507 [=========>....................] - ETA: 1s - loss: 0.0386 - accuracy: 0.9877196/507 [==========>...................] - ETA: 1s - loss: 0.0381 - accuracy: 0.9879207/507 [===========>..................] - ETA: 1s - loss: 0.0385 - accuracy: 0.9875219/507 [===========>..................] - ETA: 1s - loss: 0.0379 - accuracy: 0.9877231/507 [============>.................] - ETA: 1s - loss: 0.0381 - accuracy: 0.9876243/507 [=============>................] - ETA: 1s - loss: 0.0388 - accuracy: 0.9875255/507 [==============>...............] - ETA: 1s - loss: 0.0392 - accuracy: 0.9876267/507 [==============>...............] - ETA: 1s - loss: 0.0387 - accuracy: 0.9879279/507 [===============>..............] - ETA: 1s - loss: 0.0382 - accuracy: 0.9882291/507 [================>.............] - ETA: 0s - loss: 0.0388 - accuracy: 0.9880303/507 [================>.............] - ETA: 0s - loss: 0.0387 - accuracy: 0.9880315/507 [=================>............] - ETA: 0s - loss: 0.0380 - accuracy: 0.9882327/507 [==================>...........] - ETA: 0s - loss: 0.0378 - accuracy: 0.9883339/507 [===================>..........] - ETA: 0s - loss: 0.0375 - accuracy: 0.9883351/507 [===================>..........] - ETA: 0s - loss: 0.0370 - accuracy: 0.9884363/507 [====================>.........] - ETA: 0s - loss: 0.0375 - accuracy: 0.9883375/507 [=====================>........] - ETA: 0s - loss: 0.0371 - accuracy: 0.9883387/507 [=====================>........] - ETA: 0s - loss: 0.0368 - accuracy: 0.9883399/507 [======================>.......] - ETA: 0s - loss: 0.0368 - accuracy: 0.9883411/507 [=======================>......] - ETA: 0s - loss: 0.0366 - accuracy: 0.9882423/507 [========================>.....] - ETA: 0s - loss: 0.0374 - accuracy: 0.9879435/507 [========================>.....] - ETA: 0s - loss: 0.0368 - accuracy: 0.9881447/507 [=========================>....] - ETA: 0s - loss: 0.0370 - accuracy: 0.9880459/507 [==========================>...] - ETA: 0s - loss: 0.0368 - accuracy: 0.9881471/507 [==========================>...] - ETA: 0s - loss: 0.0366 - accuracy: 0.9880483/507 [===========================>..] - ETA: 0s - loss: 0.0369 - accuracy: 0.9879495/507 [============================>.] - ETA: 0s - loss: 0.0366 - accuracy: 0.9880507/507 [==============================] - ETA: 0s - loss: 0.0366 - accuracy: 0.9879WARNING:tensorflow:5 out of the last 9 calls to <function Model.make_test_function.<locals>.test_function at 0x2838f0a60> triggered tf.function retracing. Tracing is expensive and the excessive number of tracings could be due to (1) creating @tf.function repeatedly in a loop, (2) passing tensors with different shapes, (3) passing Python objects instead of tensors. For (1), please define your @tf.function outside of the loop. For (2), @tf.function has experimental_relax_shapes=True option that relaxes argument shapes that can avoid unnecessary retracing. For (3), please refer to https://www.tensorflow.org/guide/function#controlling_retracing and https://www.tensorflow.org/api_docs/python/tf/function for  more details.
[16:18:44] WARNING  5 out of the last 9 calls to <function Model.make_test_function.<locals>.test_function at 0x2838f0a60> triggered         def_function.py:150
                    tf.function retracing. Tracing is expensive and the excessive number of tracings could be due to (1) creating                               
                    @tf.function repeatedly in a loop, (2) passing tensors with different shapes, (3) passing Python objects instead of                         
                    tensors. For (1), please define your @tf.function outside of the loop. For (2), @tf.function has                                            
                    experimental_relax_shapes=True option that relaxes argument shapes that can avoid unnecessary retracing. For (3), please                    
                    refer to https://www.tensorflow.org/guide/function#controlling_retracing and                                                                
                    https://www.tensorflow.org/api_docs/python/tf/function for  more details.                                                                   
507/507 [==============================] - 3s 5ms/step - loss: 0.0366 - accuracy: 0.9879 - val_loss: 0.0045 - val_accuracy: 1.0000
           WARNING  tried to remove tensor: __opt_state_needed not present in the tensor dict                                                       utils.py:163
           WARNING  tried to remove tensor: __opt_state_needed not present in the tensor dict                                                       utils.py:163
           WARNING  tried to remove tensor: __opt_state_needed not present in the tensor dict                                                       utils.py:163
           METRIC   Round 4, collaborator env_one is sending metric for task train: train_acc       1.0                                      collaborator.py:365
           INFO     Waiting for tasks...                                                                                                     collaborator.py:153
[16:18:54] INFO     Waiting for tasks...                                                                                                     collaborator.py:153
[16:19:04] INFO     Waiting for tasks...                                                                                                     collaborator.py:153
           INFO     End of Federation reached. Exiting...                                                                                    collaborator.py:125
           INFO     Send WaitExperiment request                                                                                            director_client.py:72
           INFO     WaitExperiment response has received                                                                                   director_client.py:74

Aborted!
