[14:51:47] INFO     🧿 Starting the Envoy.                                                                                                           envoy.py:53
[14:51:50] INFO     Send report AcknowledgeShard                                                                                           director_client.py:56
           INFO     Shard accepted                                                                                                                  envoy.py:116
           INFO     The health check sender is started.                                                                                              envoy.py:87
           INFO     Send WaitExperiment request                                                                                            director_client.py:72
           INFO     WaitExperiment response has received                                                                                   director_client.py:74
[14:52:00] INFO     Request experiment mnist_experiment                                                                                    director_client.py:84
Requirement already satisfied: aiocache==0.11.1 in /opt/homebrew/Caskroom/miniforge/base/envs/openfl/lib/python3.8/site-packages (from -r /Users/gabrielemorello/PycharmProjects/Quantumacy1/openfl-develop/Chestscan/envoy_folder/mnist_experiment/requirements.txt (line 1)) (0.11.1)
Requirement already satisfied: aiomcache==0.7.0 in /opt/homebrew/Caskroom/miniforge/base/envs/openfl/lib/python3.8/site-packages (from -r /Users/gabrielemorello/PycharmProjects/Quantumacy1/openfl-develop/Chestscan/envoy_folder/mnist_experiment/requirements.txt (line 2)) (0.7.0)
Requirement already satisfied: aioredis==1.3.1 in /opt/homebrew/Caskroom/miniforge/base/envs/openfl/lib/python3.8/site-packages (from -r /Users/gabrielemorello/PycharmProjects/Quantumacy1/openfl-develop/Chestscan/envoy_folder/mnist_experiment/requirements.txt (line 3)) (1.3.1)
Requirement already satisfied: anyio==3.5.0 in /opt/homebrew/Caskroom/miniforge/base/envs/openfl/lib/python3.8/site-packages (from -r /Users/gabrielemorello/PycharmProjects/Quantumacy1/openfl-develop/Chestscan/envoy_folder/mnist_experiment/requirements.txt (line 4)) (3.5.0)
Requirement already satisfied: asgiref==3.5.0 in /opt/homebrew/Caskroom/miniforge/base/envs/openfl/lib/python3.8/site-packages (from -r /Users/gabrielemorello/PycharmProjects/Quantumacy1/openfl-develop/Chestscan/envoy_folder/mnist_experiment/requirements.txt (line 5)) (3.5.0)
Requirement already satisfied: astor==0.8.1 in /opt/homebrew/Caskroom/miniforge/base/envs/openfl/lib/python3.8/site-packages (from -r /Users/gabrielemorello/PycharmProjects/Quantumacy1/openfl-develop/Chestscan/envoy_folder/mnist_experiment/requirements.txt (line 6)) (0.8.1)
Requirement already satisfied: beautifulsoup4==4.10.0 in /opt/homebrew/Caskroom/miniforge/base/envs/openfl/lib/python3.8/site-packages (from -r /Users/gabrielemorello/PycharmProjects/Quantumacy1/openfl-develop/Chestscan/envoy_folder/mnist_experiment/requirements.txt (line 7)) (4.10.0)
Requirement already satisfied: blinker==1.4 in /opt/homebrew/Caskroom/miniforge/base/envs/openfl/lib/python3.8/site-packages (from -r /Users/gabrielemorello/PycharmProjects/Quantumacy1/openfl-develop/Chestscan/envoy_folder/mnist_experiment/requirements.txt (line 8)) (1.4)
Requirement already satisfied: certifi==2021.10.8 in /opt/homebrew/Caskroom/miniforge/base/envs/openfl/lib/python3.8/site-packages (from -r /Users/gabrielemorello/PycharmProjects/Quantumacy1/openfl-develop/Chestscan/envoy_folder/mnist_experiment/requirements.txt (line 9)) (2021.10.8)
Requirement already satisfied: commonmark==0.9.1 in /opt/homebrew/Caskroom/miniforge/base/envs/openfl/lib/python3.8/site-packages (from -r /Users/gabrielemorello/PycharmProjects/Quantumacy1/openfl-develop/Chestscan/envoy_folder/mnist_experiment/requirements.txt (line 10)) (0.9.1)
Requirement already satisfied: cycler==0.11.0 in /opt/homebrew/Caskroom/miniforge/base/envs/openfl/lib/python3.8/site-packages (from -r /Users/gabrielemorello/PycharmProjects/Quantumacy1/openfl-develop/Chestscan/envoy_folder/mnist_experiment/requirements.txt (line 11)) (0.11.0)
Requirement already satisfied: dill==0.3.4 in /opt/homebrew/Caskroom/miniforge/base/envs/openfl/lib/python3.8/site-packages (from -r /Users/gabrielemorello/PycharmProjects/Quantumacy1/openfl-develop/Chestscan/envoy_folder/mnist_experiment/requirements.txt (line 12)) (0.3.4)
Requirement already satisfied: dnspython==2.2.1 in /opt/homebrew/Caskroom/miniforge/base/envs/openfl/lib/python3.8/site-packages (from -r /Users/gabrielemorello/PycharmProjects/Quantumacy1/openfl-develop/Chestscan/envoy_folder/mnist_experiment/requirements.txt (line 13)) (2.2.1)
Requirement already satisfied: docker==5.0.3 in /opt/homebrew/Caskroom/miniforge/base/envs/openfl/lib/python3.8/site-packages (from -r /Users/gabrielemorello/PycharmProjects/Quantumacy1/openfl-develop/Chestscan/envoy_folder/mnist_experiment/requirements.txt (line 14)) (5.0.3)
Requirement already satisfied: email-validator==1.1.3 in /opt/homebrew/Caskroom/miniforge/base/envs/openfl/lib/python3.8/site-packages (from -r /Users/gabrielemorello/PycharmProjects/Quantumacy1/openfl-develop/Chestscan/envoy_folder/mnist_experiment/requirements.txt (line 15)) (1.1.3)
Requirement already satisfied: fastapi==0.75.0 in /opt/homebrew/Caskroom/miniforge/base/envs/openfl/lib/python3.8/site-packages (from -r /Users/gabrielemorello/PycharmProjects/Quantumacy1/openfl-develop/Chestscan/envoy_folder/mnist_experiment/requirements.txt (line 16)) (0.75.0)
Requirement already satisfied: filelock==3.4.2 in /opt/homebrew/Caskroom/miniforge/base/envs/openfl/lib/python3.8/site-packages (from -r /Users/gabrielemorello/PycharmProjects/Quantumacy1/openfl-develop/Chestscan/envoy_folder/mnist_experiment/requirements.txt (line 17)) (3.4.2)
Requirement already satisfied: flatten-json==0.1.13 in /opt/homebrew/Caskroom/miniforge/base/envs/openfl/lib/python3.8/site-packages (from -r /Users/gabrielemorello/PycharmProjects/Quantumacy1/openfl-develop/Chestscan/envoy_folder/mnist_experiment/requirements.txt (line 18)) (0.1.13)
Requirement already satisfied: fonttools==4.29.1 in /opt/homebrew/Caskroom/miniforge/base/envs/openfl/lib/python3.8/site-packages (from -r /Users/gabrielemorello/PycharmProjects/Quantumacy1/openfl-develop/Chestscan/envoy_folder/mnist_experiment/requirements.txt (line 19)) (4.29.1)
Requirement already satisfied: gdown==4.2.1 in /opt/homebrew/Caskroom/miniforge/base/envs/openfl/lib/python3.8/site-packages (from -r /Users/gabrielemorello/PycharmProjects/Quantumacy1/openfl-develop/Chestscan/envoy_folder/mnist_experiment/requirements.txt (line 20)) (4.2.1)
Requirement already satisfied: google-pasta==0.2.0 in /opt/homebrew/Caskroom/miniforge/base/envs/openfl/lib/python3.8/site-packages (from -r /Users/gabrielemorello/PycharmProjects/Quantumacy1/openfl-develop/Chestscan/envoy_folder/mnist_experiment/requirements.txt (line 21)) (0.2.0)
Requirement already satisfied: googleapis-common-protos==1.54.0 in /opt/homebrew/Caskroom/miniforge/base/envs/openfl/lib/python3.8/site-packages (from -r /Users/gabrielemorello/PycharmProjects/Quantumacy1/openfl-develop/Chestscan/envoy_folder/mnist_experiment/requirements.txt (line 22)) (1.54.0)
Requirement already satisfied: h11==0.13.0 in /opt/homebrew/Caskroom/miniforge/base/envs/openfl/lib/python3.8/site-packages (from -r /Users/gabrielemorello/PycharmProjects/Quantumacy1/openfl-develop/Chestscan/envoy_folder/mnist_experiment/requirements.txt (line 23)) (0.13.0)
Requirement already satisfied: hiredis==2.0.0 in /opt/homebrew/Caskroom/miniforge/base/envs/openfl/lib/python3.8/site-packages (from -r /Users/gabrielemorello/PycharmProjects/Quantumacy1/openfl-develop/Chestscan/envoy_folder/mnist_experiment/requirements.txt (line 24)) (2.0.0)
Requirement already satisfied: httptools==0.2.0 in /opt/homebrew/Caskroom/miniforge/base/envs/openfl/lib/python3.8/site-packages (from -r /Users/gabrielemorello/PycharmProjects/Quantumacy1/openfl-develop/Chestscan/envoy_folder/mnist_experiment/requirements.txt (line 25)) (0.2.0)
Requirement already satisfied: imageio==2.16.0 in /opt/homebrew/Caskroom/miniforge/base/envs/openfl/lib/python3.8/site-packages (from -r /Users/gabrielemorello/PycharmProjects/Quantumacy1/openfl-develop/Chestscan/envoy_folder/mnist_experiment/requirements.txt (line 26)) (2.16.0)
Requirement already satisfied: ipython-genutils==0.2.0 in /opt/homebrew/Caskroom/miniforge/base/envs/openfl/lib/python3.8/site-packages (from -r /Users/gabrielemorello/PycharmProjects/Quantumacy1/openfl-develop/Chestscan/envoy_folder/mnist_experiment/requirements.txt (line 27)) (0.2.0)
Requirement already satisfied: itsdangerous==2.1.2 in /opt/homebrew/Caskroom/miniforge/base/envs/openfl/lib/python3.8/site-packages (from -r /Users/gabrielemorello/PycharmProjects/Quantumacy1/openfl-develop/Chestscan/envoy_folder/mnist_experiment/requirements.txt (line 28)) (2.1.2)
Requirement already satisfied: keras==2.8.0 in /opt/homebrew/Caskroom/miniforge/base/envs/openfl/lib/python3.8/site-packages (from -r /Users/gabrielemorello/PycharmProjects/Quantumacy1/openfl-develop/Chestscan/envoy_folder/mnist_experiment/requirements.txt (line 29)) (2.8.0)
Requirement already satisfied: kiwisolver==1.3.2 in /opt/homebrew/Caskroom/miniforge/base/envs/openfl/lib/python3.8/site-packages (from -r /Users/gabrielemorello/PycharmProjects/Quantumacy1/openfl-develop/Chestscan/envoy_folder/mnist_experiment/requirements.txt (line 30)) (1.3.2)
Requirement already satisfied: libclang==13.0.0 in /opt/homebrew/Caskroom/miniforge/base/envs/openfl/lib/python3.8/site-packages (from -r /Users/gabrielemorello/PycharmProjects/Quantumacy1/openfl-develop/Chestscan/envoy_folder/mnist_experiment/requirements.txt (line 31)) (13.0.0)
Requirement already satisfied: matplotlib==3.5.1 in /opt/homebrew/Caskroom/miniforge/base/envs/openfl/lib/python3.8/site-packages (from -r /Users/gabrielemorello/PycharmProjects/Quantumacy1/openfl-develop/Chestscan/envoy_folder/mnist_experiment/requirements.txt (line 32)) (3.5.1)
Requirement already satisfied: msgpack==1.0.3 in /opt/homebrew/Caskroom/miniforge/base/envs/openfl/lib/python3.8/site-packages (from -r /Users/gabrielemorello/PycharmProjects/Quantumacy1/openfl-develop/Chestscan/envoy_folder/mnist_experiment/requirements.txt (line 33)) (1.0.3)
Requirement already satisfied: numpy==1.22.1 in /opt/homebrew/Caskroom/miniforge/base/envs/openfl/lib/python3.8/site-packages (from -r /Users/gabrielemorello/PycharmProjects/Quantumacy1/openfl-develop/Chestscan/envoy_folder/mnist_experiment/requirements.txt (line 34)) (1.22.1)
Requirement already satisfied: orjson==3.6.7 in /opt/homebrew/Caskroom/miniforge/base/envs/openfl/lib/python3.8/site-packages (from -r /Users/gabrielemorello/PycharmProjects/Quantumacy1/openfl-develop/Chestscan/envoy_folder/mnist_experiment/requirements.txt (line 35)) (3.6.7)
Requirement already satisfied: pandas==1.4.0 in /opt/homebrew/Caskroom/miniforge/base/envs/openfl/lib/python3.8/site-packages (from -r /Users/gabrielemorello/PycharmProjects/Quantumacy1/openfl-develop/Chestscan/envoy_folder/mnist_experiment/requirements.txt (line 36)) (1.4.0)
Requirement already satisfied: pandoc==2.0.1 in /opt/homebrew/Caskroom/miniforge/base/envs/openfl/lib/python3.8/site-packages (from -r /Users/gabrielemorello/PycharmProjects/Quantumacy1/openfl-develop/Chestscan/envoy_folder/mnist_experiment/requirements.txt (line 37)) (2.0.1)
Requirement already satisfied: Pillow==9.0.1 in /opt/homebrew/Caskroom/miniforge/base/envs/openfl/lib/python3.8/site-packages (from -r /Users/gabrielemorello/PycharmProjects/Quantumacy1/openfl-develop/Chestscan/envoy_folder/mnist_experiment/requirements.txt (line 38)) (9.0.1)
Requirement already satisfied: pip==22.0.3 in /opt/homebrew/Caskroom/miniforge/base/envs/openfl/lib/python3.8/site-packages (from -r /Users/gabrielemorello/PycharmProjects/Quantumacy1/openfl-develop/Chestscan/envoy_folder/mnist_experiment/requirements.txt (line 39)) (22.0.3)
Requirement already satisfied: plumbum==1.7.2 in /opt/homebrew/Caskroom/miniforge/base/envs/openfl/lib/python3.8/site-packages (from -r /Users/gabrielemorello/PycharmProjects/Quantumacy1/openfl-develop/Chestscan/envoy_folder/mnist_experiment/requirements.txt (line 40)) (1.7.2)
Requirement already satisfied: ply==3.11 in /opt/homebrew/Caskroom/miniforge/base/envs/openfl/lib/python3.8/site-packages (from -r /Users/gabrielemorello/PycharmProjects/Quantumacy1/openfl-develop/Chestscan/envoy_folder/mnist_experiment/requirements.txt (line 41)) (3.11)
Requirement already satisfied: promise==2.3 in /opt/homebrew/Caskroom/miniforge/base/envs/openfl/lib/python3.8/site-packages (from -r /Users/gabrielemorello/PycharmProjects/Quantumacy1/openfl-develop/Chestscan/envoy_folder/mnist_experiment/requirements.txt (line 42)) (2.3)
Requirement already satisfied: protobuf==3.19.4 in /opt/homebrew/Caskroom/miniforge/base/envs/openfl/lib/python3.8/site-packages (from -r /Users/gabrielemorello/PycharmProjects/Quantumacy1/openfl-develop/Chestscan/envoy_folder/mnist_experiment/requirements.txt (line 43)) (3.19.4)
Requirement already satisfied: pyarrow==6.0.1 in /opt/homebrew/Caskroom/miniforge/base/envs/openfl/lib/python3.8/site-packages (from -r /Users/gabrielemorello/PycharmProjects/Quantumacy1/openfl-develop/Chestscan/envoy_folder/mnist_experiment/requirements.txt (line 44)) (6.0.1)
Requirement already satisfied: pyasn1==0.4.8 in /opt/homebrew/Caskroom/miniforge/base/envs/openfl/lib/python3.8/site-packages (from -r /Users/gabrielemorello/PycharmProjects/Quantumacy1/openfl-develop/Chestscan/envoy_folder/mnist_experiment/requirements.txt (line 45)) (0.4.8)
Requirement already satisfied: pyasn1-modules==0.2.7 in /opt/homebrew/Caskroom/miniforge/base/envs/openfl/lib/python3.8/site-packages (from -r /Users/gabrielemorello/PycharmProjects/Quantumacy1/openfl-develop/Chestscan/envoy_folder/mnist_experiment/requirements.txt (line 46)) (0.2.7)
Requirement already satisfied: pydantic==1.9.0 in /opt/homebrew/Caskroom/miniforge/base/envs/openfl/lib/python3.8/site-packages (from -r /Users/gabrielemorello/PycharmProjects/Quantumacy1/openfl-develop/Chestscan/envoy_folder/mnist_experiment/requirements.txt (line 47)) (1.9.0)
Requirement already satisfied: python-dotenv==0.20.0 in /opt/homebrew/Caskroom/miniforge/base/envs/openfl/lib/python3.8/site-packages (from -r /Users/gabrielemorello/PycharmProjects/Quantumacy1/openfl-develop/Chestscan/envoy_folder/mnist_experiment/requirements.txt (line 48)) (0.20.0)
Requirement already satisfied: python-multipart==0.0.5 in /opt/homebrew/Caskroom/miniforge/base/envs/openfl/lib/python3.8/site-packages (from -r /Users/gabrielemorello/PycharmProjects/Quantumacy1/openfl-develop/Chestscan/envoy_folder/mnist_experiment/requirements.txt (line 49)) (0.0.5)
Requirement already satisfied: PyYAML==5.4.1 in /opt/homebrew/Caskroom/miniforge/base/envs/openfl/lib/python3.8/site-packages (from -r /Users/gabrielemorello/PycharmProjects/Quantumacy1/openfl-develop/Chestscan/envoy_folder/mnist_experiment/requirements.txt (line 50)) (5.4.1)
Requirement already satisfied: QKDSimkit==0.0.5 in /opt/homebrew/Caskroom/miniforge/base/envs/openfl/lib/python3.8/site-packages (from -r /Users/gabrielemorello/PycharmProjects/Quantumacy1/openfl-develop/Chestscan/envoy_folder/mnist_experiment/requirements.txt (line 51)) (0.0.5)
Requirement already satisfied: setuptools==60.7.1 in /opt/homebrew/Caskroom/miniforge/base/envs/openfl/lib/python3.8/site-packages (from -r /Users/gabrielemorello/PycharmProjects/Quantumacy1/openfl-develop/Chestscan/envoy_folder/mnist_experiment/requirements.txt (line 52)) (60.7.1)
Requirement already satisfied: sniffio==1.2.0 in /opt/homebrew/Caskroom/miniforge/base/envs/openfl/lib/python3.8/site-packages (from -r /Users/gabrielemorello/PycharmProjects/Quantumacy1/openfl-develop/Chestscan/envoy_folder/mnist_experiment/requirements.txt (line 53)) (1.2.0)
Requirement already satisfied: soupsieve==2.3.1 in /opt/homebrew/Caskroom/miniforge/base/envs/openfl/lib/python3.8/site-packages (from -r /Users/gabrielemorello/PycharmProjects/Quantumacy1/openfl-develop/Chestscan/envoy_folder/mnist_experiment/requirements.txt (line 54)) (2.3.1)
Requirement already satisfied: starlette==0.17.1 in /opt/homebrew/Caskroom/miniforge/base/envs/openfl/lib/python3.8/site-packages (from -r /Users/gabrielemorello/PycharmProjects/Quantumacy1/openfl-develop/Chestscan/envoy_folder/mnist_experiment/requirements.txt (line 55)) (0.17.1)
Requirement already satisfied: tensorboard==2.8.0 in /opt/homebrew/Caskroom/miniforge/base/envs/openfl/lib/python3.8/site-packages (from -r /Users/gabrielemorello/PycharmProjects/Quantumacy1/openfl-develop/Chestscan/envoy_folder/mnist_experiment/requirements.txt (line 56)) (2.8.0)
Requirement already satisfied: tensorflow-datasets==4.5.2 in /opt/homebrew/Caskroom/miniforge/base/envs/openfl/lib/python3.8/site-packages (from -r /Users/gabrielemorello/PycharmProjects/Quantumacy1/openfl-develop/Chestscan/envoy_folder/mnist_experiment/requirements.txt (line 57)) (4.5.2)
Requirement already satisfied: tensorflow-macos==2.8.0 in /opt/homebrew/Caskroom/miniforge/base/envs/openfl/lib/python3.8/site-packages (from -r /Users/gabrielemorello/PycharmProjects/Quantumacy1/openfl-develop/Chestscan/envoy_folder/mnist_experiment/requirements.txt (line 58)) (2.8.0)
Requirement already satisfied: tensorflow-metadata==1.6.0 in /opt/homebrew/Caskroom/miniforge/base/envs/openfl/lib/python3.8/site-packages (from -r /Users/gabrielemorello/PycharmProjects/Quantumacy1/openfl-develop/Chestscan/envoy_folder/mnist_experiment/requirements.txt (line 59)) (1.6.0)
Requirement already satisfied: tensorflow-metal==0.4.0 in /opt/homebrew/Caskroom/miniforge/base/envs/openfl/lib/python3.8/site-packages (from -r /Users/gabrielemorello/PycharmProjects/Quantumacy1/openfl-develop/Chestscan/envoy_folder/mnist_experiment/requirements.txt (line 60)) (0.4.0)
Requirement already satisfied: termcolor==1.1.0 in /opt/homebrew/Caskroom/miniforge/base/envs/openfl/lib/python3.8/site-packages (from -r /Users/gabrielemorello/PycharmProjects/Quantumacy1/openfl-develop/Chestscan/envoy_folder/mnist_experiment/requirements.txt (line 61)) (1.1.0)
Requirement already satisfied: tf-estimator-nightly==2.8.0.dev2021122109 in /opt/homebrew/Caskroom/miniforge/base/envs/openfl/lib/python3.8/site-packages (from -r /Users/gabrielemorello/PycharmProjects/Quantumacy1/openfl-develop/Chestscan/envoy_folder/mnist_experiment/requirements.txt (line 62)) (2.8.0.dev2021122109)
Requirement already satisfied: ujson==4.3.0 in /opt/homebrew/Caskroom/miniforge/base/envs/openfl/lib/python3.8/site-packages (from -r /Users/gabrielemorello/PycharmProjects/Quantumacy1/openfl-develop/Chestscan/envoy_folder/mnist_experiment/requirements.txt (line 63)) (4.3.0)
Requirement already satisfied: uvicorn==0.15.0 in /opt/homebrew/Caskroom/miniforge/base/envs/openfl/lib/python3.8/site-packages (from -r /Users/gabrielemorello/PycharmProjects/Quantumacy1/openfl-develop/Chestscan/envoy_folder/mnist_experiment/requirements.txt (line 64)) (0.15.0)
Requirement already satisfied: uvloop==0.16.0 in /opt/homebrew/Caskroom/miniforge/base/envs/openfl/lib/python3.8/site-packages (from -r /Users/gabrielemorello/PycharmProjects/Quantumacy1/openfl-develop/Chestscan/envoy_folder/mnist_experiment/requirements.txt (line 65)) (0.16.0)
Requirement already satisfied: watchgod==0.8.1 in /opt/homebrew/Caskroom/miniforge/base/envs/openfl/lib/python3.8/site-packages (from -r /Users/gabrielemorello/PycharmProjects/Quantumacy1/openfl-develop/Chestscan/envoy_folder/mnist_experiment/requirements.txt (line 66)) (0.8.1)
Requirement already satisfied: webencodings==0.5.1 in /opt/homebrew/Caskroom/miniforge/base/envs/openfl/lib/python3.8/site-packages (from -r /Users/gabrielemorello/PycharmProjects/Quantumacy1/openfl-develop/Chestscan/envoy_folder/mnist_experiment/requirements.txt (line 67)) (0.5.1)
Requirement already satisfied: websocket-client==1.2.3 in /opt/homebrew/Caskroom/miniforge/base/envs/openfl/lib/python3.8/site-packages (from -r /Users/gabrielemorello/PycharmProjects/Quantumacy1/openfl-develop/Chestscan/envoy_folder/mnist_experiment/requirements.txt (line 68)) (1.2.3)
Requirement already satisfied: websockets==10.2 in /opt/homebrew/Caskroom/miniforge/base/envs/openfl/lib/python3.8/site-packages (from -r /Users/gabrielemorello/PycharmProjects/Quantumacy1/openfl-develop/Chestscan/envoy_folder/mnist_experiment/requirements.txt (line 69)) (10.2)
Requirement already satisfied: wheel==0.37.1 in /opt/homebrew/Caskroom/miniforge/base/envs/openfl/lib/python3.8/site-packages (from -r /Users/gabrielemorello/PycharmProjects/Quantumacy1/openfl-develop/Chestscan/envoy_folder/mnist_experiment/requirements.txt (line 70)) (0.37.1)
Requirement already satisfied: async-timeout in /opt/homebrew/Caskroom/miniforge/base/envs/openfl/lib/python3.8/site-packages (from aioredis==1.3.1->-r /Users/gabrielemorello/PycharmProjects/Quantumacy1/openfl-develop/Chestscan/envoy_folder/mnist_experiment/requirements.txt (line 3)) (4.0.2)
Requirement already satisfied: idna>=2.8 in /opt/homebrew/Caskroom/miniforge/base/envs/openfl/lib/python3.8/site-packages (from anyio==3.5.0->-r /Users/gabrielemorello/PycharmProjects/Quantumacy1/openfl-develop/Chestscan/envoy_folder/mnist_experiment/requirements.txt (line 4)) (3.3)
Requirement already satisfied: requests!=2.18.0,>=2.14.2 in /opt/homebrew/Caskroom/miniforge/base/envs/openfl/lib/python3.8/site-packages (from docker==5.0.3->-r /Users/gabrielemorello/PycharmProjects/Quantumacy1/openfl-develop/Chestscan/envoy_folder/mnist_experiment/requirements.txt (line 14)) (2.27.1)
Requirement already satisfied: six in /opt/homebrew/Caskroom/miniforge/base/envs/openfl/lib/python3.8/site-packages (from flatten-json==0.1.13->-r /Users/gabrielemorello/PycharmProjects/Quantumacy1/openfl-develop/Chestscan/envoy_folder/mnist_experiment/requirements.txt (line 18)) (1.15.0)
Requirement already satisfied: tqdm in /opt/homebrew/Caskroom/miniforge/base/envs/openfl/lib/python3.8/site-packages (from gdown==4.2.1->-r /Users/gabrielemorello/PycharmProjects/Quantumacy1/openfl-develop/Chestscan/envoy_folder/mnist_experiment/requirements.txt (line 20)) (4.62.3)
Requirement already satisfied: packaging>=20.0 in /opt/homebrew/Caskroom/miniforge/base/envs/openfl/lib/python3.8/site-packages (from matplotlib==3.5.1->-r /Users/gabrielemorello/PycharmProjects/Quantumacy1/openfl-develop/Chestscan/envoy_folder/mnist_experiment/requirements.txt (line 32)) (21.3)
Requirement already satisfied: python-dateutil>=2.7 in /opt/homebrew/Caskroom/miniforge/base/envs/openfl/lib/python3.8/site-packages (from matplotlib==3.5.1->-r /Users/gabrielemorello/PycharmProjects/Quantumacy1/openfl-develop/Chestscan/envoy_folder/mnist_experiment/requirements.txt (line 32)) (2.8.2)
Requirement already satisfied: pyparsing>=2.2.1 in /opt/homebrew/Caskroom/miniforge/base/envs/openfl/lib/python3.8/site-packages (from matplotlib==3.5.1->-r /Users/gabrielemorello/PycharmProjects/Quantumacy1/openfl-develop/Chestscan/envoy_folder/mnist_experiment/requirements.txt (line 32)) (3.0.7)
Requirement already satisfied: pytz>=2020.1 in /opt/homebrew/Caskroom/miniforge/base/envs/openfl/lib/python3.8/site-packages (from pandas==1.4.0->-r /Users/gabrielemorello/PycharmProjects/Quantumacy1/openfl-develop/Chestscan/envoy_folder/mnist_experiment/requirements.txt (line 36)) (2021.3)
Requirement already satisfied: typing-extensions>=3.7.4.3 in /opt/homebrew/Caskroom/miniforge/base/envs/openfl/lib/python3.8/site-packages (from pydantic==1.9.0->-r /Users/gabrielemorello/PycharmProjects/Quantumacy1/openfl-develop/Chestscan/envoy_folder/mnist_experiment/requirements.txt (line 47)) (3.7.4.3)
Requirement already satisfied: cryptography in /opt/homebrew/Caskroom/miniforge/base/envs/openfl/lib/python3.8/site-packages (from QKDSimkit==0.0.5->-r /Users/gabrielemorello/PycharmProjects/Quantumacy1/openfl-develop/Chestscan/envoy_folder/mnist_experiment/requirements.txt (line 51)) (36.0.1)
Requirement already satisfied: tensorboard-plugin-wit>=1.6.0 in /opt/homebrew/Caskroom/miniforge/base/envs/openfl/lib/python3.8/site-packages (from tensorboard==2.8.0->-r /Users/gabrielemorello/PycharmProjects/Quantumacy1/openfl-develop/Chestscan/envoy_folder/mnist_experiment/requirements.txt (line 56)) (1.8.1)
Requirement already satisfied: absl-py>=0.4 in /opt/homebrew/Caskroom/miniforge/base/envs/openfl/lib/python3.8/site-packages (from tensorboard==2.8.0->-r /Users/gabrielemorello/PycharmProjects/Quantumacy1/openfl-develop/Chestscan/envoy_folder/mnist_experiment/requirements.txt (line 56)) (0.15.0)
Requirement already satisfied: google-auth-oauthlib<0.5,>=0.4.1 in /opt/homebrew/Caskroom/miniforge/base/envs/openfl/lib/python3.8/site-packages (from tensorboard==2.8.0->-r /Users/gabrielemorello/PycharmProjects/Quantumacy1/openfl-develop/Chestscan/envoy_folder/mnist_experiment/requirements.txt (line 56)) (0.4.6)
Requirement already satisfied: google-auth<3,>=1.6.3 in /opt/homebrew/Caskroom/miniforge/base/envs/openfl/lib/python3.8/site-packages (from tensorboard==2.8.0->-r /Users/gabrielemorello/PycharmProjects/Quantumacy1/openfl-develop/Chestscan/envoy_folder/mnist_experiment/requirements.txt (line 56)) (1.35.0)
Requirement already satisfied: werkzeug>=0.11.15 in /opt/homebrew/Caskroom/miniforge/base/envs/openfl/lib/python3.8/site-packages (from tensorboard==2.8.0->-r /Users/gabrielemorello/PycharmProjects/Quantumacy1/openfl-develop/Chestscan/envoy_folder/mnist_experiment/requirements.txt (line 56)) (2.0.2)
Requirement already satisfied: markdown>=2.6.8 in /opt/homebrew/Caskroom/miniforge/base/envs/openfl/lib/python3.8/site-packages (from tensorboard==2.8.0->-r /Users/gabrielemorello/PycharmProjects/Quantumacy1/openfl-develop/Chestscan/envoy_folder/mnist_experiment/requirements.txt (line 56)) (3.3.6)
Requirement already satisfied: tensorboard-data-server<0.7.0,>=0.6.0 in /opt/homebrew/Caskroom/miniforge/base/envs/openfl/lib/python3.8/site-packages (from tensorboard==2.8.0->-r /Users/gabrielemorello/PycharmProjects/Quantumacy1/openfl-develop/Chestscan/envoy_folder/mnist_experiment/requirements.txt (line 56)) (0.6.0)
Requirement already satisfied: grpcio>=1.24.3 in /opt/homebrew/Caskroom/miniforge/base/envs/openfl/lib/python3.8/site-packages (from tensorboard==2.8.0->-r /Users/gabrielemorello/PycharmProjects/Quantumacy1/openfl-develop/Chestscan/envoy_folder/mnist_experiment/requirements.txt (line 56)) (1.42.0)
Requirement already satisfied: importlib-resources in /opt/homebrew/Caskroom/miniforge/base/envs/openfl/lib/python3.8/site-packages (from tensorflow-datasets==4.5.2->-r /Users/gabrielemorello/PycharmProjects/Quantumacy1/openfl-develop/Chestscan/envoy_folder/mnist_experiment/requirements.txt (line 57)) (5.4.0)
Requirement already satisfied: h5py>=2.9.0 in /opt/homebrew/Caskroom/miniforge/base/envs/openfl/lib/python3.8/site-packages (from tensorflow-macos==2.8.0->-r /Users/gabrielemorello/PycharmProjects/Quantumacy1/openfl-develop/Chestscan/envoy_folder/mnist_experiment/requirements.txt (line 58)) (3.6.0)
Requirement already satisfied: gast>=0.2.1 in /opt/homebrew/Caskroom/miniforge/base/envs/openfl/lib/python3.8/site-packages (from tensorflow-macos==2.8.0->-r /Users/gabrielemorello/PycharmProjects/Quantumacy1/openfl-develop/Chestscan/envoy_folder/mnist_experiment/requirements.txt (line 58)) (0.4.0)
Requirement already satisfied: keras-preprocessing>=1.1.1 in /opt/homebrew/Caskroom/miniforge/base/envs/openfl/lib/python3.8/site-packages (from tensorflow-macos==2.8.0->-r /Users/gabrielemorello/PycharmProjects/Quantumacy1/openfl-develop/Chestscan/envoy_folder/mnist_experiment/requirements.txt (line 58)) (1.1.2)
Requirement already satisfied: opt-einsum>=2.3.2 in /opt/homebrew/Caskroom/miniforge/base/envs/openfl/lib/python3.8/site-packages (from tensorflow-macos==2.8.0->-r /Users/gabrielemorello/PycharmProjects/Quantumacy1/openfl-develop/Chestscan/envoy_folder/mnist_experiment/requirements.txt (line 58)) (3.3.0)
Requirement already satisfied: astunparse>=1.6.0 in /opt/homebrew/Caskroom/miniforge/base/envs/openfl/lib/python3.8/site-packages (from tensorflow-macos==2.8.0->-r /Users/gabrielemorello/PycharmProjects/Quantumacy1/openfl-develop/Chestscan/envoy_folder/mnist_experiment/requirements.txt (line 58)) (1.6.3)
Requirement already satisfied: flatbuffers>=1.12 in /opt/homebrew/Caskroom/miniforge/base/envs/openfl/lib/python3.8/site-packages (from tensorflow-macos==2.8.0->-r /Users/gabrielemorello/PycharmProjects/Quantumacy1/openfl-develop/Chestscan/envoy_folder/mnist_experiment/requirements.txt (line 58)) (1.12)
Requirement already satisfied: wrapt>=1.11.0 in /opt/homebrew/Caskroom/miniforge/base/envs/openfl/lib/python3.8/site-packages (from tensorflow-macos==2.8.0->-r /Users/gabrielemorello/PycharmProjects/Quantumacy1/openfl-develop/Chestscan/envoy_folder/mnist_experiment/requirements.txt (line 58)) (1.12.1)
Requirement already satisfied: click>=7.0 in /opt/homebrew/Caskroom/miniforge/base/envs/openfl/lib/python3.8/site-packages (from uvicorn==0.15.0->-r /Users/gabrielemorello/PycharmProjects/Quantumacy1/openfl-develop/Chestscan/envoy_folder/mnist_experiment/requirements.txt (line 64)) (8.0.3)
Requirement already satisfied: rsa<5,>=3.1.4 in /opt/homebrew/Caskroom/miniforge/base/envs/openfl/lib/python3.8/site-packages (from google-auth<3,>=1.6.3->tensorboard==2.8.0->-r /Users/gabrielemorello/PycharmProjects/Quantumacy1/openfl-develop/Chestscan/envoy_folder/mnist_experiment/requirements.txt (line 56)) (4.8)
Requirement already satisfied: cachetools<5.0,>=2.0.0 in /opt/homebrew/Caskroom/miniforge/base/envs/openfl/lib/python3.8/site-packages (from google-auth<3,>=1.6.3->tensorboard==2.8.0->-r /Users/gabrielemorello/PycharmProjects/Quantumacy1/openfl-develop/Chestscan/envoy_folder/mnist_experiment/requirements.txt (line 56)) (4.2.4)
Requirement already satisfied: requests-oauthlib>=0.7.0 in /opt/homebrew/Caskroom/miniforge/base/envs/openfl/lib/python3.8/site-packages (from google-auth-oauthlib<0.5,>=0.4.1->tensorboard==2.8.0->-r /Users/gabrielemorello/PycharmProjects/Quantumacy1/openfl-develop/Chestscan/envoy_folder/mnist_experiment/requirements.txt (line 56)) (1.3.1)
Requirement already satisfied: importlib-metadata>=4.4 in /opt/homebrew/Caskroom/miniforge/base/envs/openfl/lib/python3.8/site-packages (from markdown>=2.6.8->tensorboard==2.8.0->-r /Users/gabrielemorello/PycharmProjects/Quantumacy1/openfl-develop/Chestscan/envoy_folder/mnist_experiment/requirements.txt (line 56)) (4.10.1)
Requirement already satisfied: urllib3<1.27,>=1.21.1 in /opt/homebrew/Caskroom/miniforge/base/envs/openfl/lib/python3.8/site-packages (from requests!=2.18.0,>=2.14.2->docker==5.0.3->-r /Users/gabrielemorello/PycharmProjects/Quantumacy1/openfl-develop/Chestscan/envoy_folder/mnist_experiment/requirements.txt (line 14)) (1.26.8)
Requirement already satisfied: charset-normalizer~=2.0.0 in /opt/homebrew/Caskroom/miniforge/base/envs/openfl/lib/python3.8/site-packages (from requests!=2.18.0,>=2.14.2->docker==5.0.3->-r /Users/gabrielemorello/PycharmProjects/Quantumacy1/openfl-develop/Chestscan/envoy_folder/mnist_experiment/requirements.txt (line 14)) (2.0.11)
Requirement already satisfied: cffi>=1.12 in /opt/homebrew/Caskroom/miniforge/base/envs/openfl/lib/python3.8/site-packages (from cryptography->QKDSimkit==0.0.5->-r /Users/gabrielemorello/PycharmProjects/Quantumacy1/openfl-develop/Chestscan/envoy_folder/mnist_experiment/requirements.txt (line 51)) (1.15.0)
Requirement already satisfied: jinja2<4.0.0,>=2.11.2 in /opt/homebrew/Caskroom/miniforge/base/envs/openfl/lib/python3.8/site-packages (from fastapi==0.75.0->-r /Users/gabrielemorello/PycharmProjects/Quantumacy1/openfl-develop/Chestscan/envoy_folder/mnist_experiment/requirements.txt (line 16)) (3.0.3)
Requirement already satisfied: zipp>=3.1.0 in /opt/homebrew/Caskroom/miniforge/base/envs/openfl/lib/python3.8/site-packages (from importlib-resources->tensorflow-datasets==4.5.2->-r /Users/gabrielemorello/PycharmProjects/Quantumacy1/openfl-develop/Chestscan/envoy_folder/mnist_experiment/requirements.txt (line 57)) (3.7.0)
Requirement already satisfied: PySocks!=1.5.7,>=1.5.6 in /opt/homebrew/Caskroom/miniforge/base/envs/openfl/lib/python3.8/site-packages (from requests!=2.18.0,>=2.14.2->docker==5.0.3->-r /Users/gabrielemorello/PycharmProjects/Quantumacy1/openfl-develop/Chestscan/envoy_folder/mnist_experiment/requirements.txt (line 14)) (1.7.1)
Requirement already satisfied: pycparser in /opt/homebrew/Caskroom/miniforge/base/envs/openfl/lib/python3.8/site-packages (from cffi>=1.12->cryptography->QKDSimkit==0.0.5->-r /Users/gabrielemorello/PycharmProjects/Quantumacy1/openfl-develop/Chestscan/envoy_folder/mnist_experiment/requirements.txt (line 51)) (2.21)
Requirement already satisfied: MarkupSafe>=2.0 in /opt/homebrew/Caskroom/miniforge/base/envs/openfl/lib/python3.8/site-packages (from jinja2<4.0.0,>=2.11.2->fastapi==0.75.0->-r /Users/gabrielemorello/PycharmProjects/Quantumacy1/openfl-develop/Chestscan/envoy_folder/mnist_experiment/requirements.txt (line 16)) (2.0.1)
Requirement already satisfied: oauthlib>=3.0.0 in /opt/homebrew/Caskroom/miniforge/base/envs/openfl/lib/python3.8/site-packages (from requests-oauthlib>=0.7.0->google-auth-oauthlib<0.5,>=0.4.1->tensorboard==2.8.0->-r /Users/gabrielemorello/PycharmProjects/Quantumacy1/openfl-develop/Chestscan/envoy_folder/mnist_experiment/requirements.txt (line 56)) (3.2.0)
[14:52:02] INFO     FL-Plan hash is cb2b58f99f70066bfd63cad085340da1bbd8342f74170643df6f642cf1ebea122e0a34ede65a184965730ea7d99a848b                 plan.py:231
           INFO     FL-Plan hash is cb2b58f99f70066bfd63cad085340da1bbd8342f74170643df6f642cf1ebea122e0a34ede65a184965730ea7d99a848b                 plan.py:231
           INFO     Parsing Federated Learning Plan : SUCCESS : plan/plan.yaml.                                                                      plan.py:141
           INFO     aggregator:                                                                                                                      plan.py:145
                      settings:                                                                                                                                 
                        best_state_path: save/best.pbuf                                                                                                         
                        db_store_rounds: 1                                                                                                                      
                        init_state_path: save/init.pbuf                                                                                                         
                        last_state_path: save/last.pbuf                                                                                                         
                        rounds_to_train: 5                                                                                                                      
                      template: openfl.component.Aggregator                                                                                                     
                    api_layer:                                                                                                                                  
                      required_plugin_components:                                                                                                               
                        serializer_plugin: openfl.plugins.interface_serializer.cloudpickle_serializer.CloudpickleSerializer                                     
                      settings:                                                                                                                                 
                        dataloader_interface_file: loader_obj.pkl                                                                                               
                        model_interface_file: model_obj.pkl                                                                                                     
                        tasks_interface_file: tasks_obj.pkl                                                                                                     
                    assigner:                                                                                                                                   
                      settings:                                                                                                                                 
                        task_groups:                                                                                                                            
                        - name: train_and_validate                                                                                                              
                          percentage: 1.0                                                                                                                       
                          tasks:                                                                                                                                
                          - train                                                                                                                               
                      template: openfl.component.RandomGroupedAssigner                                                                                          
                    collaborator:                                                                                                                               
                      settings:                                                                                                                                 
                        db_store_rounds: 1                                                                                                                      
                        delta_updates: false                                                                                                                    
                        opt_treatment: CONTINUE_GLOBAL                                                                                                          
                      template: openfl.component.Collaborator                                                                                                   
                    data_loader:                                                                                                                                
                      settings:                                                                                                                                 
                        train_bs: 64                                                                                                                            
                        valid_bs: 64                                                                                                                            
                      template: openfl.federated.DataLoader                                                                                                     
                    network:                                                                                                                                    
                      settings:                                                                                                                                 
                        agg_addr: localhost                                                                                                                     
                        agg_port: 3002                                                                                                                          
                        cert_folder: cert                                                                                                                       
                        client_reconnect_interval: 5                                                                                                            
                        disable_client_auth: false                                                                                                              
                        hash_salt: auto                                                                                                                         
                        tls: false                                                                                                                              
                      template: openfl.federation.Network                                                                                                       
                    task_runner:                                                                                                                                
                      required_plugin_components:                                                                                                               
                        framework_adapters: openfl.plugins.frameworks_adapters.keras_adapter.FrameworkAdapterPlugin                                             
                      settings: {}                                                                                                                              
                      template: openfl.federated.task.task_runner.CoreTaskRunner                                                                                
                    tasks:                                                                                                                                      
                      settings: {}                                                                                                                              
                      train:                                                                                                                                    
                        function: train                                                                                                                         
                        kwargs: {}                                                                                                                              
                                                                                                                                                                
Data = {}
           INFO     🧿 Starting a Collaborator Service.                                                                                             envoy.py:101
           INFO     Building 🡆 Object CloudpickleSerializer from openfl.plugins.interface_serializer.cloudpickle_serializer Module.                  plan.py:170
           INFO     Settings 🡆 {}                                                                                                                    plan.py:173
           INFO     Override 🡆 {}                                                                                                                    plan.py:175
Metal device set to: Apple M1 Pro

systemMemory: 16.00 GB
maxCacheSize: 5.33 GB

           INFO     Building 🡆 Object CoreTaskRunner from openfl.federated.task.task_runner Module.                                                  plan.py:170
           INFO     Settings 🡆 {}                                                                                                                    plan.py:173
           INFO     Override 🡆 {'required_plugin_components': {'framework_adapters':                                                                 plan.py:175
                    'openfl.plugins.frameworks_adapters.keras_adapter.FrameworkAdapterPlugin'}}                                                                 
           INFO     Building 🡆 Object FrameworkAdapterPlugin from openfl.plugins.frameworks_adapters.keras_adapter Module.                           plan.py:170
           INFO     Settings 🡆 {}                                                                                                                    plan.py:173
           INFO     Override 🡆 {}                                                                                                                    plan.py:175
           WARNING  tried to remove tensor: __opt_state_needed not present in the tensor dict                                                       utils.py:163
           INFO     Building 🡆 Object NoCompressionPipeline from openfl.pipelines Module.                                                            plan.py:170
           INFO     Settings 🡆 {}                                                                                                                    plan.py:173
           INFO     Override 🡆 {}                                                                                                                    plan.py:175
           INFO     Building 🡆 Object Collaborator from openfl.component Module.                                                                     plan.py:170
           INFO     Settings 🡆 {'db_store_rounds': 1, 'delta_updates': False, 'opt_treatment': 'CONTINUE_GLOBAL', 'collaborator_name': 'env_one',    plan.py:173
                    'aggregator_uuid': 'aggregator_plan.yaml_cb2b58f9', 'federation_uuid': 'plan.yaml_cb2b58f9', 'task_runner':                                 
                    <openfl.federated.task.task_runner.CoreTaskRunner object at 0x16a336580>, 'compression_pipeline':                                           
                    <openfl.pipelines.no_compression_pipeline.NoCompressionPipeline object at 0x16a57cfd0>, 'task_config': {'settings': {}, 'train':            
                    {'function': 'train', 'kwargs': {}}}, 'client': <openfl.transport.grpc.client.CollaboratorGRPCClient object at 0x16a5b3c40>}                
           INFO     Override 🡆 {}                                                                                                                    plan.py:175
           INFO     Waiting for tasks...                                                                                                     collaborator.py:153
           INFO     asking key                                                                                                                     client.py:288
           INFO     getting key                                                                                                                    client.py:290
           ERROR    Collaborator failed with error: [Errno 61] Connection refused:                                                                   envoy.py:69
                    Traceback (most recent call last):                                                                                                          
                      File "/opt/homebrew/Caskroom/miniforge/base/envs/openfl/lib/python3.8/site-packages/openfl/component/envoy/envoy.py", line 67,            
                    in run                                                                                                                                      
                        self._run_collaborator()                                                                                                                
                      File "/opt/homebrew/Caskroom/miniforge/base/envs/openfl/lib/python3.8/site-packages/openfl/component/envoy/envoy.py", line                
                    105, in _run_collaborator                                                                                                                   
                        col.run()                                                                                                                               
                      File                                                                                                                                      
                    "/opt/homebrew/Caskroom/miniforge/base/envs/openfl/lib/python3.8/site-packages/openfl/component/collaborator/collaborator.py",              
                    line 112, in run                                                                                                                            
                        tasks, round_number, sleep_time, time_to_quit = self.get_tasks()                                                                        
                      File                                                                                                                                      
                    "/opt/homebrew/Caskroom/miniforge/base/envs/openfl/lib/python3.8/site-packages/openfl/component/collaborator/collaborator.py",              
                    line 154, in get_tasks                                                                                                                      
                        tasks, round_number, sleep_time, time_to_quit = self.client.get_tasks(                                                                  
                      File "/opt/homebrew/Caskroom/miniforge/base/envs/openfl/lib/python3.8/site-packages/openfl/transport/grpc/client.py", line 95,            
                    in wrapper                                                                                                                                  
                        response = func(self, *args, **kwargs)                                                                                                  
                      File "/opt/homebrew/Caskroom/miniforge/base/envs/openfl/lib/python3.8/site-packages/openfl/transport/grpc/client.py", line                
                    302, in get_tasks                                                                                                                           
                        self.signal_key(collaborator_name)                                                                                                      
                      File "/opt/homebrew/Caskroom/miniforge/base/envs/openfl/lib/python3.8/site-packages/openfl/transport/grpc/client.py", line                
                    291, in signal_key                                                                                                                          
                        self.cypher = Fernet(self.get_key(collaborator_name).encode())                                                                          
                      File "/opt/homebrew/Caskroom/miniforge/base/envs/openfl/lib/python3.8/site-packages/openfl/transport/grpc/client.py", line                
                    277, in get_key                                                                                                                             
                        conn.request("GET", "/test?ID=" + id)                                                                                                   
                      File "/opt/homebrew/Caskroom/miniforge/base/envs/openfl/lib/python3.8/http/client.py", line 1256, in request                              
                        self._send_request(method, url, body, headers, encode_chunked)                                                                          
                      File "/opt/homebrew/Caskroom/miniforge/base/envs/openfl/lib/python3.8/http/client.py", line 1302, in _send_request                        
                        self.endheaders(body, encode_chunked=encode_chunked)                                                                                    
                      File "/opt/homebrew/Caskroom/miniforge/base/envs/openfl/lib/python3.8/http/client.py", line 1251, in endheaders                           
                        self._send_output(message_body, encode_chunked=encode_chunked)                                                                          
                      File "/opt/homebrew/Caskroom/miniforge/base/envs/openfl/lib/python3.8/http/client.py", line 1011, in _send_output                         
                        self.send(msg)                                                                                                                          
                      File "/opt/homebrew/Caskroom/miniforge/base/envs/openfl/lib/python3.8/http/client.py", line 951, in send                                  
                        self.connect()                                                                                                                          
                      File "/opt/homebrew/Caskroom/miniforge/base/envs/openfl/lib/python3.8/http/client.py", line 922, in connect                               
                        self.sock = self._create_connection(                                                                                                    
                      File "/opt/homebrew/Caskroom/miniforge/base/envs/openfl/lib/python3.8/socket.py", line 808, in create_connection                          
                        raise err                                                                                                                               
                      File "/opt/homebrew/Caskroom/miniforge/base/envs/openfl/lib/python3.8/socket.py", line 796, in create_connection                          
                        sock.connect(sa)                                                                                                                        
                    ConnectionRefusedError: [Errno 61] Connection refused                                                                                       
           INFO     Send WaitExperiment request                                                                                            director_client.py:72
           INFO     WaitExperiment response has received                                                                                   director_client.py:74
[16:48:58] ERROR    Failed to get experiment: <_MultiThreadedRendezvous of RPC that terminated with:                                                 envoy.py:58
                            status = StatusCode.UNAVAILABLE                                                                                                     
                            details = "Socket closed"                                                                                                           
                            debug_error_string = "{"created":"@1648738138.294322000","description":"Error received from peer                                    
                    ipv6:[::1]:50051","file":"src/core/lib/surface/call.cc","file_line":1064,"grpc_message":"Socket closed","grpc_status":14}"                  
                    >                                                                                                                                           
                    Traceback (most recent call last):                                                                                                          
                      File "/opt/homebrew/Caskroom/miniforge/base/envs/openfl/lib/python3.8/site-packages/openfl/component/envoy/envoy.py", line 55,            
                    in run                                                                                                                                      
                        experiment_name = self.director_client.wait_experiment()                                                                                
                      File "/opt/homebrew/Caskroom/miniforge/base/envs/openfl/lib/python3.8/site-packages/openfl/transport/grpc/director_client.py",            
                    line 75, in wait_experiment                                                                                                                 
                        response = next(response_iter)                                                                                                          
                      File "/opt/homebrew/Caskroom/miniforge/base/envs/openfl/lib/python3.8/site-packages/grpc/_channel.py", line 426, in __next__              
                        return self._next()                                                                                                                     
                      File "/opt/homebrew/Caskroom/miniforge/base/envs/openfl/lib/python3.8/site-packages/grpc/_channel.py", line 826, in _next                 
                        raise self                                                                                                                              
                    grpc._channel._MultiThreadedRendezvous: <_MultiThreadedRendezvous of RPC that terminated with:                                              
                            status = StatusCode.UNAVAILABLE                                                                                                     
                            details = "Socket closed"                                                                                                           
                            debug_error_string = "{"created":"@1648738138.294322000","description":"Error received from peer                                    
                    ipv6:[::1]:50051","file":"src/core/lib/surface/call.cc","file_line":1064,"grpc_message":"Socket closed","grpc_status":14}"                  
                    >                                                                                                                                           

Aborted!
