{'env_one': {'shard_info': node_info {
  name: "env_one"
}
shard_description: "Mnist dataset, shard number 1 out of 2"
sample_shape: "128"
sample_shape: "128"
sample_shape: "1"
target_shape: "1"
, 'is_online': True, 'is_experiment_running': False, 'last_updated': '2022-03-31 14:51:50', 'current_time': '2022-03-31 14:51:58', 'valid_duration': seconds: 120
}}
2022-03-31 14:52:00.329328: I tensorflow/core/common_runtime/pluggable_device/pluggable_device_factory.cc:305] Could not identify NUMA node of platform GPU ID 0, defaulting to 0. Your kernel may not have been built with NUMA support.
2022-03-31 14:52:00.329727: I tensorflow/core/common_runtime/pluggable_device/pluggable_device_factory.cc:271] Created TensorFlow device (/job:localhost/replica:0/task:0/device:GPU:0 with 0 MB memory) -> physical PluggableDevice (device: 0, name: METAL, pci bus id: <undefined>)
Metal device set to: Apple M1 Pro

systemMemory: 16.00 GB
maxCacheSize: 5.33 GB

[14:52:00] INFO     Building 🡆 Object CloudpickleSerializer from openfl.plugins.interface_serializer.cloudpickle_serializer Module.                  plan.py:170
           INFO     Settings 🡆 {}                                                                                                                    plan.py:173
           INFO     Override 🡆 {}                                                                                                                    plan.py:175
           INFO     Building 🡆 Object FrameworkAdapterPlugin from openfl.plugins.frameworks_adapters.keras_adapter Module.                           plan.py:170
           INFO     Settings 🡆 {}                                                                                                                    plan.py:173
           INFO     Override 🡆 {}                                                                                                                    plan.py:175
/opt/homebrew/Caskroom/miniforge/base/envs/openfl/lib/python3.8/site-packages/_distutils_hack/__init__.py:30: UserWarning: Setuptools is replacing distutils.
  warnings.warn("Setuptools is replacing distutils.")
           INFO     Starting experiment!                                                                                                       experiment.py:155
           INFO     FL-Plan hash is cb2b58f99f70066bfd63cad085340da1bbd8342f74170643df6f642cf1ebea122e0a34ede65a184965730ea7d99a848b                 plan.py:231
           INFO     FL-Plan hash is cb2b58f99f70066bfd63cad085340da1bbd8342f74170643df6f642cf1ebea122e0a34ede65a184965730ea7d99a848b                 plan.py:231
           INFO     Building 🡆 Object CoreTaskRunner from openfl.federated.task.task_runner Module.                                                  plan.py:170
           INFO     Settings 🡆 {}                                                                                                                    plan.py:173
           INFO     Override 🡆 {'required_plugin_components': {'framework_adapters':                                                                 plan.py:175
                    'openfl.plugins.frameworks_adapters.keras_adapter.FrameworkAdapterPlugin'}}                                                                 
           INFO     Building 🡆 Object FrameworkAdapterPlugin from openfl.plugins.frameworks_adapters.keras_adapter Module.                           plan.py:170
           INFO     Settings 🡆 {}                                                                                                                    plan.py:173
           INFO     Override 🡆 {}                                                                                                                    plan.py:175
           WARNING  tried to remove tensor: __opt_state_needed not present in the tensor dict                                                       utils.py:163
           WARNING  tried to remove tensor: __opt_state_needed not present in the tensor dict                                                       utils.py:163
           INFO     SetNewExperiment                                                                                                      director_client.py:166
           INFO     Experiment was accepted and launched.                                                                                      experiment.py:169
Traceback (most recent call last):
  File "/Users/gabrielemorello/PycharmProjects/Quantumacy1/openfl-develop/Chestscan/workspace/Py_MNIST.py", line 201, in <module>
    fl_experiment.stream_metrics()
  File "/opt/homebrew/Caskroom/miniforge/base/envs/openfl/lib/python3.8/site-packages/openfl/interface/interactive_api/experiment.py", line 89, in stream_metrics
    for metric_message_dict in self.federation.dir_client.stream_metrics(self.experiment_name):
  File "/opt/homebrew/Caskroom/miniforge/base/envs/openfl/lib/python3.8/site-packages/openfl/transport/grpc/director_client.py", line 227, in stream_metrics
    for metric_message in self.stub.StreamMetrics(request):
  File "/opt/homebrew/Caskroom/miniforge/base/envs/openfl/lib/python3.8/site-packages/grpc/_channel.py", line 426, in __next__
    return self._next()
  File "/opt/homebrew/Caskroom/miniforge/base/envs/openfl/lib/python3.8/site-packages/grpc/_channel.py", line 826, in _next
    raise self
grpc._channel._MultiThreadedRendezvous: <_MultiThreadedRendezvous of RPC that terminated with:
	status = StatusCode.UNAVAILABLE
	details = "Socket closed"
	debug_error_string = "{"created":"@1648738138.294356000","description":"Error received from peer ipv6:[::1]:50051","file":"src/core/lib/surface/call.cc","file_line":1064,"grpc_message":"Socket closed","grpc_status":14}"
>
